[ 2019-10-18T10:18:05+08:00 ] ::1 /WebHome/Public/js/jquery.metisMenu.js
ERR: 无法加载模块:Public

[ 2019-10-18T10:18:05+08:00 ] ::1 /WebHome/Public/js/jquery.metisMenu.js
ERR: 无法加载模块:Public

[ 2019-10-18T10:49:43+08:00 ] ::1 /WebHome/Public/js/jquery.metisMenu.js
ERR: 无法加载模块:Public

[ 2019-10-18T11:22:58+08:00 ] ::1 /WebHome/Public/js/jquery.metisMenu.js
ERR: 无法加载模块:Public

[ 2019-10-18T11:24:30+08:00 ] ::1 /WebHome/Public/js/jquery.metisMenu.js
ERR: 无法加载模块:Public

[ 2019-10-18T11:24:30+08:00 ] ::1 /WebHome/Public/js/jquery.metisMenu.js
ERR: 无法加载模块:Public

[ 2019-10-18T11:27:46+08:00 ] ::1 /WebHome/Public/js/jquery.metisMenu.js
ERR: 无法加载模块:Public

[ 2019-10-18T11:28:22+08:00 ] ::1 /WebHome/Public/js/jquery.metisMenu.js
ERR: 无法加载模块:Public

[ 2019-10-18T11:28:34+08:00 ] ::1 /WebHome/Public/js/jquery.metisMenu.js
ERR: 无法加载模块:Public

[ 2019-10-18T11:28:34+08:00 ] ::1 /WebHome/Public/js/jquery.metisMenu.js
ERR: 无法加载模块:Public

[ 2019-10-18T11:34:21+08:00 ] ::1 /WebHome/Public/js/jquery.metisMenu.js
ERR: 无法加载模块:Public

[ 2019-10-18T11:34:53+08:00 ] ::1 /WebHome/Public/js/jquery.metisMenu.js
ERR: 无法加载模块:Public

[ 2019-10-18T11:46:16+08:00 ] ::1 /WebHome/Public/js/jquery.metisMenu.js
ERR: 无法加载模块:Public

[ 2019-10-18T11:49:11+08:00 ] ::1 /WebHome/Public/js/jquery.metisMenu.js
ERR: 无法加载模块:Public

[ 2019-10-18T11:50:32+08:00 ] ::1 /WebHome/Public/js/jquery.metisMenu.js
ERR: 无法加载模块:Public

[ 2019-10-18T11:50:32+08:00 ] ::1 /WebHome/Public/js/jquery.metisMenu.js
ERR: 无法加载模块:Public

[ 2019-10-18T11:50:33+08:00 ] ::1 /WebHome/Public/images/icon2.jpg
ERR: 无法加载模块:Public

[ 2019-10-18T11:50:51+08:00 ] ::1 /WebHome/Public/js/jquery.metisMenu.js
ERR: 无法加载模块:Public

[ 2019-10-18T11:51:11+08:00 ] ::1 /WebHome/Public/js/jquery.metisMenu.js
ERR: 无法加载模块:Public

[ 2019-10-18T11:59:26+08:00 ] ::1 /WebHome/Public/js/jquery.metisMenu.js
ERR: 无法加载模块:Public

[ 2019-10-18T12:03:32+08:00 ] ::1 /WebHome/Public/js/jquery.metisMenu.js
ERR: 无法加载模块:Public

[ 2019-10-18T12:03:45+08:00 ] ::1 /WebHome/Public/js/jquery.metisMenu.js
ERR: 无法加载模块:Public

[ 2019-10-18T12:03:51+08:00 ] ::1 /WebHome/Public/js/jquery.metisMenu.js
ERR: 无法加载模块:Public

[ 2019-10-18T12:06:02+08:00 ] ::1 /WebHome/Public/js/jquery.metisMenu.js
ERR: 无法加载模块:Public

[ 2019-10-18T12:06:05+08:00 ] ::1 /WebHome/Public/js/jquery.metisMenu.js
ERR: 无法加载模块:Public

[ 2019-10-18T12:06:13+08:00 ] ::1 /WebHome/Public/js/jquery.metisMenu.js
ERR: 无法加载模块:Public

[ 2019-10-18T12:08:24+08:00 ] ::1 /WebHome/Public/js/jquery.metisMenu.js
ERR: 无法加载模块:Public

[ 2019-10-18T12:09:50+08:00 ] ::1 /WebHome/Public/js/jquery.metisMenu.js
ERR: 无法加载模块:Public

[ 2019-10-18T12:09:50+08:00 ] ::1 /WebHome/Public/js/jquery.metisMenu.js
ERR: 无法加载模块:Public

[ 2019-10-18T13:51:14+08:00 ] ::1 /WebHome/Public/js/jquery.metisMenu.js
ERR: 无法加载模块:Public

[ 2019-10-18T13:55:11+08:00 ] ::1 /WebHome/Public/js/jquery.metisMenu.js
ERR: 无法加载模块:Public

[ 2019-10-18T13:55:43+08:00 ] ::1 /WebHome/Public/js/jquery.metisMenu.js
ERR: 无法加载模块:Public

[ 2019-10-18T13:57:43+08:00 ] ::1 /WebHome/Public/js/jquery.metisMenu.js
ERR: 无法加载模块:Public

[ 2019-10-18T13:58:13+08:00 ] ::1 /WebHome/Public/js/jquery.metisMenu.js
ERR: 无法加载模块:Public

[ 2019-10-18T14:00:00+08:00 ] ::1 /WebHome/Public/js/jquery.metisMenu.js
ERR: 无法加载模块:Public

[ 2019-10-18T14:00:17+08:00 ] ::1 /WebHome/index.php/WebHome/index.php/Admin/HighLevel/lists.html.html
ERR: 无法加载模块:WebHome

[ 2019-10-18T14:00:46+08:00 ] ::1 /WebHome/Public/js/jquery.metisMenu.js
ERR: 无法加载模块:Public

[ 2019-10-18T14:00:46+08:00 ] ::1 /WebHome/Public/js/jquery.metisMenu.js
ERR: 无法加载模块:Public

[ 2019-10-18T14:12:46+08:00 ] ::1 /WebHome/Public/js/jquery.metisMenu.js
ERR: 无法加载模块:Public

[ 2019-10-18T14:13:20+08:00 ] ::1 /WebHome/Public/js/jquery.metisMenu.js
ERR: 无法加载模块:Public

[ 2019-10-18T14:16:02+08:00 ] ::1 /WebHome/Public/js/jquery.metisMenu.js
ERR: 无法加载模块:Public

[ 2019-10-18T14:16:05+08:00 ] ::1 /WebHome/Public/js/jquery.metisMenu.js
ERR: 无法加载模块:Public

[ 2019-10-18T14:16:05+08:00 ] ::1 /WebHome/Public/js/jquery.metisMenu.js
ERR: 无法加载模块:Public

[ 2019-10-18T14:16:27+08:00 ] ::1 /WebHome/Public/js/jquery.metisMenu.js
ERR: 无法加载模块:Public

[ 2019-10-18T14:22:33+08:00 ] ::1 /WebHome/Public/js/jquery.metisMenu.js
ERR: 无法加载模块:Public

[ 2019-10-18T14:22:59+08:00 ] ::1 /WebHome/Public/js/jquery.metisMenu.js
ERR: 无法加载模块:Public

[ 2019-10-18T14:22:59+08:00 ] ::1 /WebHome/Public/js/jquery.metisMenu.js
ERR: 无法加载模块:Public

[ 2019-10-18T14:25:58+08:00 ] ::1 /WebHome/Public/js/jquery.metisMenu.js
ERR: 无法加载模块:Public

[ 2019-10-18T14:26:13+08:00 ] ::1 /WebHome/Public/js/jquery.metisMenu.js
ERR: 无法加载模块:Public

[ 2019-10-18T14:26:27+08:00 ] ::1 /WebHome/Public/js/jquery.metisMenu.js
ERR: 无法加载模块:Public

[ 2019-10-18T14:26:27+08:00 ] ::1 /WebHome/Public/js/jquery.metisMenu.js
ERR: 无法加载模块:Public

[ 2019-10-18T14:26:42+08:00 ] ::1 /WebHome/Public/js/jquery.metisMenu.js
ERR: 无法加载模块:Public

[ 2019-10-18T14:27:05+08:00 ] ::1 /WebHome/Public/js/jquery.metisMenu.js
ERR: 无法加载模块:Public

[ 2019-10-18T14:34:11+08:00 ] ::1 /WebHome/Public/js/jquery.metisMenu.js
ERR: 无法加载模块:Public

[ 2019-10-18T14:34:36+08:00 ] ::1 /WebHome/Public/js/jquery.metisMenu.js
ERR: 无法加载模块:Public

[ 2019-10-18T14:36:57+08:00 ] ::1 /WebHome/Public/js/jquery.metisMenu.js
ERR: 无法加载模块:Public

[ 2019-10-18T14:40:00+08:00 ] ::1 /WebHome/Public/js/jquery.metisMenu.js
ERR: 无法加载模块:Public

[ 2019-10-18T14:40:11+08:00 ] ::1 /WebHome/Public/js/jquery.metisMenu.js
ERR: 无法加载模块:Public

[ 2019-10-18T14:40:22+08:00 ] ::1 /WebHome/Public/js/jquery.metisMenu.js
ERR: 无法加载模块:Public

[ 2019-10-18T14:40:32+08:00 ] ::1 /WebHome/Public/js/jquery.metisMenu.js
ERR: 无法加载模块:Public

[ 2019-10-18T14:40:41+08:00 ] ::1 /WebHome/Public/js/jquery.metisMenu.js
ERR: 无法加载模块:Public

[ 2019-10-18T14:40:41+08:00 ] ::1 /WebHome/Public/js/jquery.metisMenu.js
ERR: 无法加载模块:Public

[ 2019-10-18T14:41:25+08:00 ] ::1 /WebHome/Public/js/jquery.metisMenu.js
ERR: 无法加载模块:Public

[ 2019-10-18T14:41:31+08:00 ] ::1 /WebHome/Public/js/jquery.metisMenu.js
ERR: 无法加载模块:Public

[ 2019-10-18T14:41:59+08:00 ] ::1 /WebHome/Public/js/jquery.metisMenu.js
ERR: 无法加载模块:Public

[ 2019-10-18T14:47:09+08:00 ] ::1 /WebHome/Public/js/jquery.metisMenu.js
ERR: 无法加载模块:Public

[ 2019-10-18T14:48:12+08:00 ] ::1 /WebHome/Public/js/jquery.metisMenu.js
ERR: 无法加载模块:Public

[ 2019-10-18T14:48:25+08:00 ] ::1 /WebHome/Public/js/jquery.metisMenu.js
ERR: 无法加载模块:Public

[ 2019-10-18T14:48:36+08:00 ] ::1 /WebHome/Public/js/jquery.metisMenu.js
ERR: 无法加载模块:Public

[ 2019-10-18T14:50:47+08:00 ] ::1 /WebHome/Public/js/jquery.metisMenu.js
ERR: 无法加载模块:Public

[ 2019-10-18T14:51:09+08:00 ] ::1 /WebHome/Public/js/jquery.metisMenu.js
ERR: 无法加载模块:Public

[ 2019-10-18T14:53:12+08:00 ] ::1 /WebHome/Public/js/jquery.metisMenu.js
ERR: 无法加载模块:Public

[ 2019-10-18T14:56:51+08:00 ] ::1 /WebHome/Public/js/jquery.metisMenu.js
ERR: 无法加载模块:Public

[ 2019-10-18T14:58:13+08:00 ] ::1 /WebHome/Public/js/jquery.metisMenu.js
ERR: 无法加载模块:Public

[ 2019-10-18T14:58:58+08:00 ] ::1 /WebHome/Public/js/jquery.metisMenu.js
ERR: 无法加载模块:Public

[ 2019-10-18T15:04:22+08:00 ] ::1 /WebHome/Public/js/jquery.metisMenu.js
ERR: 无法加载模块:Public

[ 2019-10-18T15:04:32+08:00 ] ::1 /WebHome/index.php/WebHome/index.php/Admin/HighLevel/lists.html.html
ERR: 无法加载模块:WebHome

[ 2019-10-18T15:06:14+08:00 ] ::1 /WebHome/Public/js/jquery.metisMenu.js
ERR: 无法加载模块:Public

[ 2019-10-18T15:06:25+08:00 ] ::1 /WebHome/Public/js/jquery.metisMenu.js
ERR: 无法加载模块:Public

[ 2019-10-18T15:06:27+08:00 ] ::1 /WebHome/Public/js/jquery.metisMenu.js
ERR: 无法加载模块:Public

[ 2019-10-18T15:06:38+08:00 ] ::1 /WebHome/Public/js/jquery.metisMenu.js
ERR: 无法加载模块:Public

[ 2019-10-18T15:07:16+08:00 ] ::1 /WebHome/Public/js/jquery.metisMenu.js
ERR: 无法加载模块:Public

[ 2019-10-18T15:07:38+08:00 ] ::1 /WebHome/Public/js/jquery.metisMenu.js
ERR: 无法加载模块:Public

[ 2019-10-18T15:07:52+08:00 ] ::1 /WebHome/Public/js/jquery.metisMenu.js
ERR: 无法加载模块:Public

[ 2019-10-18T15:08:10+08:00 ] ::1 /WebHome/Public/js/jquery.metisMenu.js
ERR: 无法加载模块:Public

[ 2019-10-18T15:08:21+08:00 ] ::1 /WebHome/Public/js/jquery.metisMenu.js
ERR: 无法加载模块:Public

[ 2019-10-18T15:08:46+08:00 ] ::1 /WebHome/Public/js/jquery.metisMenu.js
ERR: 无法加载模块:Public

[ 2019-10-18T15:09:24+08:00 ] ::1 /WebHome/Public/js/jquery.metisMenu.js
ERR: 无法加载模块:Public

[ 2019-10-18T15:09:40+08:00 ] ::1 /WebHome/Public/js/jquery.metisMenu.js
ERR: 无法加载模块:Public

[ 2019-10-18T15:09:50+08:00 ] ::1 /WebHome/Public/js/jquery.metisMenu.js
ERR: 无法加载模块:Public

[ 2019-10-18T15:09:50+08:00 ] ::1 /WebHome/Public/js/jquery.metisMenu.js
ERR: 无法加载模块:Public

[ 2019-10-18T15:09:56+08:00 ] ::1 /WebHome/Public/js/jquery.metisMenu.js
ERR: 无法加载模块:Public

[ 2019-10-18T15:10:05+08:00 ] ::1 /WebHome/Public/js/jquery.metisMenu.js
ERR: 无法加载模块:Public

[ 2019-10-18T15:10:23+08:00 ] ::1 /WebHome/Public/js/jquery.metisMenu.js
ERR: 无法加载模块:Public

[ 2019-10-18T15:10:27+08:00 ] ::1 /WebHome/Public/js/jquery.metisMenu.js
ERR: 无法加载模块:Public

[ 2019-10-18T15:11:17+08:00 ] ::1 /WebHome/Public/js/jquery.metisMenu.js
ERR: 无法加载模块:Public

[ 2019-10-18T15:11:31+08:00 ] ::1 /WebHome/Public/js/jquery.metisMenu.js
ERR: 无法加载模块:Public

[ 2019-10-18T15:21:17+08:00 ] ::1 /WebHome/Public/js/jquery.metisMenu.js
ERR: 无法加载模块:Public

[ 2019-10-18T15:21:17+08:00 ] ::1 /WebHome/Public/js/jquery.metisMenu.js
ERR: 无法加载模块:Public

[ 2019-10-18T15:22:00+08:00 ] ::1 /WebHome/Public/js/jquery.metisMenu.js
ERR: 无法加载模块:Public

[ 2019-10-18T15:22:08+08:00 ] ::1 /WebHome/Public/js/jquery.metisMenu.js
ERR: 无法加载模块:Public

[ 2019-10-18T15:22:10+08:00 ] ::1 /WebHome/Public/js/jquery.metisMenu.js
ERR: 无法加载模块:Public

[ 2019-10-18T15:23:32+08:00 ] ::1 /WebHome/Public/js/jquery.metisMenu.js
ERR: 无法加载模块:Public

[ 2019-10-18T15:23:39+08:00 ] ::1 /WebHome/Public/js/jquery.metisMenu.js
ERR: 无法加载模块:Public

[ 2019-10-18T15:23:41+08:00 ] ::1 /WebHome/Public/js/jquery.metisMenu.js
ERR: 无法加载模块:Public

[ 2019-10-18T15:24:29+08:00 ] ::1 /WebHome/Public/js/jquery.metisMenu.js
ERR: 无法加载模块:Public

[ 2019-10-18T15:24:35+08:00 ] ::1 /WebHome/Public/js/jquery.metisMenu.js
ERR: 无法加载模块:Public

[ 2019-10-18T15:24:37+08:00 ] ::1 /WebHome/Public/js/jquery.metisMenu.js
ERR: 无法加载模块:Public

[ 2019-10-18T15:24:46+08:00 ] ::1 /WebHome/Public/js/jquery.metisMenu.js
ERR: 无法加载模块:Public

[ 2019-10-18T15:24:46+08:00 ] ::1 /WebHome/Public/js/jquery.metisMenu.js
ERR: 无法加载模块:Public

[ 2019-10-18T15:25:16+08:00 ] ::1 /WebHome/Public/js/jquery.metisMenu.js
ERR: 无法加载模块:Public

[ 2019-10-18T15:26:19+08:00 ] ::1 /WebHome/Public/js/jquery.metisMenu.js
ERR: 无法加载模块:Public

[ 2019-10-18T15:26:19+08:00 ] ::1 /WebHome/Public/js/jquery.metisMenu.js
ERR: 无法加载模块:Public

[ 2019-10-18T15:26:42+08:00 ] ::1 /WebHome/Public/js/jquery.metisMenu.js
ERR: 无法加载模块:Public

[ 2019-10-18T15:26:51+08:00 ] ::1 /WebHome/Public/js/jquery.metisMenu.js
ERR: 无法加载模块:Public

[ 2019-10-18T15:27:03+08:00 ] ::1 /WebHome/Public/js/jquery.metisMenu.js
ERR: 无法加载模块:Public

[ 2019-10-18T15:27:46+08:00 ] ::1 /WebHome/Public/js/jquery.metisMenu.js
ERR: 无法加载模块:Public

[ 2019-10-18T15:27:52+08:00 ] ::1 /WebHome/Public/js/jquery.metisMenu.js
ERR: 无法加载模块:Public

[ 2019-10-18T15:27:52+08:00 ] ::1 /WebHome/Public/js/jquery.metisMenu.js
ERR: 无法加载模块:Public

[ 2019-10-18T15:27:54+08:00 ] ::1 /WebHome/Public/js/jquery.metisMenu.js
ERR: 无法加载模块:Public

[ 2019-10-18T15:28:05+08:00 ] ::1 /WebHome/Public/js/jquery.metisMenu.js
ERR: 无法加载模块:Public

[ 2019-10-18T15:28:16+08:00 ] ::1 /WebHome/Public/js/jquery.metisMenu.js
ERR: 无法加载模块:Public

[ 2019-10-18T15:28:41+08:00 ] ::1 /WebHome/Public/js/jquery.metisMenu.js
ERR: 无法加载模块:Public

[ 2019-10-18T15:30:35+08:00 ] ::1 /WebHome/Public/js/jquery.metisMenu.js
ERR: 无法加载模块:Public

[ 2019-10-18T15:30:46+08:00 ] ::1 /WebHome/Public/js/jquery.metisMenu.js
ERR: 无法加载模块:Public

[ 2019-10-18T15:31:49+08:00 ] ::1 /WebHome/Public/js/jquery.metisMenu.js
ERR: 无法加载模块:Public

[ 2019-10-18T15:32:08+08:00 ] ::1 /WebHome/Public/js/jquery.metisMenu.js
ERR: 无法加载模块:Public

[ 2019-10-18T15:36:58+08:00 ] ::1 /WebHome/Public/js/jquery.metisMenu.js
ERR: 无法加载模块:Public

[ 2019-10-18T15:36:58+08:00 ] ::1 /WebHome/Public/js/jquery.metisMenu.js
ERR: 无法加载模块:Public

[ 2019-10-18T15:37:12+08:00 ] ::1 /WebHome/Public/js/jquery.metisMenu.js
ERR: 无法加载模块:Public

[ 2019-10-18T15:37:16+08:00 ] ::1 /WebHome/Public/js/jquery.metisMenu.js
ERR: 无法加载模块:Public

[ 2019-10-18T15:38:26+08:00 ] ::1 /WebHome/Public/js/jquery.metisMenu.js
ERR: 无法加载模块:Public

[ 2019-10-18T15:38:26+08:00 ] ::1 /WebHome/Public/js/jquery.metisMenu.js
ERR: 无法加载模块:Public

[ 2019-10-18T15:38:35+08:00 ] ::1 /WebHome/Public/js/jquery.metisMenu.js
ERR: 无法加载模块:Public

[ 2019-10-18T15:38:42+08:00 ] ::1 /WebHome/Public/js/jquery.metisMenu.js
ERR: 无法加载模块:Public

[ 2019-10-18T15:38:43+08:00 ] ::1 /WebHome/Public/js/jquery.metisMenu.js
ERR: 无法加载模块:Public

[ 2019-10-18T16:38:51+08:00 ] ::1 /WebHome/Public/js/jquery.metisMenu.js
ERR: 无法加载模块:Public

[ 2019-10-18T17:41:47+08:00 ] ::1 /WebHome/Public/css/images/body_bg.png
ERR: 无法加载模块:Public

[ 2019-10-18T17:41:47+08:00 ] ::1 /WebHome/Public/css/images/main1.png
ERR: 无法加载模块:Public

[ 2019-10-18T17:41:47+08:00 ] ::1 /WebHome/Public/images/images/search2.png
ERR: 无法加载模块:Public

[ 2019-10-18T17:41:47+08:00 ] ::1 /WebHome/Public/css/images/search2.png
ERR: 无法加载模块:Public

[ 2019-10-18T17:41:47+08:00 ] ::1 /WebHome/Public/css/images/main1.png
ERR: 无法加载模块:Public

[ 2019-10-18T17:54:25+08:00 ] ::1 /WebHome/Public/css/images/body_bg.png
ERR: 无法加载模块:Public

[ 2019-10-18T17:54:25+08:00 ] ::1 /WebHome/Public/images/images/search2.png
ERR: 无法加载模块:Public

[ 2019-10-18T17:54:25+08:00 ] ::1 /WebHome/Public/css/images/search2.png
ERR: 无法加载模块:Public

[ 2019-10-18T17:54:25+08:00 ] ::1 /WebHome/Public/css/images/main1.png
ERR: 无法加载模块:Public

[ 2019-10-18T17:54:25+08:00 ] ::1 /WebHome/Public/css/images/main1.png
ERR: 无法加载模块:Public

[ 2019-10-18T18:07:04+08:00 ] ::1 /WebHome/Public/css/images/body_bg.png
ERR: 无法加载模块:Public

[ 2019-10-18T18:07:04+08:00 ] ::1 /WebHome/Public/images/images/search2.png
ERR: 无法加载模块:Public

[ 2019-10-18T18:07:04+08:00 ] ::1 /WebHome/Public/css/images/main1.png
ERR: 无法加载模块:Public

[ 2019-10-18T18:07:04+08:00 ] ::1 /WebHome/Public/css/images/search2.png
ERR: 无法加载模块:Public

[ 2019-10-18T18:20:43+08:00 ] ::1 /WebHome/Public/css/images/body_bg.png
ERR: 无法加载模块:Public

[ 2019-10-18T18:20:43+08:00 ] ::1 /WebHome/Public/css/images/main1.png
ERR: 无法加载模块:Public

[ 2019-10-18T18:20:43+08:00 ] ::1 /WebHome/Public/images/images/search2.png
ERR: 无法加载模块:Public

[ 2019-10-18T18:20:43+08:00 ] ::1 /WebHome/Public/css/images/search2.png
ERR: 无法加载模块:Public

[ 2019-10-18T18:33:57+08:00 ] ::1 /WebHome/Uploads/2018-01-02/319722
ERR: 无法加载模块:Uploads

[ 2019-10-18T18:33:57+08:00 ] ::1 /WebHome/Uploads/2018-01-02/306179
ERR: 无法加载模块:Uploads

[ 2019-10-18T18:33:57+08:00 ] ::1 /WebHome/Uploads/2018-01-02/1000888
ERR: 无法加载模块:Uploads

[ 2019-10-18T18:33:57+08:00 ] ::1 /WebHome/Uploads/2018-01-02/325255
ERR: 无法加载模块:Uploads

[ 2019-10-18T18:33:57+08:00 ] ::1 /WebHome/Uploads/2018-01-02/325528
ERR: 无法加载模块:Uploads

[ 2019-10-18T18:33:57+08:00 ] ::1 /WebHome/Uploads/2018-01-02/305713
ERR: 无法加载模块:Uploads

[ 2019-10-18T18:33:57+08:00 ] ::1 /WebHome/Uploads/2018-01-02/1001038
ERR: 无法加载模块:Uploads

[ 2019-10-18T18:33:57+08:00 ] ::1 /WebHome/Public/css/images/body_bg.png
ERR: 无法加载模块:Public

[ 2019-10-18T18:33:57+08:00 ] ::1 /WebHome/Public/css/images/main1.png
ERR: 无法加载模块:Public

[ 2019-10-18T18:33:57+08:00 ] ::1 /WebHome/Public/images/images/search2.png
ERR: 无法加载模块:Public

[ 2019-10-18T18:33:57+08:00 ] ::1 /WebHome/Public/css/images/search2.png
ERR: 无法加载模块:Public

[ 2019-10-18T18:34:19+08:00 ] ::1 /WebHome/Uploads/2018-01-02/306179
ERR: 无法加载模块:Uploads

[ 2019-10-18T18:34:19+08:00 ] ::1 /WebHome/Uploads/2018-01-02/325528
ERR: 无法加载模块:Uploads

[ 2019-10-18T18:34:19+08:00 ] ::1 /WebHome/Uploads/2018-01-02/1000888
ERR: 无法加载模块:Uploads

[ 2019-10-18T18:34:19+08:00 ] ::1 /WebHome/Uploads/2018-01-02/319722
ERR: 无法加载模块:Uploads

[ 2019-10-18T18:34:19+08:00 ] ::1 /WebHome/Uploads/2018-01-02/325255
ERR: 无法加载模块:Uploads

[ 2019-10-18T18:34:19+08:00 ] ::1 /WebHome/Uploads/2018-01-02/1001038
ERR: 无法加载模块:Uploads

[ 2019-10-18T18:34:19+08:00 ] ::1 /WebHome/Public/css/images/body_bg.png
ERR: 无法加载模块:Public

[ 2019-10-18T18:34:19+08:00 ] ::1 /WebHome/Public/css/images/search2.png
ERR: 无法加载模块:Public

[ 2019-10-18T18:34:19+08:00 ] ::1 /WebHome/Public/images/images/search2.png
ERR: 无法加载模块:Public

[ 2019-10-18T18:34:19+08:00 ] ::1 /WebHome/Public/css/images/main1.png
ERR: 无法加载模块:Public

[ 2019-10-18T18:35:04+08:00 ] ::1 /WebHome/Public/css/images/body_bg.png
ERR: 无法加载模块:Public

[ 2019-10-18T18:35:04+08:00 ] ::1 /WebHome/Public/images/images/search2.png
ERR: 无法加载模块:Public

[ 2019-10-18T18:35:04+08:00 ] ::1 /WebHome/Public/css/images/main1.png
ERR: 无法加载模块:Public

[ 2019-10-18T18:35:04+08:00 ] ::1 /WebHome/Public/css/images/search2.png
ERR: 无法加载模块:Public

[ 2019-10-18T18:39:43+08:00 ] ::1 /WebHome/Public/css/images/body_bg.png
ERR: 无法加载模块:Public

[ 2019-10-18T18:39:43+08:00 ] ::1 /WebHome/Public/css/images/main1.png
ERR: 无法加载模块:Public

[ 2019-10-18T18:39:43+08:00 ] ::1 /WebHome/Public/images/images/search2.png
ERR: 无法加载模块:Public

[ 2019-10-18T18:39:43+08:00 ] ::1 /WebHome/Public/css/images/search2.png
ERR: 无法加载模块:Public

[ 2019-10-18T18:41:35+08:00 ] ::1 /WebHome/Public/css/images/body_bg.png
ERR: 无法加载模块:Public

[ 2019-10-18T18:41:35+08:00 ] ::1 /WebHome/Public/css/images/main1.png
ERR: 无法加载模块:Public

[ 2019-10-18T18:41:35+08:00 ] ::1 /WebHome/Public/images/images/search2.png
ERR: 无法加载模块:Public

[ 2019-10-18T18:41:35+08:00 ] ::1 /WebHome/Public/css/images/search2.png
ERR: 无法加载模块:Public

[ 2019-10-18T18:43:04+08:00 ] ::1 /WebHome/Public/css/images/body_bg.png
ERR: 无法加载模块:Public

[ 2019-10-18T18:43:04+08:00 ] ::1 /WebHome/Public/css/images/main1.png
ERR: 无法加载模块:Public

[ 2019-10-18T18:43:04+08:00 ] ::1 /WebHome/Public/images/images/search2.png
ERR: 无法加载模块:Public

[ 2019-10-18T18:43:04+08:00 ] ::1 /WebHome/Public/css/images/search2.png
ERR: 无法加载模块:Public

[ 2019-10-18T18:44:26+08:00 ] ::1 /WebHome/Public/css/images/body_bg.png
ERR: 无法加载模块:Public

[ 2019-10-18T18:44:26+08:00 ] ::1 /WebHome/Public/css/images/main1.png
ERR: 无法加载模块:Public

[ 2019-10-18T18:44:26+08:00 ] ::1 /WebHome/Public/images/images/search2.png
ERR: 无法加载模块:Public

[ 2019-10-18T18:44:26+08:00 ] ::1 /WebHome/Public/css/images/search2.png
ERR: 无法加载模块:Public

[ 2019-10-18T18:45:49+08:00 ] ::1 /WebHome/Public/css/images/body_bg.png
ERR: 无法加载模块:Public

[ 2019-10-18T18:45:49+08:00 ] ::1 /WebHome/Public/images/images/search2.png
ERR: 无法加载模块:Public

[ 2019-10-18T18:45:49+08:00 ] ::1 /WebHome/Public/css/images/main1.png
ERR: 无法加载模块:Public

[ 2019-10-18T18:45:49+08:00 ] ::1 /WebHome/Public/css/images/search2.png
ERR: 无法加载模块:Public

[ 2019-10-18T18:47:21+08:00 ] ::1 /WebHome/Public/js/jquery.metisMenu.js
ERR: 无法加载模块:Public

[ 2019-10-18T18:47:21+08:00 ] ::1 /WebHome/Public/js/jquery.metisMenu.js
ERR: 无法加载模块:Public

[ 2019-10-18T18:47:39+08:00 ] ::1 /WebHome/Public/js/jquery.metisMenu.js
ERR: 无法加载模块:Public

[ 2019-10-18T18:47:39+08:00 ] ::1 /WebHome/Public/js/jquery.metisMenu.js
ERR: 无法加载模块:Public

[ 2019-10-18T18:47:45+08:00 ] ::1 /WebHome/Public/js/jquery.metisMenu.js
ERR: 无法加载模块:Public

[ 2019-10-18T18:47:51+08:00 ] ::1 /WebHome/Public/js/jquery.metisMenu.js
ERR: 无法加载模块:Public

[ 2019-10-18T18:47:57+08:00 ] ::1 /WebHome/Public/js/jquery.metisMenu.js
ERR: 无法加载模块:Public

[ 2019-10-18T18:47:57+08:00 ] ::1 /WebHome/Public/js/jquery.metisMenu.js
ERR: 无法加载模块:Public

[ 2019-10-18T18:48:03+08:00 ] ::1 /WebHome/Public/js/jquery.metisMenu.js
ERR: 无法加载模块:Public

[ 2019-10-18T18:48:03+08:00 ] ::1 /WebHome/Public/js/jquery.metisMenu.js
ERR: 无法加载模块:Public

[ 2019-10-18T18:48:09+08:00 ] ::1 /WebHome/Public/js/jquery.metisMenu.js
ERR: 无法加载模块:Public

[ 2019-10-18T18:48:09+08:00 ] ::1 /WebHome/Public/js/jquery.metisMenu.js
ERR: 无法加载模块:Public

[ 2019-10-18T18:48:17+08:00 ] ::1 /WebHome/Public/js/jquery.metisMenu.js
ERR: 无法加载模块:Public

[ 2019-10-18T18:48:25+08:00 ] ::1 /WebHome/Public/js/jquery.metisMenu.js
ERR: 无法加载模块:Public

[ 2019-10-18T18:48:25+08:00 ] ::1 /WebHome/Public/js/jquery.metisMenu.js
ERR: 无法加载模块:Public

[ 2019-10-18T18:48:32+08:00 ] ::1 /WebHome/Public/js/jquery.metisMenu.js
ERR: 无法加载模块:Public

[ 2019-10-18T18:48:32+08:00 ] ::1 /WebHome/Public/js/jquery.metisMenu.js
ERR: 无法加载模块:Public

[ 2019-10-18T18:48:39+08:00 ] ::1 /WebHome/Public/js/jquery.metisMenu.js
ERR: 无法加载模块:Public

[ 2019-10-18T18:48:39+08:00 ] ::1 /WebHome/Public/js/jquery.metisMenu.js
ERR: 无法加载模块:Public

[ 2019-10-18T18:48:45+08:00 ] ::1 /WebHome/Public/js/jquery.metisMenu.js
ERR: 无法加载模块:Public

[ 2019-10-18T18:48:51+08:00 ] ::1 /WebHome/Public/js/jquery.metisMenu.js
ERR: 无法加载模块:Public

[ 2019-10-18T18:48:51+08:00 ] ::1 /WebHome/Public/js/jquery.metisMenu.js
ERR: 无法加载模块:Public

[ 2019-10-18T18:48:57+08:00 ] ::1 /WebHome/Public/js/jquery.metisMenu.js
ERR: 无法加载模块:Public

[ 2019-10-18T18:49:03+08:00 ] ::1 /WebHome/Public/js/jquery.metisMenu.js
ERR: 无法加载模块:Public

[ 2019-10-18T18:49:09+08:00 ] ::1 /WebHome/Public/js/jquery.metisMenu.js
ERR: 无法加载模块:Public

[ 2019-10-18T18:49:15+08:00 ] ::1 /WebHome/Public/js/jquery.metisMenu.js
ERR: 无法加载模块:Public

[ 2019-10-18T18:49:15+08:00 ] ::1 /WebHome/Public/js/jquery.metisMenu.js
ERR: 无法加载模块:Public

[ 2019-10-18T18:49:21+08:00 ] ::1 /WebHome/Public/js/jquery.metisMenu.js
ERR: 无法加载模块:Public

[ 2019-10-18T18:49:21+08:00 ] ::1 /WebHome/Public/js/jquery.metisMenu.js
ERR: 无法加载模块:Public

[ 2019-10-18T18:49:28+08:00 ] ::1 /WebHome/Public/js/jquery.metisMenu.js
ERR: 无法加载模块:Public

[ 2019-10-18T18:49:35+08:00 ] ::1 /WebHome/Public/js/jquery.metisMenu.js
ERR: 无法加载模块:Public

[ 2019-10-18T18:49:35+08:00 ] ::1 /WebHome/Public/js/jquery.metisMenu.js
ERR: 无法加载模块:Public

[ 2019-10-18T18:49:42+08:00 ] ::1 /WebHome/Public/js/jquery.metisMenu.js
ERR: 无法加载模块:Public

[ 2019-10-18T18:49:42+08:00 ] ::1 /WebHome/Public/js/jquery.metisMenu.js
ERR: 无法加载模块:Public

[ 2019-10-18T18:49:50+08:00 ] ::1 /WebHome/Public/js/jquery.metisMenu.js
ERR: 无法加载模块:Public

[ 2019-10-18T18:49:50+08:00 ] ::1 /WebHome/Public/js/jquery.metisMenu.js
ERR: 无法加载模块:Public

[ 2019-10-18T18:50:09+08:00 ] ::1 /WebHome/Public/js/jquery.metisMenu.js
ERR: 无法加载模块:Public

[ 2019-10-18T18:50:16+08:00 ] ::1 /WebHome/Public/js/jquery.metisMenu.js
ERR: 无法加载模块:Public

[ 2019-10-18T18:50:28+08:00 ] ::1 /WebHome/Public/js/jquery.metisMenu.js
ERR: 无法加载模块:Public

[ 2019-10-18T18:50:29+08:00 ] ::1 /WebHome/Public/js/jquery.metisMenu.js
ERR: 无法加载模块:Public

[ 2019-10-18T18:50:50+08:00 ] ::1 /WebHome/Public/js/jquery.metisMenu.js
ERR: 无法加载模块:Public

[ 2019-10-18T18:50:50+08:00 ] ::1 /WebHome/Public/js/jquery.metisMenu.js
ERR: 无法加载模块:Public

[ 2019-10-18T18:50:59+08:00 ] ::1 /WebHome/Public/css/images/body_bg.png
ERR: 无法加载模块:Public

[ 2019-10-18T18:50:59+08:00 ] ::1 /WebHome/Public/css/images/main1.png
ERR: 无法加载模块:Public

[ 2019-10-18T18:50:59+08:00 ] ::1 /WebHome/Public/images/images/search2.png
ERR: 无法加载模块:Public

[ 2019-10-18T18:50:59+08:00 ] ::1 /WebHome/Public/css/images/search2.png
ERR: 无法加载模块:Public

[ 2019-10-18T18:54:13+08:00 ] ::1 /WebHome/Public/css/images/body_bg.png
ERR: 无法加载模块:Public

[ 2019-10-18T18:54:13+08:00 ] ::1 /WebHome/Public/css/images/main1.png
ERR: 无法加载模块:Public

[ 2019-10-18T18:54:13+08:00 ] ::1 /WebHome/Public/css/images/search2.png
ERR: 无法加载模块:Public

[ 2019-10-18T18:54:13+08:00 ] ::1 /WebHome/Public/images/images/search2.png
ERR: 无法加载模块:Public

[ 2019-10-18T18:54:48+08:00 ] ::1 /WebHome/Public/css/images/body_bg.png
ERR: 无法加载模块:Public

[ 2019-10-18T18:54:48+08:00 ] ::1 /WebHome/Public/css/images/main1.png
ERR: 无法加载模块:Public

[ 2019-10-18T18:54:48+08:00 ] ::1 /WebHome/Public/images/images/search2.png
ERR: 无法加载模块:Public

[ 2019-10-18T18:54:48+08:00 ] ::1 /WebHome/Public/css/images/search2.png
ERR: 无法加载模块:Public

[ 2019-10-18T18:56:04+08:00 ] ::1 /WebHome/Public/css/images/body_bg.png
ERR: 无法加载模块:Public

[ 2019-10-18T18:56:04+08:00 ] ::1 /WebHome/Public/css/images/main1.png
ERR: 无法加载模块:Public

[ 2019-10-18T18:56:04+08:00 ] ::1 /WebHome/Public/css/images/search2.png
ERR: 无法加载模块:Public

[ 2019-10-18T18:56:04+08:00 ] ::1 /WebHome/Public/images/images/search2.png
ERR: 无法加载模块:Public

[ 2019-10-18T18:56:27+08:00 ] ::1 /WebHome/Public/css/images/search2.png
ERR: 无法加载模块:Public

[ 2019-10-18T18:56:27+08:00 ] ::1 /WebHome/Public/css/images/body_bg.png
ERR: 无法加载模块:Public

[ 2019-10-18T18:56:27+08:00 ] ::1 /WebHome/Public/css/images/main1.png
ERR: 无法加载模块:Public

[ 2019-10-18T18:56:27+08:00 ] ::1 /WebHome/Public/images/images/search2.png
ERR: 无法加载模块:Public

[ 2019-10-18T18:57:52+08:00 ] ::1 /WebHome/Public/js/jquery.metisMenu.js
ERR: 无法加载模块:Public

[ 2019-10-18T18:57:58+08:00 ] ::1 /WebHome/Public/js/jquery.metisMenu.js
ERR: 无法加载模块:Public

[ 2019-10-18T18:57:58+08:00 ] ::1 /WebHome/Public/js/jquery.metisMenu.js
ERR: 无法加载模块:Public

[ 2019-10-18T18:58:11+08:00 ] ::1 /WebHome/Public/js/jquery.metisMenu.js
ERR: 无法加载模块:Public

[ 2019-10-18T18:58:11+08:00 ] ::1 /WebHome/Public/js/jquery.metisMenu.js
ERR: 无法加载模块:Public

[ 2019-10-18T18:58:18+08:00 ] ::1 /WebHome/Public/js/jquery.metisMenu.js
ERR: 无法加载模块:Public

[ 2019-10-18T18:58:18+08:00 ] ::1 /WebHome/Public/js/jquery.metisMenu.js
ERR: 无法加载模块:Public

[ 2019-10-18T18:58:24+08:00 ] ::1 /WebHome/Public/js/jquery.metisMenu.js
ERR: 无法加载模块:Public

[ 2019-10-18T18:58:24+08:00 ] ::1 /WebHome/Public/js/jquery.metisMenu.js
ERR: 无法加载模块:Public

[ 2019-10-18T18:58:38+08:00 ] ::1 /WebHome/Public/js/jquery.metisMenu.js
ERR: 无法加载模块:Public

[ 2019-10-18T18:58:40+08:00 ] ::1 /WebHome/Public/js/jquery.metisMenu.js
ERR: 无法加载模块:Public

[ 2019-10-18T18:58:40+08:00 ] ::1 /WebHome/Public/js/jquery.metisMenu.js
ERR: 无法加载模块:Public

[ 2019-10-18T18:58:49+08:00 ] ::1 /WebHome/Public/js/jquery.metisMenu.js
ERR: 无法加载模块:Public

[ 2019-10-18T18:58:55+08:00 ] ::1 /WebHome/Public/js/jquery.metisMenu.js
ERR: 无法加载模块:Public

