[ 2019-10-17T09:54:04+08:00 ] ::1 /WebHome/index.php/Admin/Public/login.html
INFO: [ app_init ] --START--
INFO: Run Behavior\BuildLiteBehavior [ RunTime:0.000016s ]
INFO: [ app_init ] --END-- [ RunTime:0.031173s ]
INFO: [ app_begin ] --START--
INFO: Run Behavior\ReadHtmlCacheBehavior [ RunTime:0.000845s ]
INFO: [ app_begin ] --END-- [ RunTime:0.000907s ]
INFO: [ view_parse ] --START--
INFO: [ template_filter ] --START--
INFO: Run Behavior\ContentReplaceBehavior [ RunTime:0.001463s ]
INFO: [ template_filter ] --END-- [ RunTime:0.001526s ]
INFO: Run Behavior\ParseTemplateBehavior [ RunTime:0.056322s ]
INFO: [ view_parse ] --END-- [ RunTime:0.056368s ]
INFO: [ view_filter ] --START--
INFO: Run Behavior\WriteHtmlCacheBehavior [ RunTime:0.002602s ]
INFO: [ view_filter ] --END-- [ RunTime:0.002640s ]
INFO: [ app_end ] --START--
INFO: Run Behavior\ShowPageTraceBehavior [ RunTime:0.011168s ]
INFO: [ app_end ] --END-- [ RunTime:0.011223s ]

[ 2019-10-17T09:55:18+08:00 ] ::1 /WebHome/index.php/Admin/Public/login.html
INFO: [ app_init ] --START--
INFO: Run Behavior\BuildLiteBehavior [ RunTime:0.000011s ]
INFO: [ app_init ] --END-- [ RunTime:0.000310s ]
INFO: [ app_begin ] --START--
INFO: Run Behavior\ReadHtmlCacheBehavior [ RunTime:0.000435s ]
INFO: [ app_begin ] --END-- [ RunTime:0.000477s ]
INFO: [ view_parse ] --START--
INFO: [ template_filter ] --START--
INFO: Run Behavior\ContentReplaceBehavior [ RunTime:0.000104s ]
INFO: [ template_filter ] --END-- [ RunTime:0.000274s ]
INFO: Run Behavior\ParseTemplateBehavior [ RunTime:0.005429s ]
INFO: [ view_parse ] --END-- [ RunTime:0.005478s ]
INFO: [ view_filter ] --START--
INFO: Run Behavior\WriteHtmlCacheBehavior [ RunTime:0.000278s ]
INFO: [ view_filter ] --END-- [ RunTime:0.000310s ]
INFO: [ app_end ] --START--
INFO: Run Behavior\ShowPageTraceBehavior [ RunTime:0.000396s ]
INFO: [ app_end ] --END-- [ RunTime:0.000428s ]

[ 2019-10-17T09:55:29+08:00 ] ::1 /WebHome/index.php/Admin/Public/login.html
INFO: [ app_init ] --START--
INFO: Run Behavior\BuildLiteBehavior [ RunTime:0.000011s ]
INFO: [ app_init ] --END-- [ RunTime:0.000259s ]
INFO: [ app_begin ] --START--
INFO: Run Behavior\ReadHtmlCacheBehavior [ RunTime:0.000317s ]
INFO: [ app_begin ] --END-- [ RunTime:0.000357s ]
INFO: [ view_parse ] --START--
INFO: [ template_filter ] --START--
INFO: Run Behavior\ContentReplaceBehavior [ RunTime:0.000254s ]
INFO: [ template_filter ] --END-- [ RunTime:0.000431s ]
INFO: Run Behavior\ParseTemplateBehavior [ RunTime:0.005247s ]
INFO: [ view_parse ] --END-- [ RunTime:0.005295s ]
INFO: [ view_filter ] --START--
INFO: Run Behavior\WriteHtmlCacheBehavior [ RunTime:0.000251s ]
INFO: [ view_filter ] --END-- [ RunTime:0.000293s ]
INFO: [ app_end ] --START--
INFO: Run Behavior\ShowPageTraceBehavior [ RunTime:0.000479s ]
INFO: [ app_end ] --END-- [ RunTime:0.000527s ]

[ 2019-10-17T09:55:33+08:00 ] ::1 /WebHome/index.php/Admin/Public/login.html
INFO: [ app_init ] --START--
INFO: Run Behavior\BuildLiteBehavior [ RunTime:0.000010s ]
INFO: [ app_init ] --END-- [ RunTime:0.000243s ]
INFO: [ app_begin ] --START--
INFO: Run Behavior\ReadHtmlCacheBehavior [ RunTime:0.000295s ]
INFO: [ app_begin ] --END-- [ RunTime:0.000339s ]
INFO: [ view_parse ] --START--
INFO: [ template_filter ] --START--
INFO: Run Behavior\ContentReplaceBehavior [ RunTime:0.000030s ]
INFO: [ template_filter ] --END-- [ RunTime:0.000061s ]
INFO: Run Behavior\ParseTemplateBehavior [ RunTime:0.003383s ]
INFO: [ view_parse ] --END-- [ RunTime:0.003417s ]
INFO: [ view_filter ] --START--
INFO: Run Behavior\WriteHtmlCacheBehavior [ RunTime:0.000156s ]
INFO: [ view_filter ] --END-- [ RunTime:0.000181s ]
INFO: [ app_end ] --START--
INFO: Run Behavior\ShowPageTraceBehavior [ RunTime:0.000317s ]
INFO: [ app_end ] --END-- [ RunTime:0.000346s ]

[ 2019-10-17T09:59:44+08:00 ] ::1 /WebHome/index.php/Admin/Public/login
INFO: [ app_init ] --START--
INFO: Run Behavior\BuildLiteBehavior [ RunTime:0.000017s ]
INFO: [ app_init ] --END-- [ RunTime:0.000620s ]
INFO: [ app_begin ] --START--
INFO: Run Behavior\ReadHtmlCacheBehavior [ RunTime:0.000635s ]
INFO: [ app_begin ] --END-- [ RunTime:0.000689s ]
INFO: [ view_parse ] --START--
INFO: [ template_filter ] --START--
INFO: Run Behavior\ContentReplaceBehavior [ RunTime:0.000034s ]
INFO: [ template_filter ] --END-- [ RunTime:0.000071s ]
INFO: Run Behavior\ParseTemplateBehavior [ RunTime:0.003907s ]
INFO: [ view_parse ] --END-- [ RunTime:0.003944s ]
INFO: [ view_filter ] --START--
INFO: Run Behavior\WriteHtmlCacheBehavior [ RunTime:0.000250s ]
INFO: [ view_filter ] --END-- [ RunTime:0.000277s ]
INFO: [ app_end ] --START--
INFO: Run Behavior\ShowPageTraceBehavior [ RunTime:0.000407s ]
INFO: [ app_end ] --END-- [ RunTime:0.000438s ]

[ 2019-10-17T10:01:29+08:00 ] ::1 /WebHome/index.php/Admin/Public/login
INFO: [ app_init ] --START--
INFO: Run Behavior\BuildLiteBehavior [ RunTime:0.000018s ]
INFO: [ app_init ] --END-- [ RunTime:0.000472s ]
INFO: [ app_begin ] --START--
INFO: Run Behavior\ReadHtmlCacheBehavior [ RunTime:0.000463s ]
INFO: [ app_begin ] --END-- [ RunTime:0.000506s ]
INFO: [ view_parse ] --START--
INFO: [ template_filter ] --START--
INFO: Run Behavior\ContentReplaceBehavior [ RunTime:0.000041s ]
INFO: [ template_filter ] --END-- [ RunTime:0.000091s ]
INFO: Run Behavior\ParseTemplateBehavior [ RunTime:0.008263s ]
INFO: [ view_parse ] --END-- [ RunTime:0.008339s ]
INFO: [ view_filter ] --START--
INFO: Run Behavior\WriteHtmlCacheBehavior [ RunTime:0.000305s ]
INFO: [ view_filter ] --END-- [ RunTime:0.000339s ]
INFO: [ app_end ] --START--
INFO: Run Behavior\ShowPageTraceBehavior [ RunTime:0.000441s ]
INFO: [ app_end ] --END-- [ RunTime:0.000477s ]

[ 2019-10-17T10:01:30+08:00 ] ::1 /WebHome/index.php/Admin/Public/login
INFO: [ app_init ] --START--
INFO: Run Behavior\BuildLiteBehavior [ RunTime:0.000009s ]
INFO: [ app_init ] --END-- [ RunTime:0.000256s ]
INFO: [ app_begin ] --START--
INFO: Run Behavior\ReadHtmlCacheBehavior [ RunTime:0.000306s ]
INFO: [ app_begin ] --END-- [ RunTime:0.000347s ]
INFO: [ view_parse ] --START--
INFO: [ template_filter ] --START--
INFO: Run Behavior\ContentReplaceBehavior [ RunTime:0.000035s ]
INFO: [ template_filter ] --END-- [ RunTime:0.000077s ]
INFO: Run Behavior\ParseTemplateBehavior [ RunTime:0.004033s ]
INFO: [ view_parse ] --END-- [ RunTime:0.004070s ]
INFO: [ view_filter ] --START--
INFO: Run Behavior\WriteHtmlCacheBehavior [ RunTime:0.000194s ]
INFO: [ view_filter ] --END-- [ RunTime:0.000222s ]
INFO: [ app_end ] --START--
INFO: Run Behavior\ShowPageTraceBehavior [ RunTime:0.000349s ]
INFO: [ app_end ] --END-- [ RunTime:0.000383s ]

[ 2019-10-17T10:01:30+08:00 ] ::1 /WebHome/index.php/Admin/Public/login
INFO: [ app_init ] --START--
INFO: Run Behavior\BuildLiteBehavior [ RunTime:0.000018s ]
INFO: [ app_init ] --END-- [ RunTime:0.000456s ]
INFO: [ app_begin ] --START--
INFO: Run Behavior\ReadHtmlCacheBehavior [ RunTime:0.000604s ]
INFO: [ app_begin ] --END-- [ RunTime:0.000685s ]
INFO: [ view_parse ] --START--
INFO: [ template_filter ] --START--
INFO: Run Behavior\ContentReplaceBehavior [ RunTime:0.000032s ]
INFO: [ template_filter ] --END-- [ RunTime:0.000073s ]
INFO: Run Behavior\ParseTemplateBehavior [ RunTime:0.003616s ]
INFO: [ view_parse ] --END-- [ RunTime:0.003657s ]
INFO: [ view_filter ] --START--
INFO: Run Behavior\WriteHtmlCacheBehavior [ RunTime:0.000252s ]
INFO: [ view_filter ] --END-- [ RunTime:0.000293s ]
INFO: [ app_end ] --START--
INFO: Run Behavior\ShowPageTraceBehavior [ RunTime:0.000458s ]
INFO: [ app_end ] --END-- [ RunTime:0.000504s ]

[ 2019-10-17T10:01:30+08:00 ] ::1 /WebHome/index.php/Admin/Public/login
INFO: [ app_init ] --START--
INFO: Run Behavior\BuildLiteBehavior [ RunTime:0.000010s ]
INFO: [ app_init ] --END-- [ RunTime:0.000246s ]
INFO: [ app_begin ] --START--
INFO: Run Behavior\ReadHtmlCacheBehavior [ RunTime:0.000304s ]
INFO: [ app_begin ] --END-- [ RunTime:0.000340s ]
INFO: [ view_parse ] --START--
INFO: [ template_filter ] --START--
INFO: Run Behavior\ContentReplaceBehavior [ RunTime:0.000051s ]
INFO: [ template_filter ] --END-- [ RunTime:0.000113s ]
INFO: Run Behavior\ParseTemplateBehavior [ RunTime:0.006014s ]
INFO: [ view_parse ] --END-- [ RunTime:0.006087s ]
INFO: [ view_filter ] --START--
INFO: Run Behavior\WriteHtmlCacheBehavior [ RunTime:0.000232s ]
INFO: [ view_filter ] --END-- [ RunTime:0.000274s ]
INFO: [ app_end ] --START--
INFO: Run Behavior\ShowPageTraceBehavior [ RunTime:0.000455s ]
INFO: [ app_end ] --END-- [ RunTime:0.000503s ]

[ 2019-10-17T10:01:54+08:00 ] ::1 /WebHome/index.php/Admin/Public/login
INFO: [ app_init ] --START--
INFO: Run Behavior\BuildLiteBehavior [ RunTime:0.000020s ]
INFO: [ app_init ] --END-- [ RunTime:0.012039s ]
INFO: [ app_begin ] --START--
INFO: Run Behavior\ReadHtmlCacheBehavior [ RunTime:0.000435s ]
INFO: [ app_begin ] --END-- [ RunTime:0.000475s ]
INFO: [ view_parse ] --START--
INFO: [ template_filter ] --START--
INFO: Run Behavior\ContentReplaceBehavior [ RunTime:0.000041s ]
INFO: [ template_filter ] --END-- [ RunTime:0.000088s ]
INFO: Run Behavior\ParseTemplateBehavior [ RunTime:0.004339s ]
INFO: [ view_parse ] --END-- [ RunTime:0.004387s ]
INFO: [ view_filter ] --START--
INFO: Run Behavior\WriteHtmlCacheBehavior [ RunTime:0.000299s ]
INFO: [ view_filter ] --END-- [ RunTime:0.000328s ]
INFO: [ app_end ] --START--
INFO: Run Behavior\ShowPageTraceBehavior [ RunTime:0.000445s ]
INFO: [ app_end ] --END-- [ RunTime:0.000476s ]

[ 2019-10-17T10:04:41+08:00 ] ::1 /WebHome/index.php/Admin/Public/login
INFO: [ app_init ] --START--
INFO: Run Behavior\BuildLiteBehavior [ RunTime:0.000008s ]
INFO: [ app_init ] --END-- [ RunTime:0.000288s ]
INFO: [ app_begin ] --START--
INFO: Run Behavior\ReadHtmlCacheBehavior [ RunTime:0.000433s ]
INFO: [ app_begin ] --END-- [ RunTime:0.000470s ]
INFO: [ view_parse ] --START--
INFO: [ template_filter ] --START--
INFO: Run Behavior\ContentReplaceBehavior [ RunTime:0.000037s ]
INFO: [ template_filter ] --END-- [ RunTime:0.000078s ]
INFO: Run Behavior\ParseTemplateBehavior [ RunTime:0.004334s ]
INFO: [ view_parse ] --END-- [ RunTime:0.004386s ]
INFO: [ view_filter ] --START--
INFO: Run Behavior\WriteHtmlCacheBehavior [ RunTime:0.000322s ]
INFO: [ view_filter ] --END-- [ RunTime:0.000352s ]
INFO: [ app_end ] --START--
INFO: Run Behavior\ShowPageTraceBehavior [ RunTime:0.000453s ]
INFO: [ app_end ] --END-- [ RunTime:0.000483s ]

[ 2019-10-17T10:04:54+08:00 ] ::1 /WebHome/index.php/Admin/Public/login
INFO: [ app_init ] --START--
INFO: Run Behavior\BuildLiteBehavior [ RunTime:0.000010s ]
INFO: [ app_init ] --END-- [ RunTime:0.000290s ]
INFO: [ app_begin ] --START--
INFO: Run Behavior\ReadHtmlCacheBehavior [ RunTime:0.000406s ]
INFO: [ app_begin ] --END-- [ RunTime:0.000444s ]
INFO: [ view_parse ] --START--
INFO: [ template_filter ] --START--
INFO: Run Behavior\ContentReplaceBehavior [ RunTime:0.000035s ]
INFO: [ template_filter ] --END-- [ RunTime:0.000083s ]
INFO: Run Behavior\ParseTemplateBehavior [ RunTime:0.004999s ]
INFO: [ view_parse ] --END-- [ RunTime:0.005037s ]
INFO: [ view_filter ] --START--
INFO: Run Behavior\WriteHtmlCacheBehavior [ RunTime:0.000271s ]
INFO: [ view_filter ] --END-- [ RunTime:0.000298s ]
INFO: [ app_end ] --START--
INFO: Run Behavior\ShowPageTraceBehavior [ RunTime:0.000386s ]
INFO: [ app_end ] --END-- [ RunTime:0.000418s ]

[ 2019-10-17T10:04:55+08:00 ] ::1 /WebHome/index.php/Admin/Public/login
INFO: [ app_init ] --START--
INFO: Run Behavior\BuildLiteBehavior [ RunTime:0.000010s ]
INFO: [ app_init ] --END-- [ RunTime:0.000242s ]
INFO: [ app_begin ] --START--
INFO: Run Behavior\ReadHtmlCacheBehavior [ RunTime:0.000303s ]
INFO: [ app_begin ] --END-- [ RunTime:0.000337s ]
INFO: [ view_parse ] --START--
INFO: [ template_filter ] --START--
INFO: Run Behavior\ContentReplaceBehavior [ RunTime:0.000057s ]
INFO: [ template_filter ] --END-- [ RunTime:0.000123s ]
INFO: Run Behavior\ParseTemplateBehavior [ RunTime:0.005941s ]
INFO: [ view_parse ] --END-- [ RunTime:0.006003s ]
INFO: [ view_filter ] --START--
INFO: Run Behavior\WriteHtmlCacheBehavior [ RunTime:0.000283s ]
INFO: [ view_filter ] --END-- [ RunTime:0.000324s ]
INFO: [ app_end ] --START--
INFO: Run Behavior\ShowPageTraceBehavior [ RunTime:0.000476s ]
INFO: [ app_end ] --END-- [ RunTime:0.000522s ]

[ 2019-10-17T10:04:55+08:00 ] ::1 /WebHome/index.php/Admin/Public/login
INFO: [ app_init ] --START--
INFO: Run Behavior\BuildLiteBehavior [ RunTime:0.000010s ]
INFO: [ app_init ] --END-- [ RunTime:0.000247s ]
INFO: [ app_begin ] --START--
INFO: Run Behavior\ReadHtmlCacheBehavior [ RunTime:0.000319s ]
INFO: [ app_begin ] --END-- [ RunTime:0.000355s ]
INFO: [ view_parse ] --START--
INFO: [ template_filter ] --START--
INFO: Run Behavior\ContentReplaceBehavior [ RunTime:0.000055s ]
INFO: [ template_filter ] --END-- [ RunTime:0.000146s ]
INFO: Run Behavior\ParseTemplateBehavior [ RunTime:0.005182s ]
INFO: [ view_parse ] --END-- [ RunTime:0.005256s ]
INFO: [ view_filter ] --START--
INFO: Run Behavior\WriteHtmlCacheBehavior [ RunTime:0.000191s ]
INFO: [ view_filter ] --END-- [ RunTime:0.000219s ]
INFO: [ app_end ] --START--
INFO: Run Behavior\ShowPageTraceBehavior [ RunTime:0.000324s ]
INFO: [ app_end ] --END-- [ RunTime:0.000354s ]

[ 2019-10-17T10:04:56+08:00 ] ::1 /WebHome/index.php/Admin/Public/login
INFO: [ app_init ] --START--
INFO: Run Behavior\BuildLiteBehavior [ RunTime:0.000016s ]
INFO: [ app_init ] --END-- [ RunTime:0.000281s ]
INFO: [ app_begin ] --START--
INFO: Run Behavior\ReadHtmlCacheBehavior [ RunTime:0.000408s ]
INFO: [ app_begin ] --END-- [ RunTime:0.000453s ]
INFO: [ view_parse ] --START--
INFO: [ template_filter ] --START--
INFO: Run Behavior\ContentReplaceBehavior [ RunTime:0.000034s ]
INFO: [ template_filter ] --END-- [ RunTime:0.000073s ]
INFO: Run Behavior\ParseTemplateBehavior [ RunTime:0.003720s ]
INFO: [ view_parse ] --END-- [ RunTime:0.003766s ]
INFO: [ view_filter ] --START--
INFO: Run Behavior\WriteHtmlCacheBehavior [ RunTime:0.000172s ]
INFO: [ view_filter ] --END-- [ RunTime:0.000199s ]
INFO: [ app_end ] --START--
INFO: Run Behavior\ShowPageTraceBehavior [ RunTime:0.000310s ]
INFO: [ app_end ] --END-- [ RunTime:0.000340s ]

[ 2019-10-17T10:05:41+08:00 ] ::1 /WebHome/index.php/Admin/Public/login
INFO: [ app_init ] --START--
INFO: Run Behavior\BuildLiteBehavior [ RunTime:0.000010s ]
INFO: [ app_init ] --END-- [ RunTime:0.000260s ]
INFO: [ app_begin ] --START--
INFO: Run Behavior\ReadHtmlCacheBehavior [ RunTime:0.000310s ]
INFO: [ app_begin ] --END-- [ RunTime:0.000348s ]
INFO: [ view_parse ] --START--
INFO: [ template_filter ] --START--
INFO: Run Behavior\ContentReplaceBehavior [ RunTime:0.000035s ]
INFO: [ template_filter ] --END-- [ RunTime:0.000071s ]
INFO: Run Behavior\ParseTemplateBehavior [ RunTime:0.003571s ]
INFO: [ view_parse ] --END-- [ RunTime:0.003608s ]
INFO: [ view_filter ] --START--
INFO: Run Behavior\WriteHtmlCacheBehavior [ RunTime:0.000192s ]
INFO: [ view_filter ] --END-- [ RunTime:0.000228s ]
INFO: [ app_end ] --START--
INFO: Run Behavior\ShowPageTraceBehavior [ RunTime:0.000470s ]
INFO: [ app_end ] --END-- [ RunTime:0.000518s ]

[ 2019-10-17T10:05:42+08:00 ] ::1 /WebHome/index.php/Admin/Public/login
INFO: [ app_init ] --START--
INFO: Run Behavior\BuildLiteBehavior [ RunTime:0.000011s ]
INFO: [ app_init ] --END-- [ RunTime:0.000269s ]
INFO: [ app_begin ] --START--
INFO: Run Behavior\ReadHtmlCacheBehavior [ RunTime:0.000317s ]
INFO: [ app_begin ] --END-- [ RunTime:0.000357s ]
INFO: [ view_parse ] --START--
INFO: [ template_filter ] --START--
INFO: Run Behavior\ContentReplaceBehavior [ RunTime:0.000032s ]
INFO: [ template_filter ] --END-- [ RunTime:0.000066s ]
INFO: Run Behavior\ParseTemplateBehavior [ RunTime:0.003508s ]
INFO: [ view_parse ] --END-- [ RunTime:0.003546s ]
INFO: [ view_filter ] --START--
INFO: Run Behavior\WriteHtmlCacheBehavior [ RunTime:0.000166s ]
INFO: [ view_filter ] --END-- [ RunTime:0.000193s ]
INFO: [ app_end ] --START--
INFO: Run Behavior\ShowPageTraceBehavior [ RunTime:0.000314s ]
INFO: [ app_end ] --END-- [ RunTime:0.000345s ]

[ 2019-10-17T10:13:05+08:00 ] ::1 /WebHome/index.php/Admin/Public/login
INFO: [ app_init ] --START--
INFO: Run Behavior\BuildLiteBehavior [ RunTime:0.000010s ]
INFO: [ app_init ] --END-- [ RunTime:0.000289s ]
INFO: [ app_begin ] --START--
INFO: Run Behavior\ReadHtmlCacheBehavior [ RunTime:0.000406s ]
INFO: [ app_begin ] --END-- [ RunTime:0.000442s ]
INFO: [ view_parse ] --START--
INFO: [ template_filter ] --START--
INFO: Run Behavior\ContentReplaceBehavior [ RunTime:0.000045s ]
INFO: [ template_filter ] --END-- [ RunTime:0.000101s ]
INFO: Run Behavior\ParseTemplateBehavior [ RunTime:0.005023s ]
INFO: [ view_parse ] --END-- [ RunTime:0.005063s ]
INFO: [ view_filter ] --START--
INFO: Run Behavior\WriteHtmlCacheBehavior [ RunTime:0.000260s ]
INFO: [ view_filter ] --END-- [ RunTime:0.000286s ]
INFO: [ app_end ] --START--
INFO: Run Behavior\ShowPageTraceBehavior [ RunTime:0.000385s ]
INFO: [ app_end ] --END-- [ RunTime:0.000415s ]

[ 2019-10-17T10:34:57+08:00 ] ::1 /WebHome/index.php/Admin/Public/login
INFO: [ app_init ] --START--
INFO: Run Behavior\BuildLiteBehavior [ RunTime:0.000012s ]
INFO: [ app_init ] --END-- [ RunTime:0.000334s ]
INFO: [ app_begin ] --START--
INFO: Run Behavior\ReadHtmlCacheBehavior [ RunTime:0.000611s ]
INFO: [ app_begin ] --END-- [ RunTime:0.000694s ]
INFO: [ view_parse ] --START--
INFO: [ template_filter ] --START--
INFO: Run Behavior\ContentReplaceBehavior [ RunTime:0.000034s ]
INFO: [ template_filter ] --END-- [ RunTime:0.000074s ]
INFO: Run Behavior\ParseTemplateBehavior [ RunTime:0.004049s ]
INFO: [ view_parse ] --END-- [ RunTime:0.004124s ]
INFO: [ view_filter ] --START--
INFO: Run Behavior\WriteHtmlCacheBehavior [ RunTime:0.000247s ]
INFO: [ view_filter ] --END-- [ RunTime:0.000273s ]
INFO: [ app_end ] --START--
INFO: Run Behavior\ShowPageTraceBehavior [ RunTime:0.000383s ]
INFO: [ app_end ] --END-- [ RunTime:0.000412s ]

[ 2019-10-17T10:34:57+08:00 ] ::1 /WebHome/index.php/Admin/Public/verify.html
INFO: [ app_init ] --START--
INFO: Run Behavior\BuildLiteBehavior [ RunTime:0.000018s ]
INFO: [ app_init ] --END-- [ RunTime:0.000464s ]
INFO: [ app_begin ] --START--
INFO: Run Behavior\ReadHtmlCacheBehavior [ RunTime:0.000756s ]
INFO: [ app_begin ] --END-- [ RunTime:0.000868s ]
INFO: [ app_end ] --START--
INFO: Run Behavior\ShowPageTraceBehavior [ RunTime:0.000520s ]
INFO: [ app_end ] --END-- [ RunTime:0.000583s ]

[ 2019-10-17T10:35:12+08:00 ] ::1 /WebHome/index.php/Admin/Public/verify.html?0.17048362108944382
INFO: [ app_init ] --START--
INFO: Run Behavior\BuildLiteBehavior [ RunTime:0.000021s ]
INFO: [ app_init ] --END-- [ RunTime:0.001952s ]
INFO: [ app_begin ] --START--
INFO: Run Behavior\ReadHtmlCacheBehavior [ RunTime:0.000431s ]
INFO: [ app_begin ] --END-- [ RunTime:0.000467s ]
INFO: [ app_end ] --START--
INFO: Run Behavior\ShowPageTraceBehavior [ RunTime:0.000633s ]
INFO: [ app_end ] --END-- [ RunTime:0.000695s ]

[ 2019-10-17T10:35:41+08:00 ] ::1 /WebHome/index.php/Admin/Public/checkLogin.html
INFO: [ app_init ] --START--
INFO: Run Behavior\BuildLiteBehavior [ RunTime:0.000010s ]
INFO: [ app_init ] --END-- [ RunTime:0.000256s ]
INFO: [ app_begin ] --START--
INFO: Run Behavior\ReadHtmlCacheBehavior [ RunTime:0.003328s ]
INFO: [ app_begin ] --END-- [ RunTime:0.003366s ]
ERR: 非法操作:checkLogin

[ 2019-10-17T10:43:07+08:00 ] ::1 /WebHome/index.php/Admin/Public/login
INFO: [ app_init ] --START--
INFO: Run Behavior\BuildLiteBehavior [ RunTime:0.000020s ]
INFO: [ app_init ] --END-- [ RunTime:0.000644s ]
INFO: [ app_begin ] --START--
INFO: Run Behavior\ReadHtmlCacheBehavior [ RunTime:0.000458s ]
INFO: [ app_begin ] --END-- [ RunTime:0.000505s ]
INFO: [ view_parse ] --START--
INFO: [ template_filter ] --START--
INFO: Run Behavior\ContentReplaceBehavior [ RunTime:0.000035s ]
INFO: [ template_filter ] --END-- [ RunTime:0.000080s ]
INFO: Run Behavior\ParseTemplateBehavior [ RunTime:0.010345s ]
INFO: [ view_parse ] --END-- [ RunTime:0.010406s ]
INFO: [ view_filter ] --START--
INFO: Run Behavior\WriteHtmlCacheBehavior [ RunTime:0.000251s ]
INFO: [ view_filter ] --END-- [ RunTime:0.000277s ]
INFO: [ app_end ] --START--
INFO: Run Behavior\ShowPageTraceBehavior [ RunTime:0.000382s ]
INFO: [ app_end ] --END-- [ RunTime:0.000412s ]

[ 2019-10-17T10:43:07+08:00 ] ::1 /WebHome/index.php/Admin/Public/verify.html
INFO: [ app_init ] --START--
INFO: Run Behavior\BuildLiteBehavior [ RunTime:0.000015s ]
INFO: [ app_init ] --END-- [ RunTime:0.000405s ]
INFO: [ app_begin ] --START--
INFO: Run Behavior\ReadHtmlCacheBehavior [ RunTime:0.000529s ]
INFO: [ app_begin ] --END-- [ RunTime:0.000600s ]
INFO: [ app_end ] --START--
INFO: Run Behavior\ShowPageTraceBehavior [ RunTime:0.000776s ]
INFO: [ app_end ] --END-- [ RunTime:0.000877s ]

[ 2019-10-17T10:56:57+08:00 ] ::1 /WebHome/index.php/Admin/Public/login
INFO: [ app_init ] --START--
INFO: Run Behavior\BuildLiteBehavior [ RunTime:0.000010s ]
INFO: [ app_init ] --END-- [ RunTime:0.000303s ]
INFO: [ app_begin ] --START--
INFO: Run Behavior\ReadHtmlCacheBehavior [ RunTime:0.000479s ]
INFO: [ app_begin ] --END-- [ RunTime:0.000531s ]
INFO: [ view_parse ] --START--
INFO: [ template_filter ] --START--
INFO: Run Behavior\ContentReplaceBehavior [ RunTime:0.000033s ]
INFO: [ template_filter ] --END-- [ RunTime:0.000066s ]
INFO: Run Behavior\ParseTemplateBehavior [ RunTime:0.003997s ]
INFO: [ view_parse ] --END-- [ RunTime:0.004033s ]
INFO: [ view_filter ] --START--
INFO: Run Behavior\WriteHtmlCacheBehavior [ RunTime:0.000247s ]
INFO: [ view_filter ] --END-- [ RunTime:0.000275s ]
INFO: [ app_end ] --START--
INFO: Run Behavior\ShowPageTraceBehavior [ RunTime:0.000381s ]
INFO: [ app_end ] --END-- [ RunTime:0.000410s ]

[ 2019-10-17T10:56:57+08:00 ] ::1 /WebHome/index.php/Admin/Public/verify.html
INFO: [ app_init ] --START--
INFO: Run Behavior\BuildLiteBehavior [ RunTime:0.000009s ]
INFO: [ app_init ] --END-- [ RunTime:0.000248s ]
INFO: [ app_begin ] --START--
INFO: Run Behavior\ReadHtmlCacheBehavior [ RunTime:0.000319s ]
INFO: [ app_begin ] --END-- [ RunTime:0.000355s ]
INFO: [ app_end ] --START--
INFO: Run Behavior\ShowPageTraceBehavior [ RunTime:0.000349s ]
INFO: [ app_end ] --END-- [ RunTime:0.000394s ]

[ 2019-10-17T10:57:06+08:00 ] ::1 /WebHome/index.php/Admin/Public/checkLogin.html
INFO: [ app_init ] --START--
INFO: Run Behavior\BuildLiteBehavior [ RunTime:0.000010s ]
INFO: [ app_init ] --END-- [ RunTime:0.000464s ]
INFO: [ app_begin ] --START--
INFO: Run Behavior\ReadHtmlCacheBehavior [ RunTime:0.000476s ]
INFO: [ app_begin ] --END-- [ RunTime:0.000516s ]
INFO: [ app_end ] --START--
INFO: Run Behavior\ShowPageTraceBehavior [ RunTime:0.000534s ]
INFO: [ app_end ] --END-- [ RunTime:0.000593s ]

[ 2019-10-17T10:59:11+08:00 ] ::1 /WebHome/index.php/Admin/Public/login
INFO: [ app_init ] --START--
INFO: Run Behavior\BuildLiteBehavior [ RunTime:0.000010s ]
INFO: [ app_init ] --END-- [ RunTime:0.000295s ]
INFO: [ app_begin ] --START--
INFO: Run Behavior\ReadHtmlCacheBehavior [ RunTime:0.000414s ]
INFO: [ app_begin ] --END-- [ RunTime:0.000449s ]
INFO: [ view_parse ] --START--
INFO: [ template_filter ] --START--
INFO: Run Behavior\ContentReplaceBehavior [ RunTime:0.000032s ]
INFO: [ template_filter ] --END-- [ RunTime:0.000065s ]
INFO: Run Behavior\ParseTemplateBehavior [ RunTime:0.004099s ]
INFO: [ view_parse ] --END-- [ RunTime:0.004151s ]
INFO: [ view_filter ] --START--
INFO: Run Behavior\WriteHtmlCacheBehavior [ RunTime:0.000660s ]
INFO: [ view_filter ] --END-- [ RunTime:0.000797s ]
INFO: [ app_end ] --START--
INFO: Run Behavior\ShowPageTraceBehavior [ RunTime:0.000540s ]
INFO: [ app_end ] --END-- [ RunTime:0.000583s ]

[ 2019-10-17T10:59:11+08:00 ] ::1 /WebHome/index.php/Admin/Public/verify.html
INFO: [ app_init ] --START--
INFO: Run Behavior\BuildLiteBehavior [ RunTime:0.000009s ]
INFO: [ app_init ] --END-- [ RunTime:0.000246s ]
INFO: [ app_begin ] --START--
INFO: Run Behavior\ReadHtmlCacheBehavior [ RunTime:0.000307s ]
INFO: [ app_begin ] --END-- [ RunTime:0.000344s ]
INFO: [ app_end ] --START--
INFO: Run Behavior\ShowPageTraceBehavior [ RunTime:0.000518s ]
INFO: [ app_end ] --END-- [ RunTime:0.000571s ]

[ 2019-10-17T12:45:40+08:00 ] ::1 /WebHome/index.php/Admin/Public/checkLogin.html
INFO: [ app_begin ] --START--
INFO: Run Behavior\ReadHtmlCacheBehavior [ RunTime:0.000303s ]
INFO: [ app_begin ] --END-- [ RunTime:0.000524s ]
SQL: SHOW COLUMNS FROM `nav_admin` [ RunTime:0.0049s ]
SQL: SELECT * FROM `nav_admin` WHERE `username` = 'mr' LIMIT 1   [ RunTime:0.0004s ]
INFO: [ app_end ] --START--
INFO: Run Behavior\ShowPageTraceBehavior [ RunTime:0.000413s ]
INFO: [ app_end ] --END-- [ RunTime:0.000446s ]

[ 2019-10-17T12:45:50+08:00 ] ::1 /WebHome/index.php/Admin/Public/checkLogin.html
INFO: [ app_begin ] --START--
INFO: Run Behavior\ReadHtmlCacheBehavior [ RunTime:0.000290s ]
INFO: [ app_begin ] --END-- [ RunTime:0.000506s ]
SQL: SHOW COLUMNS FROM `nav_admin` [ RunTime:0.0052s ]
SQL: SELECT * FROM `nav_admin` WHERE `username` = 'mr' LIMIT 1   [ RunTime:0.0003s ]
INFO: [ app_end ] --START--
INFO: Run Behavior\ShowPageTraceBehavior [ RunTime:0.000496s ]
INFO: [ app_end ] --END-- [ RunTime:0.000535s ]

[ 2019-10-17T12:45:59+08:00 ] ::1 /WebHome/index.php/Admin/Public/checkLogin.html
INFO: [ app_begin ] --START--
INFO: Run Behavior\ReadHtmlCacheBehavior [ RunTime:0.000302s ]
INFO: [ app_begin ] --END-- [ RunTime:0.000531s ]
SQL: SHOW COLUMNS FROM `nav_admin` [ RunTime:0.0059s ]
SQL: SELECT * FROM `nav_admin` WHERE `username` = 'mr' LIMIT 1   [ RunTime:0.0004s ]
INFO: [ app_end ] --START--
INFO: Run Behavior\ShowPageTraceBehavior [ RunTime:0.000498s ]
INFO: [ app_end ] --END-- [ RunTime:0.000539s ]

[ 2019-10-17T12:46:39+08:00 ] ::1 /WebHome/index.php/Admin/Public/checkLogin.html
INFO: [ app_begin ] --START--
INFO: Run Behavior\ReadHtmlCacheBehavior [ RunTime:0.000302s ]
INFO: [ app_begin ] --END-- [ RunTime:0.000522s ]
SQL: SHOW COLUMNS FROM `nav_admin` [ RunTime:0.0054s ]
SQL: SELECT * FROM `nav_admin` WHERE `username` = 'mr' LIMIT 1   [ RunTime:0.0004s ]
INFO: [ app_end ] --START--
INFO: Run Behavior\ShowPageTraceBehavior [ RunTime:0.000417s ]
INFO: [ app_end ] --END-- [ RunTime:0.000446s ]

[ 2019-10-17T12:59:20+08:00 ] ::1 /WebHome/index.php/Admin/Public/checkLogin.html
INFO: [ app_begin ] --START--
INFO: Run Behavior\ReadHtmlCacheBehavior [ RunTime:0.000395s ]
INFO: [ app_begin ] --END-- [ RunTime:0.000666s ]
SQL: SHOW COLUMNS FROM `nav_admin` [ RunTime:0.0053s ]
SQL: SELECT * FROM `nav_admin` WHERE `username` = 'mr' LIMIT 1   [ RunTime:0.0004s ]

[ 2019-10-17T12:59:37+08:00 ] ::1 /WebHome/index.php/Admin/Public/checkLogin.html
INFO: [ app_begin ] --START--
INFO: Run Behavior\ReadHtmlCacheBehavior [ RunTime:0.000611s ]
INFO: [ app_begin ] --END-- [ RunTime:0.000905s ]
SQL: SHOW COLUMNS FROM `nav_admin` [ RunTime:0.0060s ]
SQL: SELECT * FROM `nav_admin` WHERE `username` = 'mr' LIMIT 1   [ RunTime:0.0003s ]
SQL: UPDATE `nav_admin` SET `loginip`='0.0.0.0',`logintime`='2019-10-17 12:59:37' WHERE `id` = 1 [ RunTime:0.0007s ]

[ 2019-10-17T12:59:45+08:00 ] ::1 /WebHome/index.php/Admin/Public/checkLogin.html
INFO: [ app_begin ] --START--
INFO: Run Behavior\ReadHtmlCacheBehavior [ RunTime:0.000290s ]
INFO: [ app_begin ] --END-- [ RunTime:0.000536s ]
SQL: SHOW COLUMNS FROM `nav_admin` [ RunTime:0.0058s ]
SQL: SELECT * FROM `nav_admin` WHERE `username` = 'mr' LIMIT 1   [ RunTime:0.0005s ]
SQL: UPDATE `nav_admin` SET `loginip`='0.0.0.0',`logintime`='2019-10-17 12:59:45' WHERE `id` = 1 [ RunTime:0.0004s ]

[ 2019-10-17T12:59:46+08:00 ] ::1 /WebHome/index.php/Admin/Public/checkLogin.html
INFO: [ app_begin ] --START--
INFO: Run Behavior\ReadHtmlCacheBehavior [ RunTime:0.010093s ]
INFO: [ app_begin ] --END-- [ RunTime:0.010314s ]
SQL: SHOW COLUMNS FROM `nav_admin` [ RunTime:0.0056s ]
SQL: SELECT * FROM `nav_admin` WHERE `username` = 'mr' LIMIT 1   [ RunTime:0.0003s ]
SQL: UPDATE `nav_admin` SET `loginip`='0.0.0.0',`logintime`='2019-10-17 12:59:46' WHERE `id` = 1 [ RunTime:0.0003s ]

[ 2019-10-17T12:59:47+08:00 ] ::1 /WebHome/index.php/Admin/Public/checkLogin.html
INFO: [ app_begin ] --START--
INFO: Run Behavior\ReadHtmlCacheBehavior [ RunTime:0.000392s ]
INFO: [ app_begin ] --END-- [ RunTime:0.000644s ]
SQL: SHOW COLUMNS FROM `nav_admin` [ RunTime:0.0048s ]
SQL: SELECT * FROM `nav_admin` WHERE `username` = 'mr' LIMIT 1   [ RunTime:0.0004s ]
SQL: UPDATE `nav_admin` SET `loginip`='0.0.0.0',`logintime`='2019-10-17 12:59:47' WHERE `id` = 1 [ RunTime:0.0004s ]

[ 2019-10-17T12:59:48+08:00 ] ::1 /WebHome/index.php/Admin/Public/checkLogin.html
INFO: [ app_begin ] --START--
INFO: Run Behavior\ReadHtmlCacheBehavior [ RunTime:0.000397s ]
INFO: [ app_begin ] --END-- [ RunTime:0.000675s ]
SQL: SHOW COLUMNS FROM `nav_admin` [ RunTime:0.0054s ]
SQL: SELECT * FROM `nav_admin` WHERE `username` = 'mr' LIMIT 1   [ RunTime:0.0003s ]
SQL: UPDATE `nav_admin` SET `loginip`='0.0.0.0',`logintime`='2019-10-17 12:59:48' WHERE `id` = 1 [ RunTime:0.0004s ]

[ 2019-10-17T12:59:49+08:00 ] ::1 /WebHome/index.php/Admin/Public/checkLogin.html
INFO: [ app_begin ] --START--
INFO: Run Behavior\ReadHtmlCacheBehavior [ RunTime:0.000396s ]
INFO: [ app_begin ] --END-- [ RunTime:0.000647s ]
SQL: SHOW COLUMNS FROM `nav_admin` [ RunTime:0.0054s ]
SQL: SELECT * FROM `nav_admin` WHERE `username` = 'mr' LIMIT 1   [ RunTime:0.0003s ]
SQL: UPDATE `nav_admin` SET `loginip`='0.0.0.0',`logintime`='2019-10-17 12:59:49' WHERE `id` = 1 [ RunTime:0.0003s ]

[ 2019-10-17T12:59:50+08:00 ] ::1 /WebHome/index.php/Admin/Public/checkLogin.html
INFO: [ app_begin ] --START--
INFO: Run Behavior\ReadHtmlCacheBehavior [ RunTime:0.006155s ]
INFO: [ app_begin ] --END-- [ RunTime:0.006378s ]
SQL: SHOW COLUMNS FROM `nav_admin` [ RunTime:0.0052s ]
SQL: SELECT * FROM `nav_admin` WHERE `username` = 'mr' LIMIT 1   [ RunTime:0.0003s ]
SQL: UPDATE `nav_admin` SET `loginip`='0.0.0.0',`logintime`='2019-10-17 12:59:50' WHERE `id` = 1 [ RunTime:0.0003s ]

[ 2019-10-17T12:59:51+08:00 ] ::1 /WebHome/index.php/Admin/Public/checkLogin.html
INFO: [ app_begin ] --START--
INFO: Run Behavior\ReadHtmlCacheBehavior [ RunTime:0.000295s ]
INFO: [ app_begin ] --END-- [ RunTime:0.000653s ]
SQL: SHOW COLUMNS FROM `nav_admin` [ RunTime:0.0058s ]
SQL: SELECT * FROM `nav_admin` WHERE `username` = 'mr' LIMIT 1   [ RunTime:0.0004s ]
SQL: UPDATE `nav_admin` SET `loginip`='0.0.0.0',`logintime`='2019-10-17 12:59:51' WHERE `id` = 1 [ RunTime:0.0003s ]

[ 2019-10-17T12:59:52+08:00 ] ::1 /WebHome/index.php/Admin/Public/checkLogin.html
INFO: [ app_begin ] --START--
INFO: Run Behavior\ReadHtmlCacheBehavior [ RunTime:0.000320s ]
INFO: [ app_begin ] --END-- [ RunTime:0.000658s ]
SQL: SHOW COLUMNS FROM `nav_admin` [ RunTime:0.0048s ]
SQL: SELECT * FROM `nav_admin` WHERE `username` = 'mr' LIMIT 1   [ RunTime:0.0004s ]
SQL: UPDATE `nav_admin` SET `loginip`='0.0.0.0',`logintime`='2019-10-17 12:59:52' WHERE `id` = 1 [ RunTime:0.0004s ]

[ 2019-10-17T12:59:53+08:00 ] ::1 /WebHome/index.php/Admin/Public/checkLogin.html
INFO: [ app_begin ] --START--
INFO: Run Behavior\ReadHtmlCacheBehavior [ RunTime:0.000404s ]
INFO: [ app_begin ] --END-- [ RunTime:0.000663s ]
SQL: SHOW COLUMNS FROM `nav_admin` [ RunTime:0.0055s ]
SQL: SELECT * FROM `nav_admin` WHERE `username` = 'mr' LIMIT 1   [ RunTime:0.0003s ]
SQL: UPDATE `nav_admin` SET `loginip`='0.0.0.0',`logintime`='2019-10-17 12:59:53' WHERE `id` = 1 [ RunTime:0.0003s ]

[ 2019-10-17T12:59:54+08:00 ] ::1 /WebHome/index.php/Admin/Public/checkLogin.html
INFO: [ app_begin ] --START--
INFO: Run Behavior\ReadHtmlCacheBehavior [ RunTime:0.000436s ]
INFO: [ app_begin ] --END-- [ RunTime:0.000688s ]
SQL: SHOW COLUMNS FROM `nav_admin` [ RunTime:0.0056s ]
SQL: SELECT * FROM `nav_admin` WHERE `username` = 'mr' LIMIT 1   [ RunTime:0.0004s ]
SQL: UPDATE `nav_admin` SET `loginip`='0.0.0.0',`logintime`='2019-10-17 12:59:54' WHERE `id` = 1 [ RunTime:0.0003s ]

[ 2019-10-17T12:59:55+08:00 ] ::1 /WebHome/index.php/Admin/Public/checkLogin.html
INFO: [ app_begin ] --START--
INFO: Run Behavior\ReadHtmlCacheBehavior [ RunTime:0.000439s ]
INFO: [ app_begin ] --END-- [ RunTime:0.000709s ]
SQL: SHOW COLUMNS FROM `nav_admin` [ RunTime:0.0057s ]
SQL: SELECT * FROM `nav_admin` WHERE `username` = 'mr' LIMIT 1   [ RunTime:0.0004s ]
SQL: UPDATE `nav_admin` SET `loginip`='0.0.0.0',`logintime`='2019-10-17 12:59:55' WHERE `id` = 1 [ RunTime:0.0004s ]

[ 2019-10-17T12:59:56+08:00 ] ::1 /WebHome/index.php/Admin/Public/checkLogin.html
INFO: [ app_begin ] --START--
INFO: Run Behavior\ReadHtmlCacheBehavior [ RunTime:0.000302s ]
INFO: [ app_begin ] --END-- [ RunTime:0.000525s ]
SQL: SHOW COLUMNS FROM `nav_admin` [ RunTime:0.0051s ]
SQL: SELECT * FROM `nav_admin` WHERE `username` = 'mr' LIMIT 1   [ RunTime:0.0003s ]
SQL: UPDATE `nav_admin` SET `loginip`='0.0.0.0',`logintime`='2019-10-17 12:59:56' WHERE `id` = 1 [ RunTime:0.0003s ]

[ 2019-10-17T12:59:57+08:00 ] ::1 /WebHome/index.php/Admin/Public/checkLogin.html
INFO: [ app_begin ] --START--
INFO: Run Behavior\ReadHtmlCacheBehavior [ RunTime:0.000295s ]
INFO: [ app_begin ] --END-- [ RunTime:0.000514s ]
SQL: SHOW COLUMNS FROM `nav_admin` [ RunTime:0.0056s ]
SQL: SELECT * FROM `nav_admin` WHERE `username` = 'mr' LIMIT 1   [ RunTime:0.0004s ]
SQL: UPDATE `nav_admin` SET `loginip`='0.0.0.0',`logintime`='2019-10-17 12:59:57' WHERE `id` = 1 [ RunTime:0.0004s ]

[ 2019-10-17T12:59:58+08:00 ] ::1 /WebHome/index.php/Admin/Public/checkLogin.html
INFO: [ app_begin ] --START--
INFO: Run Behavior\ReadHtmlCacheBehavior [ RunTime:0.000293s ]
INFO: [ app_begin ] --END-- [ RunTime:0.000523s ]
SQL: SHOW COLUMNS FROM `nav_admin` [ RunTime:0.0059s ]
SQL: SELECT * FROM `nav_admin` WHERE `username` = 'mr' LIMIT 1   [ RunTime:0.0004s ]
SQL: UPDATE `nav_admin` SET `loginip`='0.0.0.0',`logintime`='2019-10-17 12:59:58' WHERE `id` = 1 [ RunTime:0.0003s ]

[ 2019-10-17T12:59:59+08:00 ] ::1 /WebHome/index.php/Admin/Public/checkLogin.html
INFO: [ app_begin ] --START--
INFO: Run Behavior\ReadHtmlCacheBehavior [ RunTime:0.000293s ]
INFO: [ app_begin ] --END-- [ RunTime:0.000517s ]
SQL: SHOW COLUMNS FROM `nav_admin` [ RunTime:0.0053s ]
SQL: SELECT * FROM `nav_admin` WHERE `username` = 'mr' LIMIT 1   [ RunTime:0.0003s ]
SQL: UPDATE `nav_admin` SET `loginip`='0.0.0.0',`logintime`='2019-10-17 12:59:59' WHERE `id` = 1 [ RunTime:0.0003s ]

[ 2019-10-17T13:00:00+08:00 ] ::1 /WebHome/index.php/Admin/Public/checkLogin.html
INFO: [ app_begin ] --START--
INFO: Run Behavior\ReadHtmlCacheBehavior [ RunTime:0.000294s ]
INFO: [ app_begin ] --END-- [ RunTime:0.000508s ]
SQL: SHOW COLUMNS FROM `nav_admin` [ RunTime:0.0051s ]
SQL: SELECT * FROM `nav_admin` WHERE `username` = 'mr' LIMIT 1   [ RunTime:0.0004s ]
SQL: UPDATE `nav_admin` SET `loginip`='0.0.0.0',`logintime`='2019-10-17 13:00:00' WHERE `id` = 1 [ RunTime:0.0003s ]

[ 2019-10-17T13:00:01+08:00 ] ::1 /WebHome/index.php/Admin/Public/checkLogin.html
INFO: [ app_begin ] --START--
INFO: Run Behavior\ReadHtmlCacheBehavior [ RunTime:0.000293s ]
INFO: [ app_begin ] --END-- [ RunTime:0.000507s ]
SQL: SHOW COLUMNS FROM `nav_admin` [ RunTime:0.0051s ]
SQL: SELECT * FROM `nav_admin` WHERE `username` = 'mr' LIMIT 1   [ RunTime:0.0003s ]
SQL: UPDATE `nav_admin` SET `loginip`='0.0.0.0',`logintime`='2019-10-17 13:00:01' WHERE `id` = 1 [ RunTime:0.0003s ]

[ 2019-10-17T13:00:03+08:00 ] ::1 /WebHome/index.php/Admin/Public/checkLogin.html
INFO: [ app_begin ] --START--
INFO: Run Behavior\ReadHtmlCacheBehavior [ RunTime:0.000293s ]
INFO: [ app_begin ] --END-- [ RunTime:0.000508s ]
SQL: SHOW COLUMNS FROM `nav_admin` [ RunTime:0.0059s ]
SQL: SELECT * FROM `nav_admin` WHERE `username` = 'mr' LIMIT 1   [ RunTime:0.0003s ]
SQL: UPDATE `nav_admin` SET `loginip`='0.0.0.0',`logintime`='2019-10-17 13:00:03' WHERE `id` = 1 [ RunTime:0.0003s ]

[ 2019-10-17T13:00:04+08:00 ] ::1 /WebHome/index.php/Admin/Public/checkLogin.html
INFO: [ app_begin ] --START--
INFO: Run Behavior\ReadHtmlCacheBehavior [ RunTime:0.000296s ]
INFO: [ app_begin ] --END-- [ RunTime:0.000513s ]
SQL: SHOW COLUMNS FROM `nav_admin` [ RunTime:0.0056s ]
SQL: SELECT * FROM `nav_admin` WHERE `username` = 'mr' LIMIT 1   [ RunTime:0.0004s ]
SQL: UPDATE `nav_admin` SET `loginip`='0.0.0.0',`logintime`='2019-10-17 13:00:04' WHERE `id` = 1 [ RunTime:0.0004s ]

[ 2019-10-17T13:00:05+08:00 ] ::1 /WebHome/index.php/Admin/Public/checkLogin.html
INFO: [ app_begin ] --START--
INFO: Run Behavior\ReadHtmlCacheBehavior [ RunTime:0.000303s ]
INFO: [ app_begin ] --END-- [ RunTime:0.000529s ]
SQL: SHOW COLUMNS FROM `nav_admin` [ RunTime:0.0052s ]
SQL: SELECT * FROM `nav_admin` WHERE `username` = 'mr' LIMIT 1   [ RunTime:0.0003s ]
SQL: UPDATE `nav_admin` SET `loginip`='0.0.0.0',`logintime`='2019-10-17 13:00:05' WHERE `id` = 1 [ RunTime:0.0003s ]

[ 2019-10-17T13:00:06+08:00 ] ::1 /WebHome/index.php/Admin/Public/checkLogin.html
INFO: [ app_begin ] --START--
INFO: Run Behavior\ReadHtmlCacheBehavior [ RunTime:0.000304s ]
INFO: [ app_begin ] --END-- [ RunTime:0.000529s ]
SQL: SHOW COLUMNS FROM `nav_admin` [ RunTime:0.0056s ]
SQL: SELECT * FROM `nav_admin` WHERE `username` = 'mr' LIMIT 1   [ RunTime:0.0003s ]
SQL: UPDATE `nav_admin` SET `loginip`='0.0.0.0',`logintime`='2019-10-17 13:00:06' WHERE `id` = 1 [ RunTime:0.0002s ]

[ 2019-10-17T13:00:07+08:00 ] ::1 /WebHome/index.php/Admin/Public/checkLogin.html
INFO: [ app_begin ] --START--
INFO: Run Behavior\ReadHtmlCacheBehavior [ RunTime:0.000302s ]
INFO: [ app_begin ] --END-- [ RunTime:0.000523s ]
SQL: SHOW COLUMNS FROM `nav_admin` [ RunTime:0.0054s ]
SQL: SELECT * FROM `nav_admin` WHERE `username` = 'mr' LIMIT 1   [ RunTime:0.0003s ]
SQL: UPDATE `nav_admin` SET `loginip`='0.0.0.0',`logintime`='2019-10-17 13:00:07' WHERE `id` = 1 [ RunTime:0.0004s ]

[ 2019-10-17T13:00:08+08:00 ] ::1 /WebHome/index.php/Admin/Public/checkLogin.html
INFO: [ app_begin ] --START--
INFO: Run Behavior\ReadHtmlCacheBehavior [ RunTime:0.000294s ]
INFO: [ app_begin ] --END-- [ RunTime:0.000508s ]
SQL: SHOW COLUMNS FROM `nav_admin` [ RunTime:0.0055s ]
SQL: SELECT * FROM `nav_admin` WHERE `username` = 'mr' LIMIT 1   [ RunTime:0.0003s ]
SQL: UPDATE `nav_admin` SET `loginip`='0.0.0.0',`logintime`='2019-10-17 13:00:08' WHERE `id` = 1 [ RunTime:0.0003s ]

[ 2019-10-17T13:00:09+08:00 ] ::1 /WebHome/index.php/Admin/Public/checkLogin.html
INFO: [ app_begin ] --START--
INFO: Run Behavior\ReadHtmlCacheBehavior [ RunTime:0.000300s ]
INFO: [ app_begin ] --END-- [ RunTime:0.000522s ]
SQL: SHOW COLUMNS FROM `nav_admin` [ RunTime:0.0054s ]
SQL: SELECT * FROM `nav_admin` WHERE `username` = 'mr' LIMIT 1   [ RunTime:0.0003s ]
SQL: UPDATE `nav_admin` SET `loginip`='0.0.0.0',`logintime`='2019-10-17 13:00:09' WHERE `id` = 1 [ RunTime:0.0003s ]

[ 2019-10-17T13:00:10+08:00 ] ::1 /WebHome/index.php/Admin/Public/checkLogin.html
INFO: [ app_begin ] --START--
INFO: Run Behavior\ReadHtmlCacheBehavior [ RunTime:0.000297s ]
INFO: [ app_begin ] --END-- [ RunTime:0.000516s ]
SQL: SHOW COLUMNS FROM `nav_admin` [ RunTime:0.0050s ]
SQL: SELECT * FROM `nav_admin` WHERE `username` = 'mr' LIMIT 1   [ RunTime:0.0004s ]
SQL: UPDATE `nav_admin` SET `loginip`='0.0.0.0',`logintime`='2019-10-17 13:00:10' WHERE `id` = 1 [ RunTime:0.0003s ]

[ 2019-10-17T13:00:11+08:00 ] ::1 /WebHome/index.php/Admin/Public/checkLogin.html
INFO: [ app_begin ] --START--
INFO: Run Behavior\ReadHtmlCacheBehavior [ RunTime:0.000303s ]
INFO: [ app_begin ] --END-- [ RunTime:0.000529s ]
SQL: SHOW COLUMNS FROM `nav_admin` [ RunTime:0.0057s ]
SQL: SELECT * FROM `nav_admin` WHERE `username` = 'mr' LIMIT 1   [ RunTime:0.0004s ]
SQL: UPDATE `nav_admin` SET `loginip`='0.0.0.0',`logintime`='2019-10-17 13:00:11' WHERE `id` = 1 [ RunTime:0.0004s ]

[ 2019-10-17T13:00:12+08:00 ] ::1 /WebHome/index.php/Admin/Public/checkLogin.html
INFO: [ app_begin ] --START--
INFO: Run Behavior\ReadHtmlCacheBehavior [ RunTime:0.000293s ]
INFO: [ app_begin ] --END-- [ RunTime:0.000510s ]
SQL: SHOW COLUMNS FROM `nav_admin` [ RunTime:0.0055s ]
SQL: SELECT * FROM `nav_admin` WHERE `username` = 'mr' LIMIT 1   [ RunTime:0.0003s ]
SQL: UPDATE `nav_admin` SET `loginip`='0.0.0.0',`logintime`='2019-10-17 13:00:12' WHERE `id` = 1 [ RunTime:0.0003s ]

[ 2019-10-17T13:00:13+08:00 ] ::1 /WebHome/index.php/Admin/Public/checkLogin.html
INFO: [ app_begin ] --START--
INFO: Run Behavior\ReadHtmlCacheBehavior [ RunTime:0.000301s ]
INFO: [ app_begin ] --END-- [ RunTime:0.000525s ]
SQL: SHOW COLUMNS FROM `nav_admin` [ RunTime:0.0059s ]
SQL: SELECT * FROM `nav_admin` WHERE `username` = 'mr' LIMIT 1   [ RunTime:0.0003s ]
SQL: UPDATE `nav_admin` SET `loginip`='0.0.0.0',`logintime`='2019-10-17 13:00:13' WHERE `id` = 1 [ RunTime:0.0003s ]

[ 2019-10-17T13:00:14+08:00 ] ::1 /WebHome/index.php/Admin/Public/checkLogin.html
INFO: [ app_begin ] --START--
INFO: Run Behavior\ReadHtmlCacheBehavior [ RunTime:0.000294s ]
INFO: [ app_begin ] --END-- [ RunTime:0.000512s ]
SQL: SHOW COLUMNS FROM `nav_admin` [ RunTime:0.0055s ]
SQL: SELECT * FROM `nav_admin` WHERE `username` = 'mr' LIMIT 1   [ RunTime:0.0005s ]
SQL: UPDATE `nav_admin` SET `loginip`='0.0.0.0',`logintime`='2019-10-17 13:00:14' WHERE `id` = 1 [ RunTime:0.0005s ]

[ 2019-10-17T13:00:23+08:00 ] ::1 /WebHome/index.php/Admin/Public/checkLogin.html
INFO: [ app_begin ] --START--
INFO: Run Behavior\ReadHtmlCacheBehavior [ RunTime:0.000294s ]
INFO: [ app_begin ] --END-- [ RunTime:0.000536s ]
SQL: SHOW COLUMNS FROM `nav_admin` [ RunTime:0.0043s ]
SQL: SELECT * FROM `nav_admin` WHERE `username` = 'mr' LIMIT 1   [ RunTime:0.0004s ]
SQL: UPDATE `nav_admin` SET `loginip`='0.0.0.0',`logintime`='2019-10-17 13:00:23' WHERE `id` = 1 [ RunTime:0.0004s ]

[ 2019-10-17T13:00:24+08:00 ] ::1 /WebHome/index.php/Admin/Public/checkLogin.html
INFO: [ app_begin ] --START--
INFO: Run Behavior\ReadHtmlCacheBehavior [ RunTime:0.000294s ]
INFO: [ app_begin ] --END-- [ RunTime:0.000511s ]
SQL: SHOW COLUMNS FROM `nav_admin` [ RunTime:0.0059s ]
SQL: SELECT * FROM `nav_admin` WHERE `username` = 'mr' LIMIT 1   [ RunTime:0.0004s ]
SQL: UPDATE `nav_admin` SET `loginip`='0.0.0.0',`logintime`='2019-10-17 13:00:24' WHERE `id` = 1 [ RunTime:0.0004s ]

[ 2019-10-17T13:00:25+08:00 ] ::1 /WebHome/index.php/Admin/Public/checkLogin.html
INFO: [ app_begin ] --START--
INFO: Run Behavior\ReadHtmlCacheBehavior [ RunTime:0.000310s ]
INFO: [ app_begin ] --END-- [ RunTime:0.000604s ]
SQL: SHOW COLUMNS FROM `nav_admin` [ RunTime:0.0057s ]
SQL: SELECT * FROM `nav_admin` WHERE `username` = 'mr' LIMIT 1   [ RunTime:0.0003s ]
SQL: UPDATE `nav_admin` SET `loginip`='0.0.0.0',`logintime`='2019-10-17 13:00:25' WHERE `id` = 1 [ RunTime:0.0003s ]

[ 2019-10-17T13:00:27+08:00 ] ::1 /WebHome/index.php/Admin/Public/checkLogin.html
INFO: [ app_begin ] --START--
INFO: Run Behavior\ReadHtmlCacheBehavior [ RunTime:0.000334s ]
INFO: [ app_begin ] --END-- [ RunTime:0.000561s ]
SQL: SHOW COLUMNS FROM `nav_admin` [ RunTime:0.0055s ]
SQL: SELECT * FROM `nav_admin` WHERE `username` = 'mr' LIMIT 1   [ RunTime:0.0003s ]
SQL: UPDATE `nav_admin` SET `loginip`='0.0.0.0',`logintime`='2019-10-17 13:00:27' WHERE `id` = 1 [ RunTime:0.0004s ]

[ 2019-10-17T13:00:28+08:00 ] ::1 /WebHome/index.php/Admin/Public/checkLogin.html
INFO: [ app_begin ] --START--
INFO: Run Behavior\ReadHtmlCacheBehavior [ RunTime:0.000293s ]
INFO: [ app_begin ] --END-- [ RunTime:0.000542s ]
SQL: SHOW COLUMNS FROM `nav_admin` [ RunTime:0.0050s ]
SQL: SELECT * FROM `nav_admin` WHERE `username` = 'mr' LIMIT 1   [ RunTime:0.0004s ]
SQL: UPDATE `nav_admin` SET `loginip`='0.0.0.0',`logintime`='2019-10-17 13:00:28' WHERE `id` = 1 [ RunTime:0.0003s ]

[ 2019-10-17T13:01:11+08:00 ] ::1 /WebHome/index.php/Admin/Public/checkLogin.html
INFO: [ app_begin ] --START--
INFO: Run Behavior\ReadHtmlCacheBehavior [ RunTime:0.000303s ]
INFO: [ app_begin ] --END-- [ RunTime:0.000530s ]
SQL: SHOW COLUMNS FROM `nav_admin` [ RunTime:0.0182s ]
SQL: SELECT * FROM `nav_admin` WHERE `username` = 'mr1' LIMIT 1   [ RunTime:0.0003s ]

[ 2019-10-17T13:01:12+08:00 ] ::1 /WebHome/index.php/Admin/Public/checkLogin.html
INFO: [ app_begin ] --START--
INFO: Run Behavior\ReadHtmlCacheBehavior [ RunTime:0.000295s ]
INFO: [ app_begin ] --END-- [ RunTime:0.000532s ]
SQL: SHOW COLUMNS FROM `nav_admin` [ RunTime:0.0068s ]
SQL: SELECT * FROM `nav_admin` WHERE `username` = 'mr1' LIMIT 1   [ RunTime:0.0003s ]

[ 2019-10-17T13:01:17+08:00 ] ::1 /WebHome/index.php/Admin/Public/checkLogin.html
INFO: [ app_begin ] --START--
INFO: Run Behavior\ReadHtmlCacheBehavior [ RunTime:0.003231s ]
INFO: [ app_begin ] --END-- [ RunTime:0.003454s ]
SQL: SHOW COLUMNS FROM `nav_admin` [ RunTime:0.0057s ]
SQL: SELECT * FROM `nav_admin` WHERE `username` = '111' LIMIT 1   [ RunTime:0.0004s ]

[ 2019-10-17T13:01:18+08:00 ] ::1 /WebHome/index.php/Admin/Public/checkLogin.html
INFO: [ app_begin ] --START--
INFO: Run Behavior\ReadHtmlCacheBehavior [ RunTime:0.003080s ]
INFO: [ app_begin ] --END-- [ RunTime:0.003305s ]
SQL: SHOW COLUMNS FROM `nav_admin` [ RunTime:0.0055s ]
SQL: SELECT * FROM `nav_admin` WHERE `username` = '111' LIMIT 1   [ RunTime:0.0005s ]

[ 2019-10-17T13:01:19+08:00 ] ::1 /WebHome/index.php/Admin/Public/checkLogin.html
INFO: [ app_begin ] --START--
INFO: Run Behavior\ReadHtmlCacheBehavior [ RunTime:0.000296s ]
INFO: [ app_begin ] --END-- [ RunTime:0.000562s ]
SQL: SHOW COLUMNS FROM `nav_admin` [ RunTime:0.0059s ]
SQL: SELECT * FROM `nav_admin` WHERE `username` = '111' LIMIT 1   [ RunTime:0.0005s ]

[ 2019-10-17T13:01:20+08:00 ] ::1 /WebHome/index.php/Admin/Public/checkLogin.html
INFO: [ app_begin ] --START--
INFO: Run Behavior\ReadHtmlCacheBehavior [ RunTime:0.000297s ]
INFO: [ app_begin ] --END-- [ RunTime:0.000520s ]
SQL: SHOW COLUMNS FROM `nav_admin` [ RunTime:0.0046s ]
SQL: SELECT * FROM `nav_admin` WHERE `username` = '111' LIMIT 1   [ RunTime:0.0004s ]

[ 2019-10-17T13:01:21+08:00 ] ::1 /WebHome/index.php/Admin/Public/checkLogin.html
INFO: [ app_begin ] --START--
INFO: Run Behavior\ReadHtmlCacheBehavior [ RunTime:0.000305s ]
INFO: [ app_begin ] --END-- [ RunTime:0.000525s ]
SQL: SHOW COLUMNS FROM `nav_admin` [ RunTime:0.0043s ]
SQL: SELECT * FROM `nav_admin` WHERE `username` = '111' LIMIT 1   [ RunTime:0.0003s ]

[ 2019-10-17T13:01:22+08:00 ] ::1 /WebHome/index.php/Admin/Public/checkLogin.html
INFO: [ app_begin ] --START--
INFO: Run Behavior\ReadHtmlCacheBehavior [ RunTime:0.000397s ]
INFO: [ app_begin ] --END-- [ RunTime:0.000818s ]
SQL: SHOW COLUMNS FROM `nav_admin` [ RunTime:0.0053s ]
SQL: SELECT * FROM `nav_admin` WHERE `username` = '111' LIMIT 1   [ RunTime:0.0003s ]

[ 2019-10-17T13:01:23+08:00 ] ::1 /WebHome/index.php/Admin/Public/checkLogin.html
INFO: [ app_begin ] --START--
INFO: Run Behavior\ReadHtmlCacheBehavior [ RunTime:0.000296s ]
INFO: [ app_begin ] --END-- [ RunTime:0.000516s ]
SQL: SHOW COLUMNS FROM `nav_admin` [ RunTime:0.0060s ]
SQL: SELECT * FROM `nav_admin` WHERE `username` = '111' LIMIT 1   [ RunTime:0.0004s ]

[ 2019-10-17T13:01:24+08:00 ] ::1 /WebHome/index.php/Admin/Public/checkLogin.html
INFO: [ app_begin ] --START--
INFO: Run Behavior\ReadHtmlCacheBehavior [ RunTime:0.000327s ]
INFO: [ app_begin ] --END-- [ RunTime:0.000547s ]
SQL: SHOW COLUMNS FROM `nav_admin` [ RunTime:0.0065s ]
SQL: SELECT * FROM `nav_admin` WHERE `username` = '111' LIMIT 1   [ RunTime:0.0003s ]

[ 2019-10-17T13:01:25+08:00 ] ::1 /WebHome/index.php/Admin/Public/checkLogin.html
INFO: [ app_begin ] --START--
INFO: Run Behavior\ReadHtmlCacheBehavior [ RunTime:0.000293s ]
INFO: [ app_begin ] --END-- [ RunTime:0.000511s ]
SQL: SHOW COLUMNS FROM `nav_admin` [ RunTime:0.0045s ]
SQL: SELECT * FROM `nav_admin` WHERE `username` = '111' LIMIT 1   [ RunTime:0.0002s ]

[ 2019-10-17T13:01:26+08:00 ] ::1 /WebHome/index.php/Admin/Public/checkLogin.html
INFO: [ app_begin ] --START--
INFO: Run Behavior\ReadHtmlCacheBehavior [ RunTime:0.000294s ]
INFO: [ app_begin ] --END-- [ RunTime:0.000522s ]
SQL: SHOW COLUMNS FROM `nav_admin` [ RunTime:0.0057s ]
SQL: SELECT * FROM `nav_admin` WHERE `username` = '111' LIMIT 1   [ RunTime:0.0003s ]

[ 2019-10-17T13:01:27+08:00 ] ::1 /WebHome/index.php/Admin/Public/checkLogin.html
INFO: [ app_begin ] --START--
INFO: Run Behavior\ReadHtmlCacheBehavior [ RunTime:0.000300s ]
INFO: [ app_begin ] --END-- [ RunTime:0.000522s ]
SQL: SHOW COLUMNS FROM `nav_admin` [ RunTime:0.0059s ]
SQL: SELECT * FROM `nav_admin` WHERE `username` = '111' LIMIT 1   [ RunTime:0.0004s ]

[ 2019-10-17T13:02:16+08:00 ] ::1 /WebHome/index.php/Admin/Public/checkLogin.html
INFO: [ app_begin ] --START--
INFO: Run Behavior\ReadHtmlCacheBehavior [ RunTime:0.000294s ]
INFO: [ app_begin ] --END-- [ RunTime:0.000511s ]
SQL: SHOW COLUMNS FROM `nav_admin` [ RunTime:0.0059s ]
SQL: SELECT * FROM `nav_admin` WHERE `username` = '222' LIMIT 1   [ RunTime:0.0005s ]

[ 2019-10-17T13:02:24+08:00 ] ::1 /WebHome/index.php/Admin/Public/checkLogin.html
INFO: [ app_begin ] --START--
INFO: Run Behavior\ReadHtmlCacheBehavior [ RunTime:0.000314s ]
INFO: [ app_begin ] --END-- [ RunTime:0.007169s ]
SQL: SHOW COLUMNS FROM `nav_admin` [ RunTime:0.0059s ]
SQL: SELECT * FROM `nav_admin` WHERE `username` = '222' LIMIT 1   [ RunTime:0.0003s ]

[ 2019-10-17T13:02:33+08:00 ] ::1 /WebHome/index.php/Admin/Public/checkLogin.html
INFO: [ app_begin ] --START--
INFO: Run Behavior\ReadHtmlCacheBehavior [ RunTime:0.000301s ]
INFO: [ app_begin ] --END-- [ RunTime:0.000526s ]
SQL: SHOW COLUMNS FROM `nav_admin` [ RunTime:0.1069s ]
SQL: SELECT * FROM `nav_admin` WHERE `username` = '333' LIMIT 1   [ RunTime:0.0004s ]

[ 2019-10-17T13:08:56+08:00 ] ::1 /WebHome/index.php/Admin/Public/checkLogin.html
INFO: [ app_begin ] --START--
INFO: Run Behavior\ReadHtmlCacheBehavior [ RunTime:0.000397s ]
INFO: [ app_begin ] --END-- [ RunTime:0.000650s ]
SQL: SHOW COLUMNS FROM `nav_admin` [ RunTime:0.0064s ]
SQL: SELECT * FROM `nav_admin` WHERE `username` = '333' LIMIT 1   [ RunTime:0.0004s ]

[ 2019-10-17T13:09:08+08:00 ] ::1 /WebHome/index.php/Admin/Public/checkLogin.html
INFO: [ app_begin ] --START--
INFO: Run Behavior\ReadHtmlCacheBehavior [ RunTime:0.000298s ]
INFO: [ app_begin ] --END-- [ RunTime:0.000584s ]
SQL: SHOW COLUMNS FROM `nav_admin` [ RunTime:0.0047s ]
SQL: SELECT * FROM `nav_admin` WHERE `username` = '111' LIMIT 1   [ RunTime:0.0003s ]

[ 2019-10-17T13:09:09+08:00 ] ::1 /WebHome/index.php/Admin/Public/checkLogin.html
INFO: [ app_begin ] --START--
INFO: Run Behavior\ReadHtmlCacheBehavior [ RunTime:0.000422s ]
INFO: [ app_begin ] --END-- [ RunTime:0.000695s ]
SQL: SHOW COLUMNS FROM `nav_admin` [ RunTime:0.0059s ]
SQL: SELECT * FROM `nav_admin` WHERE `username` = '111' LIMIT 1   [ RunTime:0.0005s ]

[ 2019-10-17T13:09:10+08:00 ] ::1 /WebHome/index.php/Admin/Public/checkLogin.html
INFO: [ app_begin ] --START--
INFO: Run Behavior\ReadHtmlCacheBehavior [ RunTime:0.000300s ]
INFO: [ app_begin ] --END-- [ RunTime:0.000527s ]
SQL: SHOW COLUMNS FROM `nav_admin` [ RunTime:0.0047s ]
SQL: SELECT * FROM `nav_admin` WHERE `username` = '111' LIMIT 1   [ RunTime:0.0003s ]

[ 2019-10-17T13:09:11+08:00 ] ::1 /WebHome/index.php/Admin/Public/checkLogin.html
INFO: [ app_begin ] --START--
INFO: Run Behavior\ReadHtmlCacheBehavior [ RunTime:0.000399s ]
INFO: [ app_begin ] --END-- [ RunTime:0.000650s ]
SQL: SHOW COLUMNS FROM `nav_admin` [ RunTime:0.0048s ]
SQL: SELECT * FROM `nav_admin` WHERE `username` = '111' LIMIT 1   [ RunTime:0.0004s ]

[ 2019-10-17T13:09:12+08:00 ] ::1 /WebHome/index.php/Admin/Public/checkLogin.html
INFO: [ app_begin ] --START--
INFO: Run Behavior\ReadHtmlCacheBehavior [ RunTime:0.000610s ]
INFO: [ app_begin ] --END-- [ RunTime:0.000997s ]
SQL: SHOW COLUMNS FROM `nav_admin` [ RunTime:0.0053s ]
SQL: SELECT * FROM `nav_admin` WHERE `username` = '111' LIMIT 1   [ RunTime:0.0003s ]

[ 2019-10-17T13:09:13+08:00 ] ::1 /WebHome/index.php/Admin/Public/checkLogin.html
INFO: [ app_begin ] --START--
INFO: Run Behavior\ReadHtmlCacheBehavior [ RunTime:0.000297s ]
INFO: [ app_begin ] --END-- [ RunTime:0.000550s ]
SQL: SHOW COLUMNS FROM `nav_admin` [ RunTime:0.0062s ]
SQL: SELECT * FROM `nav_admin` WHERE `username` = '111' LIMIT 1   [ RunTime:0.0003s ]

[ 2019-10-17T13:09:14+08:00 ] ::1 /WebHome/index.php/Admin/Public/checkLogin.html
INFO: [ app_begin ] --START--
INFO: Run Behavior\ReadHtmlCacheBehavior [ RunTime:0.000397s ]
INFO: [ app_begin ] --END-- [ RunTime:0.000679s ]
SQL: SHOW COLUMNS FROM `nav_admin` [ RunTime:0.0061s ]
SQL: SELECT * FROM `nav_admin` WHERE `username` = '111' LIMIT 1   [ RunTime:0.0005s ]

[ 2019-10-17T13:09:15+08:00 ] ::1 /WebHome/index.php/Admin/Public/checkLogin.html
INFO: [ app_begin ] --START--
INFO: Run Behavior\ReadHtmlCacheBehavior [ RunTime:0.000466s ]
INFO: [ app_begin ] --END-- [ RunTime:0.000722s ]
SQL: SHOW COLUMNS FROM `nav_admin` [ RunTime:0.0052s ]
SQL: SELECT * FROM `nav_admin` WHERE `username` = '111' LIMIT 1   [ RunTime:0.0003s ]

[ 2019-10-17T13:09:16+08:00 ] ::1 /WebHome/index.php/Admin/Public/checkLogin.html
INFO: [ app_begin ] --START--
INFO: Run Behavior\ReadHtmlCacheBehavior [ RunTime:0.000399s ]
INFO: [ app_begin ] --END-- [ RunTime:0.000649s ]
SQL: SHOW COLUMNS FROM `nav_admin` [ RunTime:0.0046s ]
SQL: SELECT * FROM `nav_admin` WHERE `username` = '111' LIMIT 1   [ RunTime:0.0003s ]

[ 2019-10-17T13:09:17+08:00 ] ::1 /WebHome/index.php/Admin/Public/checkLogin.html
INFO: [ app_begin ] --START--
INFO: Run Behavior\ReadHtmlCacheBehavior [ RunTime:0.000404s ]
INFO: [ app_begin ] --END-- [ RunTime:0.000701s ]
SQL: SHOW COLUMNS FROM `nav_admin` [ RunTime:0.0062s ]
SQL: SELECT * FROM `nav_admin` WHERE `username` = '111' LIMIT 1   [ RunTime:0.0004s ]

[ 2019-10-17T13:09:18+08:00 ] ::1 /WebHome/index.php/Admin/Public/checkLogin.html
INFO: [ app_begin ] --START--
INFO: Run Behavior\ReadHtmlCacheBehavior [ RunTime:0.000301s ]
INFO: [ app_begin ] --END-- [ RunTime:0.000522s ]
SQL: SHOW COLUMNS FROM `nav_admin` [ RunTime:0.0055s ]
SQL: SELECT * FROM `nav_admin` WHERE `username` = '111' LIMIT 1   [ RunTime:0.0003s ]

[ 2019-10-17T13:09:19+08:00 ] ::1 /WebHome/index.php/Admin/Public/checkLogin.html
INFO: [ app_begin ] --START--
INFO: Run Behavior\ReadHtmlCacheBehavior [ RunTime:0.000314s ]
INFO: [ app_begin ] --END-- [ RunTime:0.000544s ]
SQL: SHOW COLUMNS FROM `nav_admin` [ RunTime:0.0049s ]
SQL: SELECT * FROM `nav_admin` WHERE `username` = '111' LIMIT 1   [ RunTime:0.0003s ]

[ 2019-10-17T13:09:20+08:00 ] ::1 /WebHome/index.php/Admin/Public/checkLogin.html
INFO: [ app_begin ] --START--
INFO: Run Behavior\ReadHtmlCacheBehavior [ RunTime:0.000295s ]
INFO: [ app_begin ] --END-- [ RunTime:0.000510s ]
SQL: SHOW COLUMNS FROM `nav_admin` [ RunTime:0.0047s ]
SQL: SELECT * FROM `nav_admin` WHERE `username` = '111' LIMIT 1   [ RunTime:0.0003s ]

[ 2019-10-17T13:09:21+08:00 ] ::1 /WebHome/index.php/Admin/Public/checkLogin.html
INFO: [ app_begin ] --START--
INFO: Run Behavior\ReadHtmlCacheBehavior [ RunTime:0.000293s ]
INFO: [ app_begin ] --END-- [ RunTime:0.000510s ]
SQL: SHOW COLUMNS FROM `nav_admin` [ RunTime:0.0056s ]
SQL: SELECT * FROM `nav_admin` WHERE `username` = '111' LIMIT 1   [ RunTime:0.0004s ]

[ 2019-10-17T13:09:22+08:00 ] ::1 /WebHome/index.php/Admin/Public/checkLogin.html
INFO: [ app_begin ] --START--
INFO: Run Behavior\ReadHtmlCacheBehavior [ RunTime:0.000306s ]
INFO: [ app_begin ] --END-- [ RunTime:0.000570s ]
SQL: SHOW COLUMNS FROM `nav_admin` [ RunTime:0.0057s ]
SQL: SELECT * FROM `nav_admin` WHERE `username` = 'mr' LIMIT 1   [ RunTime:0.0003s ]
SQL: UPDATE `nav_admin` SET `loginip`='0.0.0.0',`logintime`='2019-10-17 13:09:22' WHERE `id` = 1 [ RunTime:0.0003s ]

[ 2019-10-17T13:09:23+08:00 ] ::1 /WebHome/index.php/Admin/Public/checkLogin.html
INFO: [ app_begin ] --START--
INFO: Run Behavior\ReadHtmlCacheBehavior [ RunTime:0.000342s ]
INFO: [ app_begin ] --END-- [ RunTime:0.000588s ]
SQL: SHOW COLUMNS FROM `nav_admin` [ RunTime:0.0046s ]
SQL: SELECT * FROM `nav_admin` WHERE `username` = 'mr' LIMIT 1   [ RunTime:0.0003s ]
SQL: UPDATE `nav_admin` SET `loginip`='0.0.0.0',`logintime`='2019-10-17 13:09:23' WHERE `id` = 1 [ RunTime:0.0004s ]

[ 2019-10-17T13:09:25+08:00 ] ::1 /WebHome/index.php/Admin/Public/checkLogin.html
INFO: [ app_begin ] --START--
INFO: Run Behavior\ReadHtmlCacheBehavior [ RunTime:0.000304s ]
INFO: [ app_begin ] --END-- [ RunTime:0.000528s ]
SQL: SHOW COLUMNS FROM `nav_admin` [ RunTime:0.1203s ]
SQL: SELECT * FROM `nav_admin` WHERE `username` = 'mr' LIMIT 1   [ RunTime:0.0004s ]
SQL: UPDATE `nav_admin` SET `loginip`='0.0.0.0',`logintime`='2019-10-17 13:09:25' WHERE `id` = 1 [ RunTime:0.0004s ]

[ 2019-10-17T13:09:26+08:00 ] ::1 /WebHome/index.php/Admin/Public/checkLogin.html
INFO: [ app_begin ] --START--
INFO: Run Behavior\ReadHtmlCacheBehavior [ RunTime:0.000296s ]
INFO: [ app_begin ] --END-- [ RunTime:0.000535s ]
SQL: SHOW COLUMNS FROM `nav_admin` [ RunTime:0.0062s ]
SQL: SELECT * FROM `nav_admin` WHERE `username` = 'mr' LIMIT 1   [ RunTime:0.0004s ]
SQL: UPDATE `nav_admin` SET `loginip`='0.0.0.0',`logintime`='2019-10-17 13:09:26' WHERE `id` = 1 [ RunTime:0.0004s ]

[ 2019-10-17T13:09:27+08:00 ] ::1 /WebHome/index.php/Admin/Public/checkLogin.html
INFO: [ app_begin ] --START--
INFO: Run Behavior\ReadHtmlCacheBehavior [ RunTime:0.000307s ]
INFO: [ app_begin ] --END-- [ RunTime:0.000583s ]
SQL: SHOW COLUMNS FROM `nav_admin` [ RunTime:0.0053s ]
SQL: SELECT * FROM `nav_admin` WHERE `username` = 'mr' LIMIT 1   [ RunTime:0.0003s ]
SQL: UPDATE `nav_admin` SET `loginip`='0.0.0.0',`logintime`='2019-10-17 13:09:27' WHERE `id` = 1 [ RunTime:0.0003s ]

[ 2019-10-17T13:09:28+08:00 ] ::1 /WebHome/index.php/Admin/Public/checkLogin.html
INFO: [ app_begin ] --START--
INFO: Run Behavior\ReadHtmlCacheBehavior [ RunTime:0.000304s ]
INFO: [ app_begin ] --END-- [ RunTime:0.000527s ]
SQL: SHOW COLUMNS FROM `nav_admin` [ RunTime:0.0058s ]
SQL: SELECT * FROM `nav_admin` WHERE `username` = 'mr' LIMIT 1   [ RunTime:0.0004s ]
SQL: UPDATE `nav_admin` SET `loginip`='0.0.0.0',`logintime`='2019-10-17 13:09:28' WHERE `id` = 1 [ RunTime:0.0004s ]

[ 2019-10-17T13:09:29+08:00 ] ::1 /WebHome/index.php/Admin/Public/checkLogin.html
INFO: [ app_begin ] --START--
INFO: Run Behavior\ReadHtmlCacheBehavior [ RunTime:0.000306s ]
INFO: [ app_begin ] --END-- [ RunTime:0.000539s ]
SQL: SHOW COLUMNS FROM `nav_admin` [ RunTime:0.0054s ]
SQL: SELECT * FROM `nav_admin` WHERE `username` = 'mr' LIMIT 1   [ RunTime:0.0004s ]
SQL: UPDATE `nav_admin` SET `loginip`='0.0.0.0',`logintime`='2019-10-17 13:09:29' WHERE `id` = 1 [ RunTime:0.0002s ]

[ 2019-10-17T13:09:30+08:00 ] ::1 /WebHome/index.php/Admin/Public/checkLogin.html
INFO: [ app_begin ] --START--
INFO: Run Behavior\ReadHtmlCacheBehavior [ RunTime:0.000321s ]
INFO: [ app_begin ] --END-- [ RunTime:0.000537s ]
SQL: SHOW COLUMNS FROM `nav_admin` [ RunTime:0.0051s ]
SQL: SELECT * FROM `nav_admin` WHERE `username` = 'mr' LIMIT 1   [ RunTime:0.0004s ]
SQL: UPDATE `nav_admin` SET `loginip`='0.0.0.0',`logintime`='2019-10-17 13:09:30' WHERE `id` = 1 [ RunTime:0.0004s ]

[ 2019-10-17T13:09:31+08:00 ] ::1 /WebHome/index.php/Admin/Public/checkLogin.html
INFO: [ app_begin ] --START--
INFO: Run Behavior\ReadHtmlCacheBehavior [ RunTime:0.000302s ]
INFO: [ app_begin ] --END-- [ RunTime:0.000525s ]
SQL: SHOW COLUMNS FROM `nav_admin` [ RunTime:0.0056s ]
SQL: SELECT * FROM `nav_admin` WHERE `username` = 'mr' LIMIT 1   [ RunTime:0.0004s ]
SQL: UPDATE `nav_admin` SET `loginip`='0.0.0.0',`logintime`='2019-10-17 13:09:31' WHERE `id` = 1 [ RunTime:0.0003s ]

[ 2019-10-17T13:09:32+08:00 ] ::1 /WebHome/index.php/Admin/Public/checkLogin.html
INFO: [ app_begin ] --START--
INFO: Run Behavior\ReadHtmlCacheBehavior [ RunTime:0.000321s ]
INFO: [ app_begin ] --END-- [ RunTime:0.000574s ]
SQL: SHOW COLUMNS FROM `nav_admin` [ RunTime:0.0052s ]
SQL: SELECT * FROM `nav_admin` WHERE `username` = 'mr' LIMIT 1   [ RunTime:0.0003s ]
SQL: UPDATE `nav_admin` SET `loginip`='0.0.0.0',`logintime`='2019-10-17 13:09:32' WHERE `id` = 1 [ RunTime:0.0003s ]

[ 2019-10-17T13:09:33+08:00 ] ::1 /WebHome/index.php/Admin/Public/checkLogin.html
INFO: [ app_begin ] --START--
INFO: Run Behavior\ReadHtmlCacheBehavior [ RunTime:0.000341s ]
INFO: [ app_begin ] --END-- [ RunTime:0.000563s ]
SQL: SHOW COLUMNS FROM `nav_admin` [ RunTime:0.0052s ]
SQL: SELECT * FROM `nav_admin` WHERE `username` = 'mr' LIMIT 1   [ RunTime:0.0005s ]
SQL: UPDATE `nav_admin` SET `loginip`='0.0.0.0',`logintime`='2019-10-17 13:09:33' WHERE `id` = 1 [ RunTime:0.0003s ]

[ 2019-10-17T13:12:26+08:00 ] ::1 /WebHome/index.php/Admin/Public/checkLogin.html
INFO: [ app_begin ] --START--
INFO: Run Behavior\ReadHtmlCacheBehavior [ RunTime:0.000409s ]
INFO: [ app_begin ] --END-- [ RunTime:0.000666s ]

[ 2019-10-17T13:22:44+08:00 ] ::1 /WebHome/index.php/Admin/Public/checkLogin.html
INFO: [ app_begin ] --START--
INFO: Run Behavior\ReadHtmlCacheBehavior [ RunTime:0.000310s ]
INFO: [ app_begin ] --END-- [ RunTime:0.000553s ]
SQL: SHOW COLUMNS FROM `nav_admin` [ RunTime:0.0051s ]
SQL: SELECT * FROM `nav_admin` WHERE `username` = 'mr' LIMIT 1   [ RunTime:0.0005s ]

[ 2019-10-17T13:22:46+08:00 ] ::1 /WebHome/index.php/Admin/Public/checkLogin.html
INFO: [ app_begin ] --START--
INFO: Run Behavior\ReadHtmlCacheBehavior [ RunTime:0.000288s ]
INFO: [ app_begin ] --END-- [ RunTime:0.000504s ]

[ 2019-10-17T13:22:46+08:00 ] ::1 /WebHome/index.php/Admin/Public/checkLogin.html
INFO: [ app_begin ] --START--
INFO: Run Behavior\ReadHtmlCacheBehavior [ RunTime:0.000326s ]
INFO: [ app_begin ] --END-- [ RunTime:0.000547s ]

[ 2019-10-17T13:22:46+08:00 ] ::1 /WebHome/index.php/Admin/Public/checkLogin.html
INFO: [ app_begin ] --START--
INFO: Run Behavior\ReadHtmlCacheBehavior [ RunTime:0.000289s ]
INFO: [ app_begin ] --END-- [ RunTime:0.000504s ]

[ 2019-10-17T13:22:46+08:00 ] ::1 /WebHome/index.php/Admin/Public/checkLogin.html
INFO: [ app_begin ] --START--
INFO: Run Behavior\ReadHtmlCacheBehavior [ RunTime:0.000289s ]
INFO: [ app_begin ] --END-- [ RunTime:0.000504s ]

[ 2019-10-17T13:22:46+08:00 ] ::1 /WebHome/index.php/Admin/Public/checkLogin.html
INFO: [ app_begin ] --START--
INFO: Run Behavior\ReadHtmlCacheBehavior [ RunTime:0.000371s ]
INFO: [ app_begin ] --END-- [ RunTime:0.000688s ]

[ 2019-10-17T13:22:46+08:00 ] ::1 /WebHome/index.php/Admin/Public/checkLogin.html
INFO: [ app_begin ] --START--
INFO: Run Behavior\ReadHtmlCacheBehavior [ RunTime:0.000299s ]
INFO: [ app_begin ] --END-- [ RunTime:0.000525s ]

[ 2019-10-17T13:22:47+08:00 ] ::1 /WebHome/index.php/Admin/Public/checkLogin.html
INFO: [ app_begin ] --START--
INFO: Run Behavior\ReadHtmlCacheBehavior [ RunTime:0.000290s ]
INFO: [ app_begin ] --END-- [ RunTime:0.000507s ]

[ 2019-10-17T13:22:47+08:00 ] ::1 /WebHome/index.php/Admin/Public/checkLogin.html
INFO: [ app_begin ] --START--
INFO: Run Behavior\ReadHtmlCacheBehavior [ RunTime:0.000358s ]
INFO: [ app_begin ] --END-- [ RunTime:0.000584s ]

[ 2019-10-17T13:22:47+08:00 ] ::1 /WebHome/index.php/Admin/Public/checkLogin.html
INFO: [ app_begin ] --START--
INFO: Run Behavior\ReadHtmlCacheBehavior [ RunTime:0.000291s ]
INFO: [ app_begin ] --END-- [ RunTime:0.000509s ]

[ 2019-10-17T13:22:47+08:00 ] ::1 /WebHome/index.php/Admin/Public/checkLogin.html
INFO: [ app_begin ] --START--
INFO: Run Behavior\ReadHtmlCacheBehavior [ RunTime:0.000290s ]
INFO: [ app_begin ] --END-- [ RunTime:0.000508s ]

[ 2019-10-17T13:22:47+08:00 ] ::1 /WebHome/index.php/Admin/Public/checkLogin.html
INFO: [ app_begin ] --START--
INFO: Run Behavior\ReadHtmlCacheBehavior [ RunTime:0.000290s ]
INFO: [ app_begin ] --END-- [ RunTime:0.000509s ]

[ 2019-10-17T13:22:47+08:00 ] ::1 /WebHome/index.php/Admin/Public/checkLogin.html
INFO: [ app_begin ] --START--
INFO: Run Behavior\ReadHtmlCacheBehavior [ RunTime:0.000292s ]
INFO: [ app_begin ] --END-- [ RunTime:0.000511s ]

[ 2019-10-17T13:22:47+08:00 ] ::1 /WebHome/index.php/Admin/Public/checkLogin.html
INFO: [ app_begin ] --START--
INFO: Run Behavior\ReadHtmlCacheBehavior [ RunTime:0.000297s ]
INFO: [ app_begin ] --END-- [ RunTime:0.000519s ]

[ 2019-10-17T13:22:47+08:00 ] ::1 /WebHome/index.php/Admin/Public/checkLogin.html
INFO: [ app_begin ] --START--
INFO: Run Behavior\ReadHtmlCacheBehavior [ RunTime:0.000311s ]
INFO: [ app_begin ] --END-- [ RunTime:0.000529s ]

[ 2019-10-17T13:22:48+08:00 ] ::1 /WebHome/index.php/Admin/Public/checkLogin.html
INFO: [ app_begin ] --START--
INFO: Run Behavior\ReadHtmlCacheBehavior [ RunTime:0.000300s ]
INFO: [ app_begin ] --END-- [ RunTime:0.000528s ]

[ 2019-10-17T13:22:48+08:00 ] ::1 /WebHome/index.php/Admin/Public/checkLogin.html
INFO: [ app_begin ] --START--
INFO: Run Behavior\ReadHtmlCacheBehavior [ RunTime:0.000356s ]
INFO: [ app_begin ] --END-- [ RunTime:0.000617s ]

[ 2019-10-17T13:22:48+08:00 ] ::1 /WebHome/index.php/Admin/Public/checkLogin.html
INFO: [ app_begin ] --START--
INFO: Run Behavior\ReadHtmlCacheBehavior [ RunTime:0.000299s ]
INFO: [ app_begin ] --END-- [ RunTime:0.000548s ]

[ 2019-10-17T13:22:48+08:00 ] ::1 /WebHome/index.php/Admin/Public/checkLogin.html
INFO: [ app_begin ] --START--
INFO: Run Behavior\ReadHtmlCacheBehavior [ RunTime:0.000290s ]
INFO: [ app_begin ] --END-- [ RunTime:0.000535s ]

[ 2019-10-17T13:22:48+08:00 ] ::1 /WebHome/index.php/Admin/Public/checkLogin.html
INFO: [ app_begin ] --START--
INFO: Run Behavior\ReadHtmlCacheBehavior [ RunTime:0.000291s ]
INFO: [ app_begin ] --END-- [ RunTime:0.000525s ]

[ 2019-10-17T13:22:48+08:00 ] ::1 /WebHome/index.php/Admin/Public/checkLogin.html
INFO: [ app_begin ] --START--
INFO: Run Behavior\ReadHtmlCacheBehavior [ RunTime:0.000298s ]
INFO: [ app_begin ] --END-- [ RunTime:0.000521s ]

[ 2019-10-17T13:22:48+08:00 ] ::1 /WebHome/index.php/Admin/Public/checkLogin.html
INFO: [ app_begin ] --START--
INFO: Run Behavior\ReadHtmlCacheBehavior [ RunTime:0.000333s ]
INFO: [ app_begin ] --END-- [ RunTime:0.000578s ]

[ 2019-10-17T13:22:49+08:00 ] ::1 /WebHome/index.php/Admin/Public/checkLogin.html
INFO: [ app_begin ] --START--
INFO: Run Behavior\ReadHtmlCacheBehavior [ RunTime:0.000289s ]
INFO: [ app_begin ] --END-- [ RunTime:0.000504s ]

[ 2019-10-17T13:22:50+08:00 ] ::1 /WebHome/index.php/Admin/Public/checkLogin.html
INFO: [ app_begin ] --START--
INFO: Run Behavior\ReadHtmlCacheBehavior [ RunTime:0.000296s ]
INFO: [ app_begin ] --END-- [ RunTime:0.000520s ]

[ 2019-10-17T13:22:50+08:00 ] ::1 /WebHome/index.php/Admin/Public/checkLogin.html
INFO: [ app_begin ] --START--
INFO: Run Behavior\ReadHtmlCacheBehavior [ RunTime:0.000314s ]
INFO: [ app_begin ] --END-- [ RunTime:0.000529s ]

[ 2019-10-17T13:22:51+08:00 ] ::1 /WebHome/index.php/Admin/Public/checkLogin.html
INFO: [ app_begin ] --START--
INFO: Run Behavior\ReadHtmlCacheBehavior [ RunTime:0.000292s ]
INFO: [ app_begin ] --END-- [ RunTime:0.000510s ]

[ 2019-10-17T13:22:51+08:00 ] ::1 /WebHome/index.php/Admin/Public/checkLogin.html
INFO: [ app_begin ] --START--
INFO: Run Behavior\ReadHtmlCacheBehavior [ RunTime:0.000290s ]
INFO: [ app_begin ] --END-- [ RunTime:0.000509s ]

[ 2019-10-17T13:24:22+08:00 ] ::1 /WebHome/index.php/Admin/Public/checkLogin.html
INFO: [ app_begin ] --START--
INFO: Run Behavior\ReadHtmlCacheBehavior [ RunTime:0.000346s ]
INFO: [ app_begin ] --END-- [ RunTime:0.000623s ]

[ 2019-10-17T13:24:23+08:00 ] ::1 /WebHome/index.php/Admin/Public/checkLogin.html
INFO: [ app_begin ] --START--
INFO: Run Behavior\ReadHtmlCacheBehavior [ RunTime:0.000290s ]
INFO: [ app_begin ] --END-- [ RunTime:0.000518s ]

[ 2019-10-17T13:24:23+08:00 ] ::1 /WebHome/index.php/Admin/Public/checkLogin.html
INFO: [ app_begin ] --START--
INFO: Run Behavior\ReadHtmlCacheBehavior [ RunTime:0.000305s ]
INFO: [ app_begin ] --END-- [ RunTime:0.000540s ]

[ 2019-10-17T13:24:23+08:00 ] ::1 /WebHome/index.php/Admin/Public/checkLogin.html
INFO: [ app_begin ] --START--
INFO: Run Behavior\ReadHtmlCacheBehavior [ RunTime:0.000321s ]
INFO: [ app_begin ] --END-- [ RunTime:0.000547s ]

[ 2019-10-17T13:24:23+08:00 ] ::1 /WebHome/index.php/Admin/Public/checkLogin.html
INFO: [ app_begin ] --START--
INFO: Run Behavior\ReadHtmlCacheBehavior [ RunTime:0.000319s ]
INFO: [ app_begin ] --END-- [ RunTime:0.000542s ]

[ 2019-10-17T13:24:23+08:00 ] ::1 /WebHome/index.php/Admin/Public/checkLogin.html
INFO: [ app_begin ] --START--
INFO: Run Behavior\ReadHtmlCacheBehavior [ RunTime:0.000298s ]
INFO: [ app_begin ] --END-- [ RunTime:0.000528s ]

[ 2019-10-17T13:24:28+08:00 ] ::1 /WebHome/index.php/Admin/Public/checkLogin.html
INFO: [ app_begin ] --START--
INFO: Run Behavior\ReadHtmlCacheBehavior [ RunTime:0.000313s ]
INFO: [ app_begin ] --END-- [ RunTime:0.000551s ]

[ 2019-10-17T13:24:29+08:00 ] ::1 /WebHome/index.php/Admin/Public/checkLogin.html
INFO: [ app_begin ] --START--
INFO: Run Behavior\ReadHtmlCacheBehavior [ RunTime:0.000295s ]
INFO: [ app_begin ] --END-- [ RunTime:0.000515s ]

[ 2019-10-17T13:24:29+08:00 ] ::1 /WebHome/index.php/Admin/Public/checkLogin.html
INFO: [ app_begin ] --START--
INFO: Run Behavior\ReadHtmlCacheBehavior [ RunTime:0.000290s ]
INFO: [ app_begin ] --END-- [ RunTime:0.000506s ]

[ 2019-10-17T13:24:29+08:00 ] ::1 /WebHome/index.php/Admin/Public/checkLogin.html
INFO: [ app_begin ] --START--
INFO: Run Behavior\ReadHtmlCacheBehavior [ RunTime:0.000326s ]
INFO: [ app_begin ] --END-- [ RunTime:0.000559s ]

[ 2019-10-17T13:24:29+08:00 ] ::1 /WebHome/index.php/Admin/Public/checkLogin.html
INFO: [ app_begin ] --START--
INFO: Run Behavior\ReadHtmlCacheBehavior [ RunTime:0.000291s ]
INFO: [ app_begin ] --END-- [ RunTime:0.000511s ]

[ 2019-10-17T13:24:29+08:00 ] ::1 /WebHome/index.php/Admin/Public/checkLogin.html
INFO: [ app_begin ] --START--
INFO: Run Behavior\ReadHtmlCacheBehavior [ RunTime:0.000318s ]
INFO: [ app_begin ] --END-- [ RunTime:0.000552s ]

[ 2019-10-17T13:24:36+08:00 ] ::1 /WebHome/index.php/Admin/Public/checkLogin.html
INFO: [ app_begin ] --START--
INFO: Run Behavior\ReadHtmlCacheBehavior [ RunTime:0.000392s ]
INFO: [ app_begin ] --END-- [ RunTime:0.000646s ]

[ 2019-10-17T13:24:36+08:00 ] ::1 /WebHome/index.php/Admin/Public/checkLogin.html
INFO: [ app_begin ] --START--
INFO: Run Behavior\ReadHtmlCacheBehavior [ RunTime:0.000296s ]
INFO: [ app_begin ] --END-- [ RunTime:0.000547s ]

[ 2019-10-17T13:24:37+08:00 ] ::1 /WebHome/index.php/Admin/Public/checkLogin.html
INFO: [ app_begin ] --START--
INFO: Run Behavior\ReadHtmlCacheBehavior [ RunTime:0.000291s ]
INFO: [ app_begin ] --END-- [ RunTime:0.000507s ]

[ 2019-10-17T13:24:37+08:00 ] ::1 /WebHome/index.php/Admin/Public/checkLogin.html
INFO: [ app_begin ] --START--
INFO: Run Behavior\ReadHtmlCacheBehavior [ RunTime:0.000338s ]
INFO: [ app_begin ] --END-- [ RunTime:0.000622s ]

[ 2019-10-17T13:24:44+08:00 ] ::1 /WebHome/index.php/Admin/Public/checkLogin.html
INFO: [ app_begin ] --START--
INFO: Run Behavior\ReadHtmlCacheBehavior [ RunTime:0.000297s ]
INFO: [ app_begin ] --END-- [ RunTime:0.000520s ]

[ 2019-10-17T13:24:45+08:00 ] ::1 /WebHome/index.php/Admin/Public/checkLogin.html
INFO: [ app_begin ] --START--
INFO: Run Behavior\ReadHtmlCacheBehavior [ RunTime:0.000290s ]
INFO: [ app_begin ] --END-- [ RunTime:0.000506s ]

[ 2019-10-17T13:24:45+08:00 ] ::1 /WebHome/index.php/Admin/Public/checkLogin.html
INFO: [ app_begin ] --START--
INFO: Run Behavior\ReadHtmlCacheBehavior [ RunTime:0.000308s ]
INFO: [ app_begin ] --END-- [ RunTime:0.000552s ]

[ 2019-10-17T13:24:45+08:00 ] ::1 /WebHome/index.php/Admin/Public/checkLogin.html
INFO: [ app_begin ] --START--
INFO: Run Behavior\ReadHtmlCacheBehavior [ RunTime:0.000290s ]
INFO: [ app_begin ] --END-- [ RunTime:0.000507s ]

[ 2019-10-17T13:24:46+08:00 ] ::1 /WebHome/index.php/Admin/Public/checkLogin.html
INFO: [ app_begin ] --START--
INFO: Run Behavior\ReadHtmlCacheBehavior [ RunTime:0.000303s ]
INFO: [ app_begin ] --END-- [ RunTime:0.000524s ]

[ 2019-10-17T13:24:46+08:00 ] ::1 /WebHome/index.php/Admin/Public/checkLogin.html
INFO: [ app_begin ] --START--
INFO: Run Behavior\ReadHtmlCacheBehavior [ RunTime:0.000291s ]
INFO: [ app_begin ] --END-- [ RunTime:0.000509s ]

[ 2019-10-17T13:24:46+08:00 ] ::1 /WebHome/index.php/Admin/Public/checkLogin.html
INFO: [ app_begin ] --START--
INFO: Run Behavior\ReadHtmlCacheBehavior [ RunTime:0.000291s ]
INFO: [ app_begin ] --END-- [ RunTime:0.000508s ]

[ 2019-10-17T13:24:46+08:00 ] ::1 /WebHome/index.php/Admin/Public/checkLogin.html
INFO: [ app_begin ] --START--
INFO: Run Behavior\ReadHtmlCacheBehavior [ RunTime:0.000315s ]
INFO: [ app_begin ] --END-- [ RunTime:0.000533s ]

[ 2019-10-17T13:24:47+08:00 ] ::1 /WebHome/index.php/Admin/Public/checkLogin.html
INFO: [ app_begin ] --START--
INFO: Run Behavior\ReadHtmlCacheBehavior [ RunTime:0.000293s ]
INFO: [ app_begin ] --END-- [ RunTime:0.000539s ]

[ 2019-10-17T13:24:47+08:00 ] ::1 /WebHome/index.php/Admin/Public/checkLogin.html
INFO: [ app_begin ] --START--
INFO: Run Behavior\ReadHtmlCacheBehavior [ RunTime:0.000308s ]
INFO: [ app_begin ] --END-- [ RunTime:0.000558s ]

[ 2019-10-17T13:25:01+08:00 ] ::1 /WebHome/index.php/Admin/Public/checkLogin.html
INFO: [ app_begin ] --START--
INFO: Run Behavior\ReadHtmlCacheBehavior [ RunTime:0.000303s ]
INFO: [ app_begin ] --END-- [ RunTime:0.000531s ]

[ 2019-10-17T13:25:01+08:00 ] ::1 /WebHome/index.php/Admin/Public/checkLogin.html
INFO: [ app_begin ] --START--
INFO: Run Behavior\ReadHtmlCacheBehavior [ RunTime:0.000286s ]
INFO: [ app_begin ] --END-- [ RunTime:0.000504s ]

[ 2019-10-17T13:25:02+08:00 ] ::1 /WebHome/index.php/Admin/Public/checkLogin.html
INFO: [ app_begin ] --START--
INFO: Run Behavior\ReadHtmlCacheBehavior [ RunTime:0.000332s ]
INFO: [ app_begin ] --END-- [ RunTime:0.000617s ]

[ 2019-10-17T13:25:02+08:00 ] ::1 /WebHome/index.php/Admin/Public/checkLogin.html
INFO: [ app_begin ] --START--
INFO: Run Behavior\ReadHtmlCacheBehavior [ RunTime:0.000288s ]
INFO: [ app_begin ] --END-- [ RunTime:0.000503s ]

[ 2019-10-17T13:25:03+08:00 ] ::1 /WebHome/index.php/Admin/Public/checkLogin.html
INFO: [ app_begin ] --START--
INFO: Run Behavior\ReadHtmlCacheBehavior [ RunTime:0.000289s ]
INFO: [ app_begin ] --END-- [ RunTime:0.000528s ]

[ 2019-10-17T13:25:04+08:00 ] ::1 /WebHome/index.php/Admin/Public/checkLogin.html
INFO: [ app_begin ] --START--
INFO: Run Behavior\ReadHtmlCacheBehavior [ RunTime:0.000327s ]
INFO: [ app_begin ] --END-- [ RunTime:0.000570s ]

[ 2019-10-17T13:25:07+08:00 ] ::1 /WebHome/index.php/Admin/Public/checkLogin.html
INFO: [ app_begin ] --START--
INFO: Run Behavior\ReadHtmlCacheBehavior [ RunTime:0.000292s ]
INFO: [ app_begin ] --END-- [ RunTime:0.000534s ]

[ 2019-10-17T13:25:09+08:00 ] ::1 /WebHome/index.php/Admin/Public/checkLogin.html
INFO: [ app_begin ] --START--
INFO: Run Behavior\ReadHtmlCacheBehavior [ RunTime:0.000287s ]
INFO: [ app_begin ] --END-- [ RunTime:0.000503s ]

[ 2019-10-17T13:28:26+08:00 ] ::1 /WebHome/index.php/Admin/Public/checkLogin.html
INFO: [ app_begin ] --START--
INFO: Run Behavior\ReadHtmlCacheBehavior [ RunTime:0.000299s ]
INFO: [ app_begin ] --END-- [ RunTime:0.000562s ]

[ 2019-10-17T13:30:36+08:00 ] ::1 /WebHome/index.php/Admin/Public/checkLogin.html
INFO: [ app_begin ] --START--
INFO: Run Behavior\ReadHtmlCacheBehavior [ RunTime:0.000407s ]
INFO: [ app_begin ] --END-- [ RunTime:0.000679s ]

[ 2019-10-17T13:31:21+08:00 ] ::1 /WebHome/index.php/Admin/Public/checkLogin.html
INFO: [ app_begin ] --START--
INFO: Run Behavior\ReadHtmlCacheBehavior [ RunTime:0.000299s ]
INFO: [ app_begin ] --END-- [ RunTime:0.000532s ]

[ 2019-10-17T13:31:23+08:00 ] ::1 /WebHome/index.php/Admin/Public/checkLogin.html
INFO: [ app_begin ] --START--
INFO: Run Behavior\ReadHtmlCacheBehavior [ RunTime:0.000293s ]
INFO: [ app_begin ] --END-- [ RunTime:0.000514s ]

[ 2019-10-17T13:31:28+08:00 ] ::1 /WebHome/index.php/Admin/Public/checkLogin.html
INFO: [ app_begin ] --START--
INFO: Run Behavior\ReadHtmlCacheBehavior [ RunTime:0.000293s ]
INFO: [ app_begin ] --END-- [ RunTime:0.000521s ]

[ 2019-10-17T13:31:34+08:00 ] ::1 /WebHome/index.php/Admin/Public/checkLogin.html
INFO: [ app_begin ] --START--
INFO: Run Behavior\ReadHtmlCacheBehavior [ RunTime:0.000543s ]
INFO: [ app_begin ] --END-- [ RunTime:0.000941s ]

[ 2019-10-17T13:31:35+08:00 ] ::1 /WebHome/index.php/Admin/Public/checkLogin.html
INFO: [ app_begin ] --START--
INFO: Run Behavior\ReadHtmlCacheBehavior [ RunTime:0.000306s ]
INFO: [ app_begin ] --END-- [ RunTime:0.000533s ]

[ 2019-10-17T13:33:42+08:00 ] ::1 /WebHome/index.php/Admin/Public/checkLogin.html
INFO: [ app_begin ] --START--
INFO: Run Behavior\ReadHtmlCacheBehavior [ RunTime:0.000410s ]
INFO: [ app_begin ] --END-- [ RunTime:0.000675s ]

[ 2019-10-17T13:33:47+08:00 ] ::1 /WebHome/index.php/Admin/Public/checkLogin.html
INFO: [ app_begin ] --START--
INFO: Run Behavior\ReadHtmlCacheBehavior [ RunTime:0.000308s ]
INFO: [ app_begin ] --END-- [ RunTime:0.000537s ]

[ 2019-10-17T13:48:11+08:00 ] ::1 /WebHome/index.php/Admin/Public/checkLogin.html
INFO: [ app_begin ] --START--
INFO: Run Behavior\ReadHtmlCacheBehavior [ RunTime:0.000331s ]
INFO: [ app_begin ] --END-- [ RunTime:0.000762s ]

[ 2019-10-17T13:48:22+08:00 ] ::1 /WebHome/index.php/Admin/Public/checkLogin.html
INFO: [ app_begin ] --START--
INFO: Run Behavior\ReadHtmlCacheBehavior [ RunTime:0.000306s ]
INFO: [ app_begin ] --END-- [ RunTime:0.000577s ]
SQL: SHOW COLUMNS FROM `nav_admin` [ RunTime:0.0055s ]
SQL: SELECT * FROM `nav_admin` WHERE `username` = 'mr' LIMIT 1   [ RunTime:0.0004s ]

[ 2019-10-17T13:50:05+08:00 ] ::1 /WebHome/index.php/Admin/Datalist/lists.html
ERR: 无法加载控制器:Datalist

[ 2019-10-17T13:50:22+08:00 ] ::1 /WebHome/index.php/Admin/Datalist/lists.html
ERR: 无法加载控制器:Datalist

[ 2019-10-17T13:52:54+08:00 ] ::1 /WebHome/index.php/Admin/Datalist/lists.html
ERR: 无法加载控制器:Datalist

[ 2019-10-17T13:54:28+08:00 ] ::1 /WebHome/index.php/Admin/Datalist/lists.html
ERR: 无法加载控制器:Datalist

[ 2019-10-17T13:55:03+08:00 ] ::1 /WebHome/index.php/Admin/Public/checkLogin.html
INFO: [ app_begin ] --START--
INFO: Run Behavior\ReadHtmlCacheBehavior [ RunTime:0.000433s ]
INFO: [ app_begin ] --END-- [ RunTime:0.000687s ]

[ 2019-10-17T13:55:13+08:00 ] ::1 /WebHome/index.php/Admin/Public/checkLogin.html
INFO: [ app_begin ] --START--
INFO: Run Behavior\ReadHtmlCacheBehavior [ RunTime:0.000391s ]
INFO: [ app_begin ] --END-- [ RunTime:0.000669s ]
SQL: SHOW COLUMNS FROM `nav_admin` [ RunTime:0.0054s ]
SQL: SELECT * FROM `nav_admin` WHERE `username` = 'mr' LIMIT 1   [ RunTime:0.0003s ]

[ 2019-10-17T13:56:35+08:00 ] ::1 /WebHome/index.php/Admin/Public/checkLogin.html
INFO: [ app_begin ] --START--
INFO: Run Behavior\ReadHtmlCacheBehavior [ RunTime:0.000294s ]
INFO: [ app_begin ] --END-- [ RunTime:0.000545s ]

[ 2019-10-17T13:56:54+08:00 ] ::1 /WebHome/index.php/Admin/Public/checkLogin.html
INFO: [ app_begin ] --START--
INFO: Run Behavior\ReadHtmlCacheBehavior [ RunTime:0.000408s ]
INFO: [ app_begin ] --END-- [ RunTime:0.000708s ]

[ 2019-10-17T13:56:56+08:00 ] ::1 /WebHome/index.php/Admin/Public/checkLogin.html
INFO: [ app_begin ] --START--
INFO: Run Behavior\ReadHtmlCacheBehavior [ RunTime:0.000298s ]
INFO: [ app_begin ] --END-- [ RunTime:0.000518s ]

[ 2019-10-17T13:57:01+08:00 ] ::1 /WebHome/index.php/Admin/Public/checkLogin.html
INFO: [ app_begin ] --START--
INFO: Run Behavior\ReadHtmlCacheBehavior [ RunTime:0.000298s ]
INFO: [ app_begin ] --END-- [ RunTime:0.000518s ]

[ 2019-10-17T13:57:04+08:00 ] ::1 /WebHome/index.php/Admin/Public/checkLogin.html
INFO: [ app_begin ] --START--
INFO: Run Behavior\ReadHtmlCacheBehavior [ RunTime:0.000427s ]
INFO: [ app_begin ] --END-- [ RunTime:0.000695s ]

[ 2019-10-17T13:57:06+08:00 ] ::1 /WebHome/index.php/Admin/Public/checkLogin.html
INFO: [ app_begin ] --START--
INFO: Run Behavior\ReadHtmlCacheBehavior [ RunTime:0.000300s ]
INFO: [ app_begin ] --END-- [ RunTime:0.000529s ]

[ 2019-10-17T13:57:08+08:00 ] ::1 /WebHome/index.php/Admin/Public/checkLogin.html
INFO: [ app_begin ] --START--
INFO: Run Behavior\ReadHtmlCacheBehavior [ RunTime:0.000302s ]
INFO: [ app_begin ] --END-- [ RunTime:0.000526s ]

[ 2019-10-17T13:57:08+08:00 ] ::1 /WebHome/index.php/Admin/Public/checkLogin.html
INFO: [ app_begin ] --START--
INFO: Run Behavior\ReadHtmlCacheBehavior [ RunTime:0.000293s ]
INFO: [ app_begin ] --END-- [ RunTime:0.000541s ]

[ 2019-10-17T14:34:11+08:00 ] ::1 /WebHome/index.php/Admin/Public/verify.html
ERR: 非法操作:verify

[ 2019-10-17T14:34:18+08:00 ] ::1 /WebHome/index.php/Admin/Public/checkLogin.html
INFO: [ app_begin ] --START--
INFO: Run Behavior\ReadHtmlCacheBehavior [ RunTime:0.000303s ]
INFO: [ app_begin ] --END-- [ RunTime:0.000534s ]
ERR: 非法操作:checkLogin

[ 2019-10-17T19:23:50+08:00 ] ::1 /WebHome/index.php/Admin/Public/checkLogin.html
INFO: [ app_begin ] --START--
INFO: Run Behavior\ReadHtmlCacheBehavior [ RunTime:0.000307s ]
INFO: [ app_begin ] --END-- [ RunTime:0.000542s ]
INFO: [ app_end ] --START--
INFO: Run Behavior\ShowPageTraceBehavior [ RunTime:0.000317s ]
INFO: [ app_end ] --END-- [ RunTime:0.000354s ]

[ 2019-10-17T19:23:53+08:00 ] ::1 /WebHome/index.php/Admin/Public/checkLogin.html
INFO: [ app_begin ] --START--
INFO: Run Behavior\ReadHtmlCacheBehavior [ RunTime:0.000418s ]
INFO: [ app_begin ] --END-- [ RunTime:0.000719s ]
INFO: [ app_end ] --START--
INFO: Run Behavior\ShowPageTraceBehavior [ RunTime:0.000316s ]
INFO: [ app_end ] --END-- [ RunTime:0.000352s ]

[ 2019-10-17T19:23:56+08:00 ] ::1 /WebHome/index.php/Admin/Public/checkLogin.html
INFO: [ app_begin ] --START--
INFO: Run Behavior\ReadHtmlCacheBehavior [ RunTime:0.000317s ]
INFO: [ app_begin ] --END-- [ RunTime:0.000555s ]
INFO: [ app_end ] --START--
INFO: Run Behavior\ShowPageTraceBehavior [ RunTime:0.000314s ]
INFO: [ app_end ] --END-- [ RunTime:0.000354s ]

[ 2019-10-17T19:24:39+08:00 ] ::1 /WebHome/index.php/Admin/Public/checkLogin.html
INFO: [ app_begin ] --START--
INFO: Run Behavior\ReadHtmlCacheBehavior [ RunTime:0.000301s ]
INFO: [ app_begin ] --END-- [ RunTime:0.000529s ]
INFO: [ app_end ] --START--
INFO: Run Behavior\ShowPageTraceBehavior [ RunTime:0.000328s ]
INFO: [ app_end ] --END-- [ RunTime:0.000367s ]

[ 2019-10-17T19:24:42+08:00 ] ::1 /WebHome/index.php/Admin/Public/checkLogin.html
INFO: [ app_begin ] --START--
INFO: Run Behavior\ReadHtmlCacheBehavior [ RunTime:0.000307s ]
INFO: [ app_begin ] --END-- [ RunTime:0.000538s ]
INFO: [ app_end ] --START--
INFO: Run Behavior\ShowPageTraceBehavior [ RunTime:0.000318s ]
INFO: [ app_end ] --END-- [ RunTime:0.000354s ]

[ 2019-10-17T19:24:48+08:00 ] ::1 /WebHome/index.php/Admin/Public/checkLogin.html
INFO: [ app_begin ] --START--
INFO: Run Behavior\ReadHtmlCacheBehavior [ RunTime:0.000306s ]
INFO: [ app_begin ] --END-- [ RunTime:0.000540s ]
INFO: [ app_end ] --START--
INFO: Run Behavior\ShowPageTraceBehavior [ RunTime:0.005184s ]
INFO: [ app_end ] --END-- [ RunTime:0.005240s ]

[ 2019-10-17T19:56:40+08:00 ] ::1 /WebHome/index.php/Admin/Public/checkLogin.html
INFO: [ app_begin ] --START--
INFO: Run Behavior\ReadHtmlCacheBehavior [ RunTime:0.005185s ]
INFO: [ app_begin ] --END-- [ RunTime:0.005469s ]
SQL: SHOW COLUMNS FROM `nav_admin` [ RunTime:0.0062s ]
SQL: SELECT * FROM `nav_admin` WHERE `username` = 'mr' LIMIT 1   [ RunTime:0.0004s ]
SQL: UPDATE `nav_admin` SET `loginip`='0.0.0.0',`logintime`='2019-10-17 19:56:40' WHERE `id` = 1 [ RunTime:0.0004s ]

[ 2019-10-17T19:57:29+08:00 ] ::1 /WebHome/index.php/Admin/Public/checkLogin.html
INFO: [ app_begin ] --START--
INFO: Run Behavior\ReadHtmlCacheBehavior [ RunTime:0.000306s ]
INFO: [ app_begin ] --END-- [ RunTime:0.000573s ]
SQL: SHOW COLUMNS FROM `nav_admin` [ RunTime:0.0051s ]
SQL: SELECT * FROM `nav_admin` WHERE `username` = 'mr' LIMIT 1   [ RunTime:0.0006s ]
SQL: UPDATE `nav_admin` SET `loginip`='0.0.0.0',`logintime`='2019-10-17 19:57:29' WHERE `id` = 1 [ RunTime:0.0004s ]

[ 2019-10-17T20:11:32+08:00 ] ::1 /WebHome/index.php/Admin/HighLevel/lists.html
ERR: 无法加载控制器:HighLevel

[ 2019-10-17T20:37:40+08:00 ] ::1 /WebHome/index.php/Admin/Public/checkLogin.html
INFO: [ app_begin ] --START--
INFO: Run Behavior\ReadHtmlCacheBehavior [ RunTime:0.000413s ]
INFO: [ app_begin ] --END-- [ RunTime:0.000688s ]
SQL: SHOW COLUMNS FROM `nav_admin` [ RunTime:0.0057s ]
SQL: SELECT * FROM `nav_admin` WHERE `username` = 'mr' LIMIT 1   [ RunTime:0.0004s ]
SQL: UPDATE `nav_admin` SET `loginip`='0.0.0.0',`logintime`='2019-10-17 20:37:40' WHERE `id` = 1 [ RunTime:0.0003s ]

[ 2019-10-17T20:37:42+08:00 ] ::1 /WebHome/index.php/Admin/Public/checkLogin.html
INFO: [ app_begin ] --START--
INFO: Run Behavior\ReadHtmlCacheBehavior [ RunTime:0.000408s ]
INFO: [ app_begin ] --END-- [ RunTime:0.000666s ]

[ 2019-10-17T20:37:42+08:00 ] ::1 /WebHome/index.php/Admin/Public/checkLogin.html
INFO: [ app_begin ] --START--
INFO: Run Behavior\ReadHtmlCacheBehavior [ RunTime:0.000439s ]
INFO: [ app_begin ] --END-- [ RunTime:0.000689s ]

[ 2019-10-17T20:37:42+08:00 ] ::1 /WebHome/index.php/Admin/Public/checkLogin.html
INFO: [ app_begin ] --START--
INFO: Run Behavior\ReadHtmlCacheBehavior [ RunTime:0.000415s ]
INFO: [ app_begin ] --END-- [ RunTime:0.000673s ]

[ 2019-10-17T20:37:43+08:00 ] ::1 /WebHome/index.php/Admin/Public/checkLogin.html
INFO: [ app_begin ] --START--
INFO: Run Behavior\ReadHtmlCacheBehavior [ RunTime:0.000412s ]
INFO: [ app_begin ] --END-- [ RunTime:0.000675s ]

[ 2019-10-17T20:37:43+08:00 ] ::1 /WebHome/index.php/Admin/Public/checkLogin.html
INFO: [ app_begin ] --START--
INFO: Run Behavior\ReadHtmlCacheBehavior [ RunTime:0.000512s ]
INFO: [ app_begin ] --END-- [ RunTime:0.000899s ]

[ 2019-10-17T20:37:46+08:00 ] ::1 /WebHome/index.php/Admin/Public/checkLogin.html
INFO: [ app_begin ] --START--
INFO: Run Behavior\ReadHtmlCacheBehavior [ RunTime:0.000413s ]
INFO: [ app_begin ] --END-- [ RunTime:0.000684s ]

[ 2019-10-17T20:39:57+08:00 ] ::1 /WebHome/index.php/Admin/Index/changePassword.html
INFO: [ app_begin ] --START--
INFO: Run Behavior\ReadHtmlCacheBehavior [ RunTime:0.000469s ]
INFO: [ app_begin ] --END-- [ RunTime:0.000728s ]
INFO: [ view_parse ] --START--
NOTIC: [2] file_get_contents(./Application/Admin/View/Common/admin/footer.html): failed to open stream: No such file or directory G:\phpstudy\PHPTutorial\WWW\WebHome\ThinkPHP\Library\Think\Template.class.php 第 696 行.
INFO: [ template_filter ] --START--
INFO: Run Behavior\ContentReplaceBehavior [ RunTime:0.000053s ]
INFO: [ template_filter ] --END-- [ RunTime:0.000090s ]
INFO: Run Behavior\ParseTemplateBehavior [ RunTime:0.007208s ]
INFO: [ view_parse ] --END-- [ RunTime:0.007241s ]
INFO: [ view_filter ] --START--
INFO: Run Behavior\WriteHtmlCacheBehavior [ RunTime:0.000252s ]
INFO: [ view_filter ] --END-- [ RunTime:0.000276s ]
INFO: [ app_end ] --START--
INFO: Run Behavior\ShowPageTraceBehavior [ RunTime:0.000390s ]
INFO: [ app_end ] --END-- [ RunTime:0.000422s ]

[ 2019-10-17T20:42:38+08:00 ] ::1 /WebHome/index.php/Admin/Index/changePassword.html
INFO: [ app_begin ] --START--
INFO: Run Behavior\ReadHtmlCacheBehavior [ RunTime:0.000436s ]
INFO: [ app_begin ] --END-- [ RunTime:0.000754s ]
SQL: SHOW COLUMNS FROM `nav_admin` [ RunTime:0.0055s ]
SQL: SELECT * FROM `nav_admin` WHERE `id` = 1 LIMIT 1   [ RunTime:0.0004s ]
SQL: UPDATE `nav_admin` SET `password`='e10adc3949ba59abbe56e057f20f883e' WHERE `id` = 1 [ RunTime:0.0004s ]

[ 2019-10-17T20:52:10+08:00 ] ::1 /WebHome/index.php/Admin/Public/checkLogin.html
INFO: [ app_begin ] --START--
INFO: Run Behavior\ReadHtmlCacheBehavior [ RunTime:0.000303s ]
INFO: [ app_begin ] --END-- [ RunTime:0.000569s ]
SQL: SHOW COLUMNS FROM `nav_admin` [ RunTime:0.0059s ]
SQL: SELECT * FROM `nav_admin` WHERE `username` = 'mr' LIMIT 1   [ RunTime:0.0004s ]

[ 2019-10-17T20:54:55+08:00 ] ::1 /WebHome/index.php/Admin/Public/checkLogin.html
INFO: [ app_begin ] --START--
INFO: Run Behavior\ReadHtmlCacheBehavior [ RunTime:0.000374s ]
INFO: [ app_begin ] --END-- [ RunTime:0.014432s ]

[ 2019-10-17T20:55:09+08:00 ] ::1 /WebHome/index.php/Admin/Public/checkLogin.html
INFO: [ app_begin ] --START--
INFO: Run Behavior\ReadHtmlCacheBehavior [ RunTime:0.000324s ]
INFO: [ app_begin ] --END-- [ RunTime:0.000613s ]

[ 2019-10-17T20:59:15+08:00 ] ::1 /WebHome/index.php/Admin/Public/checkLogin.html
INFO: [ app_begin ] --START--
INFO: Run Behavior\ReadHtmlCacheBehavior [ RunTime:0.000450s ]
INFO: [ app_begin ] --END-- [ RunTime:0.000759s ]
SQL: SHOW COLUMNS FROM `nav_admin` [ RunTime:0.0053s ]
SQL: SELECT * FROM `nav_admin` WHERE `username` = 'mr' LIMIT 1   [ RunTime:0.0003s ]

[ 2019-10-17T20:59:17+08:00 ] ::1 /WebHome/index.php/Admin/Public/checkLogin.html
INFO: [ app_begin ] --START--
INFO: Run Behavior\ReadHtmlCacheBehavior [ RunTime:0.000411s ]
INFO: [ app_begin ] --END-- [ RunTime:0.000678s ]

[ 2019-10-17T20:59:17+08:00 ] ::1 /WebHome/index.php/Admin/Public/checkLogin.html
INFO: [ app_begin ] --START--
INFO: Run Behavior\ReadHtmlCacheBehavior [ RunTime:0.000426s ]
INFO: [ app_begin ] --END-- [ RunTime:0.000699s ]

[ 2019-10-17T20:59:17+08:00 ] ::1 /WebHome/index.php/Admin/Public/checkLogin.html
INFO: [ app_begin ] --START--
INFO: Run Behavior\ReadHtmlCacheBehavior [ RunTime:0.000414s ]
INFO: [ app_begin ] --END-- [ RunTime:0.000678s ]

[ 2019-10-17T20:59:17+08:00 ] ::1 /WebHome/index.php/Admin/Public/checkLogin.html
INFO: [ app_begin ] --START--
INFO: Run Behavior\ReadHtmlCacheBehavior [ RunTime:0.000409s ]
INFO: [ app_begin ] --END-- [ RunTime:0.000669s ]

[ 2019-10-17T20:59:18+08:00 ] ::1 /WebHome/index.php/Admin/Public/checkLogin.html
INFO: [ app_begin ] --START--
INFO: Run Behavior\ReadHtmlCacheBehavior [ RunTime:0.000437s ]
INFO: [ app_begin ] --END-- [ RunTime:0.000701s ]

[ 2019-10-17T20:59:21+08:00 ] ::1 /WebHome/index.php/Admin/Public/checkLogin.html
INFO: [ app_begin ] --START--
INFO: Run Behavior\ReadHtmlCacheBehavior [ RunTime:0.000416s ]
INFO: [ app_begin ] --END-- [ RunTime:0.000679s ]

[ 2019-10-17T20:59:22+08:00 ] ::1 /WebHome/index.php/Admin/Public/checkLogin.html
INFO: [ app_begin ] --START--
INFO: Run Behavior\ReadHtmlCacheBehavior [ RunTime:0.000421s ]
INFO: [ app_begin ] --END-- [ RunTime:0.000688s ]

[ 2019-10-17T20:59:23+08:00 ] ::1 /WebHome/index.php/Admin/Public/checkLogin.html
INFO: [ app_begin ] --START--
INFO: Run Behavior\ReadHtmlCacheBehavior [ RunTime:0.000413s ]
INFO: [ app_begin ] --END-- [ RunTime:0.000674s ]

[ 2019-10-17T20:59:23+08:00 ] ::1 /WebHome/index.php/Admin/Public/checkLogin.html
INFO: [ app_begin ] --START--
INFO: Run Behavior\ReadHtmlCacheBehavior [ RunTime:0.000420s ]
INFO: [ app_begin ] --END-- [ RunTime:0.000679s ]

[ 2019-10-17T21:02:43+08:00 ] ::1 /WebHome/index.php/Admin/Datalist/lists.html
ERR: 无法加载控制器:Datalist

[ 2019-10-17T21:12:17+08:00 ] ::1 /WebHome/index.php/Admin/Public/checkLogin.html
INFO: [ app_begin ] --START--
INFO: Run Behavior\ReadHtmlCacheBehavior [ RunTime:0.000337s ]
INFO: [ app_begin ] --END-- [ RunTime:0.000648s ]
SQL: SHOW COLUMNS FROM `nav_admin` [ RunTime:0.0051s ]
SQL: SELECT * FROM `nav_admin` WHERE `username` = 'mr' LIMIT 1   [ RunTime:0.0003s ]

[ 2019-10-17T21:12:20+08:00 ] ::1 /WebHome/index.php/Admin/Public/checkLogin.html
INFO: [ app_begin ] --START--
INFO: Run Behavior\ReadHtmlCacheBehavior [ RunTime:0.000310s ]
INFO: [ app_begin ] --END-- [ RunTime:0.000569s ]

