[ 2019-10-18T10:17:39+08:00 ] ::1 /WebHome/index.php/Admin/Public/checkLogin.html
INFO: [ app_begin ] --START--
INFO: Run Behavior\ReadHtmlCacheBehavior [ RunTime:0.000313s ]
INFO: [ app_begin ] --END-- [ RunTime:0.000585s ]
SQL: SHOW COLUMNS FROM `nav_admin` [ RunTime:0.0316s ]
SQL: SELECT * FROM `nav_admin` WHERE `username` = 'mr' LIMIT 1   [ RunTime:0.0004s ]

[ 2019-10-18T10:17:52+08:00 ] ::1 /WebHome/index.php/Admin/Public/checkLogin.html
INFO: [ app_begin ] --START--
INFO: Run Behavior\ReadHtmlCacheBehavior [ RunTime:0.000313s ]
INFO: [ app_begin ] --END-- [ RunTime:0.000597s ]
SQL: SHOW COLUMNS FROM `nav_admin` [ RunTime:0.0055s ]
SQL: SELECT * FROM `nav_admin` WHERE `username` = 'mr' LIMIT 1   [ RunTime:0.0005s ]

[ 2019-10-18T10:18:02+08:00 ] ::1 /WebHome/index.php/Admin/Public/checkLogin.html
INFO: [ app_begin ] --START--
INFO: Run Behavior\ReadHtmlCacheBehavior [ RunTime:0.000306s ]
INFO: [ app_begin ] --END-- [ RunTime:0.000582s ]
SQL: SHOW COLUMNS FROM `nav_admin` [ RunTime:0.0651s ]
SQL: SELECT * FROM `nav_admin` WHERE `username` = 'mr' LIMIT 1   [ RunTime:0.0003s ]

[ 2019-10-18T10:38:22+08:00 ] ::1 /WebHome/index.php/Admin/HighLevel/lists.html
ERR: 无法加载控制器:HighLevel

[ 2019-10-18T10:44:07+08:00 ] ::1 /WebHome/index.php/Admin/Public/login.html
INFO: [ app_begin ] --START--
INFO: Run Behavior\ReadHtmlCacheBehavior [ RunTime:0.000306s ]
INFO: [ app_begin ] --END-- [ RunTime:0.000534s ]
ERR: Think\Controller:check_verify方法不存在！

[ 2019-10-18T10:44:17+08:00 ] ::1 /WebHome/index.php/Admin/Public/login.html
INFO: [ app_begin ] --START--
INFO: Run Behavior\ReadHtmlCacheBehavior [ RunTime:0.000317s ]
INFO: [ app_begin ] --END-- [ RunTime:0.000557s ]
ERR: Think\Controller:check_verify方法不存在！

[ 2019-10-18T10:49:40+08:00 ] ::1 /WebHome/index.php/Admin/Public/checkLogin.html
INFO: [ app_begin ] --START--
INFO: Run Behavior\ReadHtmlCacheBehavior [ RunTime:0.000301s ]
INFO: [ app_begin ] --END-- [ RunTime:0.000527s ]
SQL: SHOW COLUMNS FROM `nav_admin` [ RunTime:0.0063s ]
SQL: SELECT * FROM `nav_admin` WHERE `username` = 'mr' LIMIT 1   [ RunTime:0.0004s ]

[ 2019-10-18T11:22:56+08:00 ] ::1 /WebHome/index.php/Admin/Public/checkLogin.html
INFO: [ app_begin ] --START--
INFO: Run Behavior\ReadHtmlCacheBehavior [ RunTime:0.000308s ]
INFO: [ app_begin ] --END-- [ RunTime:0.000539s ]
SQL: SHOW COLUMNS FROM `nav_admin` [ RunTime:0.0062s ]
SQL: SELECT * FROM `nav_admin` WHERE `username` = 'mr' LIMIT 1   [ RunTime:0.0005s ]

[ 2019-10-18T11:24:28+08:00 ] ::1 /WebHome/index.php/Admin/Public/checkLogin.html
INFO: [ app_begin ] --START--
INFO: Run Behavior\ReadHtmlCacheBehavior [ RunTime:0.000306s ]
INFO: [ app_begin ] --END-- [ RunTime:0.000534s ]
SQL: SHOW COLUMNS FROM `nav_admin` [ RunTime:0.0058s ]
SQL: SELECT * FROM `nav_admin` WHERE `username` = 'mr' LIMIT 1   [ RunTime:0.0004s ]

[ 2019-10-18T11:59:23+08:00 ] ::1 /WebHome/index.php/Admin/Public/checkLogin.html
INFO: [ app_begin ] --START--
INFO: Run Behavior\ReadHtmlCacheBehavior [ RunTime:0.000303s ]
INFO: [ app_begin ] --END-- [ RunTime:0.000528s ]
SQL: SHOW COLUMNS FROM `nav_admin` [ RunTime:0.0094s ]
SQL: SELECT * FROM `nav_admin` WHERE `username` = 'mr' LIMIT 1   [ RunTime:0.0004s ]

[ 2019-10-18T12:09:01+08:00 ] ::1 /WebHome/index.php/Admin/MiddleLevel/lists.html
ERR: 无法加载控制器:MiddleLevel

[ 2019-10-18T14:22:41+08:00 ] ::1 /WebHome/index.php/Admin/HighLevel/add.html
INFO: [ app_begin ] --START--
INFO: Run Behavior\ReadHtmlCacheBehavior [ RunTime:0.000403s ]
INFO: [ app_begin ] --END-- [ RunTime:0.000665s ]
SQL: SHOW COLUMNS FROM `nav_high_level` [ RunTime:0.0059s ]
NOTIC: [8] Undefined index: id G:\phpstudy\PHPTutorial\WWW\WebHome\Application\Admin\Controller\HighLevelController.class.php 第 38 行.
SQL: INSERT INTO `nav_high_level` (`sort`) VALUES ('14') [ RunTime:0.0003s ]
NOTIC: [2] Illegal string offset 'status' G:\phpstudy\PHPTutorial\WWW\WebHome\Application\Admin\Controller\HighLevelController.class.php 第 48 行.
NOTIC: [2] Illegal string offset 'message' G:\phpstudy\PHPTutorial\WWW\WebHome\Application\Admin\Controller\HighLevelController.class.php 第 49 行.

[ 2019-10-18T14:26:24+08:00 ] ::1 /WebHome/index.php/Admin/HighLevel/delete/id/27.html
INFO: [ app_begin ] --START--
INFO: Run Behavior\ReadHtmlCacheBehavior [ RunTime:0.000455s ]
INFO: [ app_begin ] --END-- [ RunTime:0.000691s ]
SQL: SHOW COLUMNS FROM `nav_middle_level` [ RunTime:0.0057s ]
SQL: SELECT * FROM `nav_middle_level` WHERE `high_id` = 27  [ RunTime:0.0916s ]
SQL: SHOW COLUMNS FROM `nav_high_level` [ RunTime:0.0047s ]
SQL: DELETE FROM `nav_high_level` WHERE `id` = 27 [ RunTime:0.0003s ]

[ 2019-10-18T14:36:53+08:00 ] ::1 /WebHome/index.php/Admin/HighLevel/delete/id/30.html
INFO: [ app_begin ] --START--
INFO: Run Behavior\ReadHtmlCacheBehavior [ RunTime:0.000404s ]
INFO: [ app_begin ] --END-- [ RunTime:0.000664s ]
SQL: SHOW COLUMNS FROM `nav_middle_level` [ RunTime:0.0060s ]
SQL: SELECT * FROM `nav_middle_level` WHERE `high_id` = 30  [ RunTime:0.0004s ]
SQL: SHOW COLUMNS FROM `nav_high_level` [ RunTime:0.0056s ]
SQL: DELETE FROM `nav_high_level` WHERE `id` = 30 [ RunTime:0.0004s ]

[ 2019-10-18T14:40:28+08:00 ] ::1 /WebHome/index.php/Admin/HighLevel/delete/id/23.html
INFO: [ app_begin ] --START--
INFO: Run Behavior\ReadHtmlCacheBehavior [ RunTime:0.000706s ]
INFO: [ app_begin ] --END-- [ RunTime:0.001038s ]
SQL: SHOW COLUMNS FROM `nav_middle_level` [ RunTime:0.0058s ]
SQL: SELECT * FROM `nav_middle_level` WHERE `high_id` = 23  [ RunTime:0.0004s ]
SQL: SHOW COLUMNS FROM `nav_high_level` [ RunTime:0.0052s ]
SQL: DELETE FROM `nav_high_level` WHERE `id` = 23 [ RunTime:0.0004s ]

[ 2019-10-18T15:06:22+08:00 ] ::1 /WebHome/index.php/Admin/HighLevel/delete/id/38.html
INFO: [ app_begin ] --START--
INFO: Run Behavior\ReadHtmlCacheBehavior [ RunTime:0.000295s ]
INFO: [ app_begin ] --END-- [ RunTime:0.000555s ]
SQL: SHOW COLUMNS FROM `nav_middle_level` [ RunTime:0.0322s ]
SQL: SELECT * FROM `nav_middle_level` WHERE `high_id` = 38  [ RunTime:0.0004s ]
SQL: SHOW COLUMNS FROM `nav_high_level` [ RunTime:0.0043s ]
SQL: DELETE FROM `nav_high_level` WHERE `id` = 38 [ RunTime:0.0003s ]

[ 2019-10-18T15:21:37+08:00 ] ::1 /WebHome/index.php/Admin/HighLevel/add.html
ERR: 模板不存在:./Application/Admin/View/G/\phpstudy\PHPTutorial\WWW\WebHome\ThinkPHP/Admin/HighLevel/lists.html.html

[ 2019-10-18T15:22:05+08:00 ] ::1 /WebHome/index.php/Admin/HighLevel/delete/id/46.html
INFO: [ app_begin ] --START--
INFO: Run Behavior\ReadHtmlCacheBehavior [ RunTime:0.000293s ]
INFO: [ app_begin ] --END-- [ RunTime:0.000552s ]
SQL: SHOW COLUMNS FROM `nav_middle_level` [ RunTime:0.0046s ]
SQL: SELECT * FROM `nav_middle_level` WHERE `high_id` = 46  [ RunTime:0.0002s ]
SQL: SHOW COLUMNS FROM `nav_high_level` [ RunTime:0.0040s ]
SQL: DELETE FROM `nav_high_level` WHERE `id` = 46 [ RunTime:0.0002s ]

[ 2019-10-18T15:22:19+08:00 ] ::1 /WebHome/index.php/Admin/HighLevel/add.html
ERR: 模板不存在:./Application/Admin/View/G/\phpstudy\PHPTutorial\WWW\WebHome\ThinkPHP/Admin/HighLevel/lists.html

[ 2019-10-18T15:23:36+08:00 ] ::1 /WebHome/index.php/Admin/HighLevel/delete/id/47.html
INFO: [ app_begin ] --START--
INFO: Run Behavior\ReadHtmlCacheBehavior [ RunTime:0.000333s ]
INFO: [ app_begin ] --END-- [ RunTime:0.014363s ]
SQL: SHOW COLUMNS FROM `nav_middle_level` [ RunTime:0.0050s ]
SQL: SELECT * FROM `nav_middle_level` WHERE `high_id` = 47  [ RunTime:0.0003s ]
SQL: SHOW COLUMNS FROM `nav_high_level` [ RunTime:0.0050s ]
SQL: DELETE FROM `nav_high_level` WHERE `id` = 47 [ RunTime:0.0004s ]

[ 2019-10-18T15:23:49+08:00 ] ::1 /WebHome/index.php/Admin/HighLevel/add.html
ERR: 模板不存在:./Application/Admin/View/index.php/Admin/HighLevel/lists.html

[ 2019-10-18T15:24:32+08:00 ] ::1 /WebHome/index.php/Admin/HighLevel/delete/id/48.html
INFO: [ app_begin ] --START--
INFO: Run Behavior\ReadHtmlCacheBehavior [ RunTime:0.000309s ]
INFO: [ app_begin ] --END-- [ RunTime:0.000578s ]
SQL: SHOW COLUMNS FROM `nav_middle_level` [ RunTime:0.0053s ]
SQL: SELECT * FROM `nav_middle_level` WHERE `high_id` = 48  [ RunTime:0.0004s ]
SQL: SHOW COLUMNS FROM `nav_high_level` [ RunTime:0.0051s ]
SQL: DELETE FROM `nav_high_level` WHERE `id` = 48 [ RunTime:0.0004s ]

[ 2019-10-18T15:26:17+08:00 ] ::1 /WebHome/index.php/Admin/Public/checkLogin.html
INFO: [ app_begin ] --START--
INFO: Run Behavior\ReadHtmlCacheBehavior [ RunTime:0.000374s ]
INFO: [ app_begin ] --END-- [ RunTime:0.000721s ]
SQL: SHOW COLUMNS FROM `nav_admin` [ RunTime:0.0055s ]
SQL: SELECT * FROM `nav_admin` WHERE `username` = 'zxy' LIMIT 1   [ RunTime:0.0003s ]

[ 2019-10-18T15:26:40+08:00 ] ::1 /WebHome/index.php/Admin/HighLevel/delAll.html
INFO: [ app_begin ] --START--
INFO: Run Behavior\ReadHtmlCacheBehavior [ RunTime:0.000434s ]
INFO: [ app_begin ] --END-- [ RunTime:0.000721s ]
SQL: SHOW COLUMNS FROM `nav_middle_level` [ RunTime:0.0053s ]
SQL: SELECT * FROM `nav_middle_level` WHERE `high_id` IN ('49')  [ RunTime:0.0004s ]
SQL: SHOW COLUMNS FROM `nav_high_level` [ RunTime:0.0051s ]
SQL: DELETE FROM `nav_high_level` WHERE `id` IN ('49') [ RunTime:0.0003s ]

[ 2019-10-18T15:27:49+08:00 ] ::1 /WebHome/index.php/Admin/HighLevel/delete/id/50.html
INFO: [ app_begin ] --START--
INFO: Run Behavior\ReadHtmlCacheBehavior [ RunTime:0.000314s ]
INFO: [ app_begin ] --END-- [ RunTime:0.000590s ]
SQL: SHOW COLUMNS FROM `nav_middle_level` [ RunTime:0.0050s ]
SQL: SELECT * FROM `nav_middle_level` WHERE `high_id` = 50  [ RunTime:0.0004s ]
SQL: SHOW COLUMNS FROM `nav_high_level` [ RunTime:0.0044s ]
SQL: DELETE FROM `nav_high_level` WHERE `id` = 50 [ RunTime:0.0003s ]

[ 2019-10-18T18:46:58+08:00 ] ::1 /WebHome/index.php/Admin/login
ERR: 无法加载控制器:Login

[ 2019-10-18T18:47:19+08:00 ] ::1 /WebHome/index.php/Admin/Public/checkLogin.html
INFO: [ app_begin ] --START--
INFO: Run Behavior\ReadHtmlCacheBehavior [ RunTime:0.000303s ]
INFO: [ app_begin ] --END-- [ RunTime:0.000567s ]
SQL: SHOW COLUMNS FROM `nav_admin` [ RunTime:0.1766s ]
SQL: SELECT * FROM `nav_admin` WHERE `username` = 'zxy' LIMIT 1   [ RunTime:0.0003s ]

[ 2019-10-18T18:47:37+08:00 ] ::1 /WebHome/index.php/Admin/HighLevel/delete/id/34.html
INFO: [ app_begin ] --START--
INFO: Run Behavior\ReadHtmlCacheBehavior [ RunTime:0.000305s ]
INFO: [ app_begin ] --END-- [ RunTime:0.000571s ]
SQL: SHOW COLUMNS FROM `nav_middle_level` [ RunTime:0.0048s ]
SQL: SELECT * FROM `nav_middle_level` WHERE `high_id` = 34  [ RunTime:0.0002s ]
SQL: SHOW COLUMNS FROM `nav_high_level` [ RunTime:0.0040s ]
SQL: DELETE FROM `nav_high_level` WHERE `id` = 34 [ RunTime:0.0002s ]

[ 2019-10-18T18:47:40+08:00 ] ::1 /WebHome/index.php/Admin/HighLevel/delete/id/34.html
INFO: [ app_begin ] --START--
INFO: Run Behavior\ReadHtmlCacheBehavior [ RunTime:0.000419s ]
INFO: [ app_begin ] --END-- [ RunTime:0.000685s ]
SQL: SHOW COLUMNS FROM `nav_middle_level` [ RunTime:0.0163s ]
SQL: SELECT * FROM `nav_middle_level` WHERE `high_id` = 34  [ RunTime:0.0004s ]
SQL: SHOW COLUMNS FROM `nav_high_level` [ RunTime:0.0060s ]
SQL: DELETE FROM `nav_high_level` WHERE `id` = 34 [ RunTime:0.0003s ]

[ 2019-10-18T18:47:42+08:00 ] ::1 /WebHome/index.php/Admin/HighLevel/delete/id/52.html
INFO: [ app_begin ] --START--
INFO: Run Behavior\ReadHtmlCacheBehavior [ RunTime:0.000307s ]
INFO: [ app_begin ] --END-- [ RunTime:0.000571s ]
SQL: SHOW COLUMNS FROM `nav_middle_level` [ RunTime:0.1097s ]
SQL: SELECT * FROM `nav_middle_level` WHERE `high_id` = 52  [ RunTime:0.0004s ]
SQL: SHOW COLUMNS FROM `nav_high_level` [ RunTime:0.0050s ]
SQL: DELETE FROM `nav_high_level` WHERE `id` = 52 [ RunTime:0.0006s ]

[ 2019-10-18T18:47:48+08:00 ] ::1 /WebHome/index.php/Admin/HighLevel/delete/id/51.html
INFO: [ app_begin ] --START--
INFO: Run Behavior\ReadHtmlCacheBehavior [ RunTime:0.000329s ]
INFO: [ app_begin ] --END-- [ RunTime:0.000608s ]
SQL: SHOW COLUMNS FROM `nav_middle_level` [ RunTime:0.0048s ]
SQL: SELECT * FROM `nav_middle_level` WHERE `high_id` = 51  [ RunTime:0.0005s ]
SQL: SHOW COLUMNS FROM `nav_high_level` [ RunTime:0.0041s ]
SQL: DELETE FROM `nav_high_level` WHERE `id` = 51 [ RunTime:0.0003s ]

[ 2019-10-18T18:47:54+08:00 ] ::1 /WebHome/index.php/Admin/HighLevel/delete/id/41.html
INFO: [ app_begin ] --START--
INFO: Run Behavior\ReadHtmlCacheBehavior [ RunTime:0.005111s ]
INFO: [ app_begin ] --END-- [ RunTime:0.005368s ]
SQL: SHOW COLUMNS FROM `nav_middle_level` [ RunTime:0.0055s ]
SQL: SELECT * FROM `nav_middle_level` WHERE `high_id` = 41  [ RunTime:0.0004s ]
SQL: SHOW COLUMNS FROM `nav_high_level` [ RunTime:0.0049s ]
SQL: DELETE FROM `nav_high_level` WHERE `id` = 41 [ RunTime:0.0003s ]

[ 2019-10-18T18:48:00+08:00 ] ::1 /WebHome/index.php/Admin/HighLevel/delete/id/40.html
INFO: [ app_begin ] --START--
INFO: Run Behavior\ReadHtmlCacheBehavior [ RunTime:0.000310s ]
INFO: [ app_begin ] --END-- [ RunTime:0.000578s ]
SQL: SHOW COLUMNS FROM `nav_middle_level` [ RunTime:0.1093s ]
SQL: SELECT * FROM `nav_middle_level` WHERE `high_id` = 40  [ RunTime:0.0004s ]
SQL: SHOW COLUMNS FROM `nav_high_level` [ RunTime:0.0065s ]
SQL: DELETE FROM `nav_high_level` WHERE `id` = 40 [ RunTime:0.0003s ]

[ 2019-10-18T18:48:06+08:00 ] ::1 /WebHome/index.php/Admin/HighLevel/delete/id/44.html
INFO: [ app_begin ] --START--
INFO: Run Behavior\ReadHtmlCacheBehavior [ RunTime:0.000309s ]
INFO: [ app_begin ] --END-- [ RunTime:0.000581s ]
SQL: SHOW COLUMNS FROM `nav_middle_level` [ RunTime:0.0057s ]
SQL: SELECT * FROM `nav_middle_level` WHERE `high_id` = 44  [ RunTime:0.0003s ]
SQL: SHOW COLUMNS FROM `nav_high_level` [ RunTime:0.0050s ]
SQL: DELETE FROM `nav_high_level` WHERE `id` = 44 [ RunTime:0.0003s ]

[ 2019-10-18T18:48:14+08:00 ] ::1 /WebHome/index.php/Admin/HighLevel/delete/id/42.html
INFO: [ app_begin ] --START--
INFO: Run Behavior\ReadHtmlCacheBehavior [ RunTime:0.000311s ]
INFO: [ app_begin ] --END-- [ RunTime:0.000589s ]
SQL: SHOW COLUMNS FROM `nav_middle_level` [ RunTime:0.0058s ]
SQL: SELECT * FROM `nav_middle_level` WHERE `high_id` = 42  [ RunTime:0.0005s ]
SQL: SHOW COLUMNS FROM `nav_high_level` [ RunTime:0.0051s ]
SQL: DELETE FROM `nav_high_level` WHERE `id` = 42 [ RunTime:0.0004s ]

[ 2019-10-18T18:48:21+08:00 ] ::1 /WebHome/index.php/Admin/HighLevel/delete/id/37.html
INFO: [ app_begin ] --START--
INFO: Run Behavior\ReadHtmlCacheBehavior [ RunTime:0.000318s ]
INFO: [ app_begin ] --END-- [ RunTime:0.000596s ]
SQL: SHOW COLUMNS FROM `nav_middle_level` [ RunTime:0.0324s ]
SQL: SELECT * FROM `nav_middle_level` WHERE `high_id` = 37  [ RunTime:0.0003s ]
SQL: SHOW COLUMNS FROM `nav_high_level` [ RunTime:0.0054s ]
SQL: DELETE FROM `nav_high_level` WHERE `id` = 37 [ RunTime:0.0003s ]

[ 2019-10-18T18:48:29+08:00 ] ::1 /WebHome/index.php/Admin/HighLevel/delete/id/36.html
INFO: [ app_begin ] --START--
INFO: Run Behavior\ReadHtmlCacheBehavior [ RunTime:0.000356s ]
INFO: [ app_begin ] --END-- [ RunTime:0.000619s ]
SQL: SHOW COLUMNS FROM `nav_middle_level` [ RunTime:0.0058s ]
SQL: SELECT * FROM `nav_middle_level` WHERE `high_id` = 36  [ RunTime:0.0003s ]
SQL: SHOW COLUMNS FROM `nav_high_level` [ RunTime:0.0050s ]
SQL: DELETE FROM `nav_high_level` WHERE `id` = 36 [ RunTime:0.0002s ]

[ 2019-10-18T18:48:36+08:00 ] ::1 /WebHome/index.php/Admin/HighLevel/delete/id/35.html
INFO: [ app_begin ] --START--
INFO: Run Behavior\ReadHtmlCacheBehavior [ RunTime:0.000305s ]
INFO: [ app_begin ] --END-- [ RunTime:0.000571s ]
SQL: SHOW COLUMNS FROM `nav_middle_level` [ RunTime:0.0055s ]
SQL: SELECT * FROM `nav_middle_level` WHERE `high_id` = 35  [ RunTime:0.0004s ]
SQL: SHOW COLUMNS FROM `nav_high_level` [ RunTime:0.0051s ]
SQL: DELETE FROM `nav_high_level` WHERE `id` = 35 [ RunTime:0.0003s ]

[ 2019-10-18T18:48:42+08:00 ] ::1 /WebHome/index.php/Admin/HighLevel/delete/id/43.html
INFO: [ app_begin ] --START--
INFO: Run Behavior\ReadHtmlCacheBehavior [ RunTime:0.000370s ]
INFO: [ app_begin ] --END-- [ RunTime:0.004556s ]
SQL: SHOW COLUMNS FROM `nav_middle_level` [ RunTime:0.1066s ]
SQL: SELECT * FROM `nav_middle_level` WHERE `high_id` = 43  [ RunTime:0.0007s ]
SQL: SHOW COLUMNS FROM `nav_high_level` [ RunTime:0.0061s ]
SQL: DELETE FROM `nav_high_level` WHERE `id` = 43 [ RunTime:0.0004s ]

[ 2019-10-18T18:48:48+08:00 ] ::1 /WebHome/index.php/Admin/HighLevel/delete/id/45.html
INFO: [ app_begin ] --START--
INFO: Run Behavior\ReadHtmlCacheBehavior [ RunTime:0.000305s ]
INFO: [ app_begin ] --END-- [ RunTime:0.000573s ]
SQL: SHOW COLUMNS FROM `nav_middle_level` [ RunTime:0.0083s ]
SQL: SELECT * FROM `nav_middle_level` WHERE `high_id` = 45  [ RunTime:0.0004s ]
SQL: SHOW COLUMNS FROM `nav_high_level` [ RunTime:0.0049s ]
SQL: DELETE FROM `nav_high_level` WHERE `id` = 45 [ RunTime:0.0004s ]

[ 2019-10-18T18:48:54+08:00 ] ::1 /WebHome/index.php/Admin/HighLevel/delete/id/32.html
INFO: [ app_begin ] --START--
INFO: Run Behavior\ReadHtmlCacheBehavior [ RunTime:0.000332s ]
INFO: [ app_begin ] --END-- [ RunTime:0.000683s ]
SQL: SHOW COLUMNS FROM `nav_middle_level` [ RunTime:0.1148s ]
SQL: SELECT * FROM `nav_middle_level` WHERE `high_id` = 32  [ RunTime:0.0004s ]
SQL: SHOW COLUMNS FROM `nav_high_level` [ RunTime:0.0051s ]
SQL: DELETE FROM `nav_high_level` WHERE `id` = 32 [ RunTime:0.0004s ]

[ 2019-10-18T18:49:00+08:00 ] ::1 /WebHome/index.php/Admin/HighLevel/delete/id/39.html
INFO: [ app_begin ] --START--
INFO: Run Behavior\ReadHtmlCacheBehavior [ RunTime:0.000409s ]
INFO: [ app_begin ] --END-- [ RunTime:0.000669s ]
SQL: SHOW COLUMNS FROM `nav_middle_level` [ RunTime:0.1410s ]
SQL: SELECT * FROM `nav_middle_level` WHERE `high_id` = 39  [ RunTime:0.0003s ]
SQL: SHOW COLUMNS FROM `nav_high_level` [ RunTime:0.0063s ]
SQL: DELETE FROM `nav_high_level` WHERE `id` = 39 [ RunTime:0.0003s ]

[ 2019-10-18T18:49:06+08:00 ] ::1 /WebHome/index.php/Admin/HighLevel/delete/id/28.html
INFO: [ app_begin ] --START--
INFO: Run Behavior\ReadHtmlCacheBehavior [ RunTime:0.000459s ]
INFO: [ app_begin ] --END-- [ RunTime:0.000776s ]
SQL: SHOW COLUMNS FROM `nav_middle_level` [ RunTime:0.0050s ]
SQL: SELECT * FROM `nav_middle_level` WHERE `high_id` = 28  [ RunTime:0.0003s ]
SQL: SHOW COLUMNS FROM `nav_high_level` [ RunTime:0.0040s ]
SQL: DELETE FROM `nav_high_level` WHERE `id` = 28 [ RunTime:0.0003s ]

[ 2019-10-18T18:49:12+08:00 ] ::1 /WebHome/index.php/Admin/HighLevel/delete/id/29.html
INFO: [ app_begin ] --START--
INFO: Run Behavior\ReadHtmlCacheBehavior [ RunTime:0.000313s ]
INFO: [ app_begin ] --END-- [ RunTime:0.000588s ]
SQL: SHOW COLUMNS FROM `nav_middle_level` [ RunTime:0.0054s ]
SQL: SELECT * FROM `nav_middle_level` WHERE `high_id` = 29  [ RunTime:0.0003s ]
SQL: SHOW COLUMNS FROM `nav_high_level` [ RunTime:0.0049s ]
SQL: DELETE FROM `nav_high_level` WHERE `id` = 29 [ RunTime:0.0004s ]

[ 2019-10-18T18:49:18+08:00 ] ::1 /WebHome/index.php/Admin/HighLevel/delete/id/53.html
INFO: [ app_begin ] --START--
INFO: Run Behavior\ReadHtmlCacheBehavior [ RunTime:0.000325s ]
INFO: [ app_begin ] --END-- [ RunTime:0.000597s ]
SQL: SHOW COLUMNS FROM `nav_middle_level` [ RunTime:0.0048s ]
SQL: SELECT * FROM `nav_middle_level` WHERE `high_id` = 53  [ RunTime:0.0004s ]
SQL: SHOW COLUMNS FROM `nav_high_level` [ RunTime:0.0048s ]
SQL: DELETE FROM `nav_high_level` WHERE `id` = 53 [ RunTime:0.0004s ]

[ 2019-10-18T18:49:24+08:00 ] ::1 /WebHome/index.php/Admin/HighLevel/delete/id/26.html
INFO: [ app_begin ] --START--
INFO: Run Behavior\ReadHtmlCacheBehavior [ RunTime:0.000376s ]
INFO: [ app_begin ] --END-- [ RunTime:0.000809s ]
SQL: SHOW COLUMNS FROM `nav_middle_level` [ RunTime:0.0053s ]
SQL: SELECT * FROM `nav_middle_level` WHERE `high_id` = 26  [ RunTime:0.0003s ]
SQL: SHOW COLUMNS FROM `nav_high_level` [ RunTime:0.0045s ]
SQL: DELETE FROM `nav_high_level` WHERE `id` = 26 [ RunTime:0.0005s ]

[ 2019-10-18T18:49:32+08:00 ] ::1 /WebHome/index.php/Admin/HighLevel/delete/id/31.html
INFO: [ app_begin ] --START--
INFO: Run Behavior\ReadHtmlCacheBehavior [ RunTime:0.000306s ]
INFO: [ app_begin ] --END-- [ RunTime:0.000575s ]
SQL: SHOW COLUMNS FROM `nav_middle_level` [ RunTime:0.0046s ]
SQL: SELECT * FROM `nav_middle_level` WHERE `high_id` = 31  [ RunTime:0.0003s ]
SQL: SHOW COLUMNS FROM `nav_high_level` [ RunTime:0.0350s ]
SQL: DELETE FROM `nav_high_level` WHERE `id` = 31 [ RunTime:0.0005s ]

[ 2019-10-18T18:49:39+08:00 ] ::1 /WebHome/index.php/Admin/HighLevel/delete/id/25.html
INFO: [ app_begin ] --START--
INFO: Run Behavior\ReadHtmlCacheBehavior [ RunTime:0.000321s ]
INFO: [ app_begin ] --END-- [ RunTime:0.000586s ]
SQL: SHOW COLUMNS FROM `nav_middle_level` [ RunTime:0.0055s ]
SQL: SELECT * FROM `nav_middle_level` WHERE `high_id` = 25  [ RunTime:0.0004s ]
SQL: SHOW COLUMNS FROM `nav_high_level` [ RunTime:0.0051s ]
SQL: DELETE FROM `nav_high_level` WHERE `id` = 25 [ RunTime:0.0004s ]

[ 2019-10-18T18:49:47+08:00 ] ::1 /WebHome/index.php/Admin/HighLevel/delete/id/33.html
INFO: [ app_begin ] --START--
INFO: Run Behavior\ReadHtmlCacheBehavior [ RunTime:0.000304s ]
INFO: [ app_begin ] --END-- [ RunTime:0.000576s ]
SQL: SHOW COLUMNS FROM `nav_middle_level` [ RunTime:0.0347s ]
SQL: SELECT * FROM `nav_middle_level` WHERE `high_id` = 33  [ RunTime:0.0004s ]
SQL: SHOW COLUMNS FROM `nav_high_level` [ RunTime:0.0053s ]
SQL: DELETE FROM `nav_high_level` WHERE `id` = 33 [ RunTime:0.0004s ]

[ 2019-10-18T18:50:06+08:00 ] ::1 /WebHome/index.php/Admin/HighLevel/delete/id/24.html
INFO: [ app_begin ] --START--
INFO: Run Behavior\ReadHtmlCacheBehavior [ RunTime:0.000432s ]
INFO: [ app_begin ] --END-- [ RunTime:0.000690s ]
SQL: SHOW COLUMNS FROM `nav_middle_level` [ RunTime:0.0054s ]
SQL: SELECT * FROM `nav_middle_level` WHERE `high_id` = 24  [ RunTime:0.0005s ]
SQL: SHOW COLUMNS FROM `nav_high_level` [ RunTime:0.0049s ]
SQL: DELETE FROM `nav_high_level` WHERE `id` = 24 [ RunTime:0.0004s ]

[ 2019-10-18T18:50:13+08:00 ] ::1 /WebHome/index.php/Admin/HighLevel/delete/id/22.html
INFO: [ app_begin ] --START--
INFO: Run Behavior\ReadHtmlCacheBehavior [ RunTime:0.000307s ]
INFO: [ app_begin ] --END-- [ RunTime:0.000577s ]
SQL: SHOW COLUMNS FROM `nav_middle_level` [ RunTime:0.1133s ]
SQL: SELECT * FROM `nav_middle_level` WHERE `high_id` = 22  [ RunTime:0.0004s ]
SQL: SHOW COLUMNS FROM `nav_high_level` [ RunTime:0.0045s ]
SQL: DELETE FROM `nav_high_level` WHERE `id` = 22 [ RunTime:0.0004s ]

[ 2019-10-18T18:50:26+08:00 ] ::1 /WebHome/index.php/Admin/HighLevel/delete/id/21.html
INFO: [ app_begin ] --START--
INFO: Run Behavior\ReadHtmlCacheBehavior [ RunTime:0.000437s ]
INFO: [ app_begin ] --END-- [ RunTime:0.000709s ]
SQL: SHOW COLUMNS FROM `nav_middle_level` [ RunTime:0.0066s ]
SQL: SELECT * FROM `nav_middle_level` WHERE `high_id` = 21  [ RunTime:0.0003s ]
SQL: SHOW COLUMNS FROM `nav_high_level` [ RunTime:0.0045s ]
SQL: DELETE FROM `nav_high_level` WHERE `id` = 21 [ RunTime:0.0002s ]

[ 2019-10-18T18:50:27+08:00 ] ::1 /WebHome/index.php/Admin/HighLevel/delete/id/21.html
INFO: [ app_begin ] --START--
INFO: Run Behavior\ReadHtmlCacheBehavior [ RunTime:0.000424s ]
INFO: [ app_begin ] --END-- [ RunTime:0.000690s ]
SQL: SHOW COLUMNS FROM `nav_middle_level` [ RunTime:0.0056s ]
SQL: SELECT * FROM `nav_middle_level` WHERE `high_id` = 21  [ RunTime:0.0004s ]
SQL: SHOW COLUMNS FROM `nav_high_level` [ RunTime:0.0046s ]
SQL: DELETE FROM `nav_high_level` WHERE `id` = 21 [ RunTime:0.0003s ]

[ 2019-10-18T18:50:47+08:00 ] ::1 /WebHome/index.php/Admin/HighLevel/delete/id/20.html
INFO: [ app_begin ] --START--
INFO: Run Behavior\ReadHtmlCacheBehavior [ RunTime:0.001253s ]
INFO: [ app_begin ] --END-- [ RunTime:0.001532s ]
SQL: SHOW COLUMNS FROM `nav_middle_level` [ RunTime:0.0212s ]
SQL: SELECT * FROM `nav_middle_level` WHERE `high_id` = 20  [ RunTime:0.0005s ]
SQL: SHOW COLUMNS FROM `nav_high_level` [ RunTime:0.0043s ]
SQL: DELETE FROM `nav_high_level` WHERE `id` = 20 [ RunTime:0.0003s ]

